#
# There is insufficient memory for the Java Runtime Environment to continue.
# Native memory allocation (mmap) failed to map 17825792 bytes for G1 virtual space
# Possible reasons:
#   The system is out of physical RAM or swap space
#   The process is running with CompressedOops enabled, and the Java Heap may be blocking the growth of the native heap
# Possible solutions:
#   Reduce memory load on the system
#   Increase physical memory or swap space
#   Check if swap backing store is full
#   Decrease Java heap size (-Xmx/-Xms)
#   Decrease number of Java threads
#   Decrease Java thread stack sizes (-Xss)
#   Set larger code cache with -XX:ReservedCodeCacheSize=
#   JVM is running with Unscaled Compressed Oops mode in which the Java heap is
#     placed in the first 4GB address space. The Java Heap base address is the
#     maximum limit for the native heap growth. Please use -XX:HeapBaseMinAddress
#     to set the Java Heap base and to place the Java Heap above 4GB virtual address.
# This output file may be truncated or incomplete.
#
#  Out of Memory Error (os_windows.cpp:3771), pid=19288, tid=10424
#
# JRE version: OpenJDK Runtime Environment (17.0.7) (build 17.0.7+0-b2043.56-10550314)
# Java VM: OpenJDK 64-Bit Server VM (17.0.7+0-b2043.56-10550314, mixed mode, tiered, compressed oops, compressed class ptrs, g1 gc, windows-amd64)
# No core dump will be written. Minidumps are not enabled by default on client versions of Windows
#

---------------  S U M M A R Y ------------

Command Line: --add-opens=java.base/java.util=ALL-UNNAMED --add-opens=java.base/java.lang=ALL-UNNAMED --add-opens=java.base/java.lang.invoke=ALL-UNNAMED --add-opens=java.prefs/java.util.prefs=ALL-UNNAMED --add-opens=java.base/java.nio.charset=ALL-UNNAMED --add-opens=java.base/java.net=ALL-UNNAMED --add-opens=java.base/java.util.concurrent.atomic=ALL-UNNAMED -Xmx2048m -Dfile.encoding=UTF-8 -Duser.country=TR -Duser.language=tr -Duser.variant -javaagent:C:\Users\james\.gradle\wrapper\dists\gradle-8.2-bin\bbg7u40eoinfdyxsxr3z4i7ta\gradle-8.2\lib\agents\gradle-instrumentation-agent-8.2.jar org.gradle.launcher.daemon.bootstrap.GradleDaemon 8.2

Host: AMD Ryzen 5 3500U with Radeon Vega Mobile Gfx  , 8 cores, 6G,  Windows 10 , 64 bit Build 19041 (10.0.19041.3393)
Time: Sun Mar 17 17:24:15 2024 Türkiye Standart Saati elapsed time: 17.730616 seconds (0d 0h 0m 17s)

---------------  T H R E A D  ---------------

Current thread (0x000001f2db905d40):  VMThread "VM Thread" [stack: 0x00000006a2f00000,0x00000006a3000000] [id=10424]

Stack: [0x00000006a2f00000,0x00000006a3000000]
Native frames: (J=compiled Java code, j=interpreted, Vv=VM code, C=native code)
V  [jvm.dll+0x683bfa]
V  [jvm.dll+0x8430a4]
V  [jvm.dll+0x8449be]
V  [jvm.dll+0x845023]
V  [jvm.dll+0x24ad2f]
V  [jvm.dll+0x680ac9]
V  [jvm.dll+0x67519a]
V  [jvm.dll+0x30b3cb]
V  [jvm.dll+0x312876]
V  [jvm.dll+0x36221e]
V  [jvm.dll+0x36244f]
V  [jvm.dll+0x2e14a8]
V  [jvm.dll+0x2e4596]
V  [jvm.dll+0x2eed58]
V  [jvm.dll+0x323a40]
V  [jvm.dll+0x8496eb]
V  [jvm.dll+0x84a424]
V  [jvm.dll+0x84a93d]
V  [jvm.dll+0x84ad14]
V  [jvm.dll+0x84ade0]
V  [jvm.dll+0x7f2aea]
V  [jvm.dll+0x682a35]
C  [ucrtbase.dll+0x21bb2]
C  [KERNEL32.DLL+0x17344]
C  [ntdll.dll+0x526b1]

VM_Operation (0x00000006a2bff4e0): G1Concurrent, mode: safepoint, requested by thread 0x000001f2c1c38cb0


---------------  P R O C E S S  ---------------

Threads class SMR info:
_java_thread_list=0x000001f2e06ff750, length=54, elements={
0x000001f2c1bd0540, 0x000001f2db90bd60, 0x000001f2db90d3c0, 0x000001f2db92f190,
0x000001f2db956f30, 0x000001f2db9577f0, 0x000001f2db958850, 0x000001f2db95e020,
0x000001f2db95e9d0, 0x000001f2dbbaffc0, 0x000001f2dbc63b60, 0x000001f2dbe297d0,
0x000001f2e16ac570, 0x000001f2e0813140, 0x000001f2e10b9080, 0x000001f2e1bc9030,
0x000001f2e13781e0, 0x000001f2e138cc50, 0x000001f2e138d120, 0x000001f2e1d213a0,
0x000001f2e1d20530, 0x000001f2e1d20060, 0x000001f2e1d21870, 0x000001f2e1d20a00,
0x000001f2e1d20ed0, 0x000001f2e2d54ae0, 0x000001f2e2d54140, 0x000001f2e2d54fb0,
0x000001f2e2d52e00, 0x000001f2e2d532d0, 0x000001f2e2d54610, 0x000001f2e2d55480,
0x000001f2e2d55950, 0x000001f2e2d55e20, 0x000001f2e2d52460, 0x000001f2e2fa48c0,
0x000001f2e2fa60d0, 0x000001f2e2fa3f20, 0x000001f2e2fa65a0, 0x000001f2e2fa4d90,
0x000001f2e2faa430, 0x000001f2e2fa5260, 0x000001f2e2fa8280, 0x000001f2e2fa5730,
0x000001f2e2fa6a70, 0x000001f2e2fa6f40, 0x000001f2e2fa7410, 0x000001f2e2fa43f0,
0x000001f2e2fa78e0, 0x000001f2e2fa7db0, 0x000001f2e2faa900, 0x000001f2e456b910,
0x000001f2e2fa8750, 0x000001f2e2fa90f0
}

Java Threads: ( => current thread )
  0x000001f2c1bd0540 JavaThread "main" [_thread_blocked, id=416, stack(0x00000006a2900000,0x00000006a2a00000)]
  0x000001f2db90bd60 JavaThread "Reference Handler" daemon [_thread_blocked, id=15032, stack(0x00000006a3000000,0x00000006a3100000)]
  0x000001f2db90d3c0 JavaThread "Finalizer" daemon [_thread_blocked, id=16708, stack(0x00000006a3100000,0x00000006a3200000)]
  0x000001f2db92f190 JavaThread "Signal Dispatcher" daemon [_thread_blocked, id=588, stack(0x00000006a3200000,0x00000006a3300000)]
  0x000001f2db956f30 JavaThread "Attach Listener" daemon [_thread_blocked, id=13552, stack(0x00000006a3300000,0x00000006a3400000)]
  0x000001f2db9577f0 JavaThread "Service Thread" daemon [_thread_blocked, id=7120, stack(0x00000006a3400000,0x00000006a3500000)]
  0x000001f2db958850 JavaThread "Monitor Deflation Thread" daemon [_thread_blocked, id=8716, stack(0x00000006a3500000,0x00000006a3600000)]
  0x000001f2db95e020 JavaThread "C2 CompilerThread0" daemon [_thread_blocked, id=19296, stack(0x00000006a3600000,0x00000006a3700000)]
  0x000001f2db95e9d0 JavaThread "C1 CompilerThread0" daemon [_thread_blocked, id=9328, stack(0x00000006a3700000,0x00000006a3800000)]
  0x000001f2dbbaffc0 JavaThread "Sweeper thread" daemon [_thread_blocked, id=14152, stack(0x00000006a3800000,0x00000006a3900000)]
  0x000001f2dbc63b60 JavaThread "Common-Cleaner" daemon [_thread_blocked, id=9264, stack(0x00000006a3900000,0x00000006a3a00000)]
  0x000001f2dbe297d0 JavaThread "Notification Thread" daemon [_thread_blocked, id=5016, stack(0x00000006a3a00000,0x00000006a3b00000)]
  0x000001f2e16ac570 JavaThread "Daemon health stats" [_thread_blocked, id=6432, stack(0x00000006a4100000,0x00000006a4200000)]
  0x000001f2e0813140 JavaThread "Incoming local TCP Connector on port 55473" [_thread_in_native, id=13068, stack(0x00000006a3f00000,0x00000006a4000000)]
  0x000001f2e10b9080 JavaThread "Daemon periodic checks" [_thread_blocked, id=6952, stack(0x00000006a4200000,0x00000006a4300000)]
  0x000001f2e1bc9030 JavaThread "Daemon" [_thread_blocked, id=13260, stack(0x00000006a4300000,0x00000006a4400000)]
  0x000001f2e13781e0 JavaThread "Handler for socket connection from /127.0.0.1:55473 to /127.0.0.1:55474" [_thread_in_native, id=10804, stack(0x00000006a4400000,0x00000006a4500000)]
  0x000001f2e138cc50 JavaThread "Cancel handler" [_thread_blocked, id=16392, stack(0x00000006a4500000,0x00000006a4600000)]
  0x000001f2e138d120 JavaThread "Daemon worker" [_thread_blocked, id=9168, stack(0x00000006a4600000,0x00000006a4700000)]
  0x000001f2e1d213a0 JavaThread "Asynchronous log dispatcher for DefaultDaemonConnection: socket connection from /127.0.0.1:55473 to /127.0.0.1:55474" [_thread_blocked, id=2716, stack(0x00000006a4700000,0x00000006a4800000)]
  0x000001f2e1d20530 JavaThread "Stdin handler" [_thread_blocked, id=8476, stack(0x00000006a4800000,0x00000006a4900000)]
  0x000001f2e1d20060 JavaThread "Daemon client event forwarder" [_thread_blocked, id=2016, stack(0x00000006a4900000,0x00000006a4a00000)]
  0x000001f2e1d21870 JavaThread "Cache worker for journal cache (C:\Users\james\.gradle\caches\journal-1)" [_thread_blocked, id=9524, stack(0x00000006a4e00000,0x00000006a4f00000)]
  0x000001f2e1d20a00 JavaThread "File lock request listener" [_thread_in_native, id=12064, stack(0x00000006a4f00000,0x00000006a5000000)]
  0x000001f2e1d20ed0 JavaThread "Cache worker for file hash cache (C:\Users\james\.gradle\caches\8.2\fileHashes)" [_thread_blocked, id=13192, stack(0x00000006a5000000,0x00000006a5100000)]
  0x000001f2e2d54ae0 JavaThread "File watcher server" daemon [_thread_in_native, id=7856, stack(0x00000006a5100000,0x00000006a5200000)]
  0x000001f2e2d54140 JavaThread "File watcher consumer" daemon [_thread_blocked, id=8396, stack(0x00000006a5200000,0x00000006a5300000)]
  0x000001f2e2d54fb0 JavaThread "Cache worker for checksums cache (D:\TaskFour\.gradle\8.2\checksums)" [_thread_blocked, id=8676, stack(0x00000006a5300000,0x00000006a5400000)]
  0x000001f2e2d52e00 JavaThread "Cache worker for cache directory md-rule (C:\Users\james\.gradle\caches\8.2\md-rule)" [_thread_blocked, id=19468, stack(0x00000006a5400000,0x00000006a5500000)]
  0x000001f2e2d532d0 JavaThread "Cache worker for file content cache (C:\Users\james\.gradle\caches\8.2\fileContent)" [_thread_blocked, id=18060, stack(0x00000006a5500000,0x00000006a5600000)]
  0x000001f2e2d54610 JavaThread "Cache worker for file hash cache (D:\TaskFour\.gradle\8.2\fileHashes)" [_thread_blocked, id=18148, stack(0x00000006a5600000,0x00000006a5700000)]
  0x000001f2e2d55480 JavaThread "Cache worker for cache directory md-supplier (C:\Users\james\.gradle\caches\8.2\md-supplier)" [_thread_blocked, id=16420, stack(0x00000006a5700000,0x00000006a5800000)]
  0x000001f2e2d55950 JavaThread "Cache worker for execution history cache (C:\Users\james\.gradle\caches\8.2\executionHistory)" [_thread_blocked, id=19360, stack(0x00000006a5800000,0x00000006a5900000)]
  0x000001f2e2d55e20 JavaThread "jar transforms" [_thread_blocked, id=20336, stack(0x00000006a5a00000,0x00000006a5b00000)]
  0x000001f2e2d52460 JavaThread "jar transforms Thread 2" [_thread_blocked, id=20020, stack(0x00000006a5b00000,0x00000006a5c00000)]
  0x000001f2e2fa48c0 JavaThread "Cache worker for kotlin-dsl (C:\Users\james\.gradle\caches\8.2\kotlin-dsl)" [_thread_blocked, id=9160, stack(0x00000006a5c00000,0x00000006a5d00000)]
  0x000001f2e2fa60d0 JavaThread "jar transforms Thread 3" [_thread_blocked, id=15988, stack(0x00000006a5d00000,0x00000006a5e00000)]
  0x000001f2e2fa3f20 JavaThread "jar transforms Thread 4" [_thread_blocked, id=15696, stack(0x00000006a5e00000,0x00000006a5f00000)]
  0x000001f2e2fa65a0 JavaThread "jar transforms Thread 5" [_thread_blocked, id=18116, stack(0x00000006a5f00000,0x00000006a6000000)]
  0x000001f2e2fa4d90 JavaThread "jar transforms Thread 6" [_thread_blocked, id=17032, stack(0x00000006a6000000,0x00000006a6100000)]
  0x000001f2e2faa430 JavaThread "Cache worker for dependencies-accessors (D:\TaskFour\.gradle\8.2\dependencies-accessors)" [_thread_blocked, id=2876, stack(0x00000006a6100000,0x00000006a6200000)]
  0x000001f2e2fa5260 JavaThread "Cache worker for Build Output Cleanup Cache (D:\TaskFour\.gradle\buildOutputCleanup)" [_thread_blocked, id=18400, stack(0x00000006a6200000,0x00000006a6300000)]
  0x000001f2e2fa8280 JavaThread "jar transforms Thread 7" [_thread_blocked, id=8164, stack(0x00000006a6300000,0x00000006a6400000)]
  0x000001f2e2fa5730 JavaThread "jar transforms Thread 8" [_thread_blocked, id=9612, stack(0x00000006a6400000,0x00000006a6500000)]
  0x000001f2e2fa6a70 JavaThread "Unconstrained build operations" [_thread_blocked, id=1804, stack(0x00000006a6500000,0x00000006a6600000)]
  0x000001f2e2fa6f40 JavaThread "Unconstrained build operations Thread 2" [_thread_blocked, id=3136, stack(0x00000006a6600000,0x00000006a6700000)]
  0x000001f2e2fa7410 JavaThread "Unconstrained build operations Thread 3" [_thread_blocked, id=9056, stack(0x00000006a6700000,0x00000006a6800000)]
  0x000001f2e2fa43f0 JavaThread "Unconstrained build operations Thread 4" [_thread_blocked, id=17340, stack(0x00000006a6800000,0x00000006a6900000)]
  0x000001f2e2fa78e0 JavaThread "Unconstrained build operations Thread 5" [_thread_blocked, id=3612, stack(0x00000006a6900000,0x00000006a6a00000)]
  0x000001f2e2fa7db0 JavaThread "Unconstrained build operations Thread 6" [_thread_blocked, id=17872, stack(0x00000006a6a00000,0x00000006a6b00000)]
  0x000001f2e2faa900 JavaThread "Unconstrained build operations Thread 7" [_thread_blocked, id=16540, stack(0x00000006a6b00000,0x00000006a6c00000)]
  0x000001f2e456b910 JavaThread "C2 CompilerThread1" daemon [_thread_in_native, id=8596, stack(0x00000006a6c00000,0x00000006a6d00000)]
  0x000001f2e2fa8750 JavaThread "build event listener" [_thread_blocked, id=15984, stack(0x00000006a6d00000,0x00000006a6e00000)]
  0x000001f2e2fa90f0 JavaThread "Memory manager" [_thread_blocked, id=15816, stack(0x00000006a6e00000,0x00000006a6f00000)]

Other Threads:
=>0x000001f2db905d40 VMThread "VM Thread" [stack: 0x00000006a2f00000,0x00000006a3000000] [id=10424]
  0x000001f2dbe4a890 WatcherThread [stack: 0x00000006a3b00000,0x00000006a3c00000] [id=5332]
  0x000001f2c1c276c0 GCTaskThread "GC Thread#0" [stack: 0x00000006a2a00000,0x00000006a2b00000] [id=16084]
  0x000001f2e0c8ba30 GCTaskThread "GC Thread#1" [stack: 0x00000006a3c00000,0x00000006a3d00000] [id=3776]
  0x000001f2e07584a0 GCTaskThread "GC Thread#2" [stack: 0x00000006a3d00000,0x00000006a3e00000] [id=6736]
  0x000001f2e0c29c20 GCTaskThread "GC Thread#3" [stack: 0x00000006a3e00000,0x00000006a3f00000] [id=3672]
  0x000001f2e0de4a10 GCTaskThread "GC Thread#4" [stack: 0x00000006a4000000,0x00000006a4100000] [id=20224]
  0x000001f2e17b5820 GCTaskThread "GC Thread#5" [stack: 0x00000006a4a00000,0x00000006a4b00000] [id=13704]
  0x000001f2e138d5f0 GCTaskThread "GC Thread#6" [stack: 0x00000006a4b00000,0x00000006a4c00000] [id=13388]
  0x000001f2e1e033d0 GCTaskThread "GC Thread#7" [stack: 0x00000006a4c00000,0x00000006a4d00000] [id=12700]
  0x000001f2c1c38cb0 ConcurrentGCThread "G1 Main Marker" [stack: 0x00000006a2b00000,0x00000006a2c00000] [id=2584]
  0x000001f2c1c395d0 ConcurrentGCThread "G1 Conc#0" [stack: 0x00000006a2c00000,0x00000006a2d00000] [id=18832]
  0x000001f2e23f06d0 ConcurrentGCThread "G1 Conc#1" [stack: 0x00000006a4d00000,0x00000006a4e00000] [id=6516]
  0x000001f2c1c9e750 ConcurrentGCThread "G1 Refine#0" [stack: 0x00000006a2d00000,0x00000006a2e00000] [id=14724]
  0x000001f2e171bce0 ConcurrentGCThread "G1 Refine#1" [stack: 0x00000006a5900000,0x00000006a5a00000] [id=12192]
  0x000001f2db772200 ConcurrentGCThread "G1 Service" [stack: 0x00000006a2e00000,0x00000006a2f00000] [id=19000]

Threads with active compile tasks:
C2 CompilerThread0    17776 6689   !   4       java.util.jar.Attributes::read (494 bytes)
C2 CompilerThread1    17776 6658       4       org.objectweb.asm.Frame::execute (2318 bytes)

VM state: at safepoint (normal execution)

VM Mutex/Monitor currently owned by a thread:  ([mutex/lock_event])
[0x000001f2c1bcb410] Threads_lock - owner thread: 0x000001f2db905d40
[0x000001f2c1bcb0b0] Heap_lock - owner thread: 0x000001f2c1c38cb0

Heap address: 0x0000000080000000, size: 2048 MB, Compressed Oops mode: 32-bit

CDS archive(s) not mapped
Compressed class space mapped at: 0x0000000100000000-0x0000000140000000, reserved size: 1073741824
Narrow klass base: 0x0000000000000000, Narrow klass shift: 3, Narrow klass range: 0x140000000

GC Precious Log:
 CPUs: 8 total, 8 available
 Memory: 7103M
 Large Page Support: Disabled
 NUMA Support: Disabled
 Compressed Oops: Enabled (32-bit)
 Heap Region Size: 1M
 Heap Min Capacity: 8M
 Heap Initial Capacity: 112M
 Heap Max Capacity: 2G
 Pre-touch: Disabled
 Parallel Workers: 8
 Concurrent Workers: 2
 Concurrent Refinement Workers: 8
 Periodic GC: Disabled

Heap:
 garbage-first heap   total 114688K, used 76526K [0x0000000080000000, 0x0000000100000000)
  region size 1024K, 12 young (12288K), 3 survivors (3072K)
 Metaspace       used 70024K, committed 70656K, reserved 1114112K
  class space    used 9825K, committed 10112K, reserved 1048576K

Heap Regions: E=young(eden), S=young(survivor), O=old, HS=humongous(starts), HC=humongous(continues), CS=collection set, F=free, OA=open archive, CA=closed archive, TAMS=top-at-mark-start (previous, next)
|   0|0x0000000080000000, 0x0000000080100000, 0x0000000080100000|100%|HS|  |TAMS 0x0000000080100000, 0x0000000080000000| Complete 
|   1|0x0000000080100000, 0x0000000080200000, 0x0000000080200000|100%|HC|  |TAMS 0x0000000080200000, 0x0000000080100000| Complete 
|   2|0x0000000080200000, 0x0000000080300000, 0x0000000080300000|100%|HC|  |TAMS 0x0000000080300000, 0x0000000080200000| Complete 
|   3|0x0000000080300000, 0x0000000080400000, 0x0000000080400000|100%|HC|  |TAMS 0x0000000080400000, 0x0000000080300000| Complete 
|   4|0x0000000080400000, 0x0000000080500000, 0x0000000080500000|100%| O|  |TAMS 0x0000000080500000, 0x0000000080400000| Untracked 
|   5|0x0000000080500000, 0x0000000080600000, 0x0000000080600000|100%| O|  |TAMS 0x0000000080600000, 0x0000000080500000| Untracked 
|   6|0x0000000080600000, 0x0000000080700000, 0x0000000080700000|100%| O|  |TAMS 0x0000000080700000, 0x0000000080600000| Untracked 
|   7|0x0000000080700000, 0x0000000080800000, 0x0000000080800000|100%| O|  |TAMS 0x0000000080800000, 0x0000000080700000| Updating 
|   8|0x0000000080800000, 0x0000000080900000, 0x0000000080900000|100%| O|  |TAMS 0x0000000080900000, 0x0000000080800000| Untracked 
|   9|0x0000000080900000, 0x0000000080a00000, 0x0000000080a00000|100%| O|  |TAMS 0x0000000080a00000, 0x0000000080900000| Untracked 
|  10|0x0000000080a00000, 0x0000000080a50000, 0x0000000080b00000| 31%| O|  |TAMS 0x0000000080a50000, 0x0000000080a00000| Updating 
|  11|0x0000000080b00000, 0x0000000080c00000, 0x0000000080c00000|100%| O|  |TAMS 0x0000000080c00000, 0x0000000080b00000| Untracked 
|  12|0x0000000080c00000, 0x0000000080d00000, 0x0000000080d00000|100%| O|  |TAMS 0x0000000080d00000, 0x0000000080c00000| Untracked 
|  13|0x0000000080d00000, 0x0000000080e00000, 0x0000000080e00000|100%| O|  |TAMS 0x0000000080e00000, 0x0000000080d00000| Untracked 
|  14|0x0000000080e00000, 0x0000000080f00000, 0x0000000080f00000|100%| O|  |TAMS 0x0000000080f00000, 0x0000000080e00000| Untracked 
|  15|0x0000000080f00000, 0x0000000081000000, 0x0000000081000000|100%| O|  |TAMS 0x0000000081000000, 0x0000000080f00000| Untracked 
|  16|0x0000000081000000, 0x0000000081100000, 0x0000000081100000|100%| O|  |TAMS 0x0000000081100000, 0x0000000081000000| Untracked 
|  17|0x0000000081100000, 0x0000000081200000, 0x0000000081200000|100%| O|  |TAMS 0x0000000081200000, 0x0000000081100000| Untracked 
|  18|0x0000000081200000, 0x0000000081300000, 0x0000000081300000|100%| O|  |TAMS 0x0000000081300000, 0x0000000081200000| Untracked 
|  19|0x0000000081300000, 0x0000000081400000, 0x0000000081400000|100%| O|  |TAMS 0x0000000081400000, 0x0000000081300000| Untracked 
|  20|0x0000000081400000, 0x0000000081500000, 0x0000000081500000|100%| O|  |TAMS 0x0000000081500000, 0x0000000081400000| Untracked 
|  21|0x0000000081500000, 0x0000000081600000, 0x0000000081600000|100%| O|  |TAMS 0x0000000081600000, 0x0000000081500000| Untracked 
|  22|0x0000000081600000, 0x0000000081700000, 0x0000000081700000|100%| O|  |TAMS 0x0000000081700000, 0x0000000081600000| Untracked 
|  23|0x0000000081700000, 0x0000000081800000, 0x0000000081800000|100%| O|  |TAMS 0x0000000081800000, 0x0000000081700000| Updating 
|  24|0x0000000081800000, 0x0000000081900000, 0x0000000081900000|100%| O|  |TAMS 0x0000000081900000, 0x0000000081800000| Untracked 
|  25|0x0000000081900000, 0x0000000081a00000, 0x0000000081a00000|100%| O|  |TAMS 0x0000000081a00000, 0x0000000081900000| Untracked 
|  26|0x0000000081a00000, 0x0000000081b00000, 0x0000000081b00000|100%| O|  |TAMS 0x0000000081b00000, 0x0000000081a00000| Untracked 
|  27|0x0000000081b00000, 0x0000000081c00000, 0x0000000081c00000|100%| O|  |TAMS 0x0000000081c00000, 0x0000000081b00000| Updating 
|  28|0x0000000081c00000, 0x0000000081d00000, 0x0000000081d00000|100%| O|  |TAMS 0x0000000081d00000, 0x0000000081c00000| Untracked 
|  29|0x0000000081d00000, 0x0000000081e00000, 0x0000000081e00000|100%| O|  |TAMS 0x0000000081e00000, 0x0000000081d00000| Untracked 
|  30|0x0000000081e00000, 0x0000000081f00000, 0x0000000081f00000|100%| O|  |TAMS 0x0000000081f00000, 0x0000000081e00000| Untracked 
|  31|0x0000000081f00000, 0x0000000082000000, 0x0000000082000000|100%| O|  |TAMS 0x0000000082000000, 0x0000000081f00000| Untracked 
|  32|0x0000000082000000, 0x0000000082100000, 0x0000000082100000|100%| O|  |TAMS 0x0000000082100000, 0x0000000082000000| Untracked 
|  33|0x0000000082100000, 0x0000000082200000, 0x0000000082200000|100%| O|  |TAMS 0x0000000082200000, 0x0000000082100000| Untracked 
|  34|0x0000000082200000, 0x0000000082300000, 0x0000000082300000|100%| O|  |TAMS 0x0000000082300000, 0x0000000082200000| Untracked 
|  35|0x0000000082300000, 0x0000000082400000, 0x0000000082400000|100%| O|  |TAMS 0x0000000082400000, 0x0000000082300000| Untracked 
|  36|0x0000000082400000, 0x0000000082500000, 0x0000000082500000|100%| O|  |TAMS 0x0000000082500000, 0x0000000082400000| Untracked 
|  37|0x0000000082500000, 0x0000000082600000, 0x0000000082600000|100%| O|  |TAMS 0x0000000082600000, 0x0000000082500000| Untracked 
|  38|0x0000000082600000, 0x0000000082700000, 0x0000000082700000|100%| O|  |TAMS 0x0000000082700000, 0x0000000082600000| Updating 
|  39|0x0000000082700000, 0x0000000082800000, 0x0000000082800000|100%|HS|  |TAMS 0x0000000082800000, 0x0000000082700000| Complete 
|  40|0x0000000082800000, 0x0000000082900000, 0x0000000082900000|100%|HS|  |TAMS 0x0000000082900000, 0x0000000082800000| Complete 
|  41|0x0000000082900000, 0x0000000082a00000, 0x0000000082a00000|100%|HS|  |TAMS 0x0000000082a00000, 0x0000000082900000| Complete 
|  42|0x0000000082a00000, 0x0000000082b00000, 0x0000000082b00000|100%|HC|  |TAMS 0x0000000082b00000, 0x0000000082a00000| Complete 
|  43|0x0000000082b00000, 0x0000000082c00000, 0x0000000082c00000|100%|HS|  |TAMS 0x0000000082c00000, 0x0000000082b00000| Complete 
|  44|0x0000000082c00000, 0x0000000082d00000, 0x0000000082d00000|100%|HC|  |TAMS 0x0000000082d00000, 0x0000000082c00000| Complete 
|  45|0x0000000082d00000, 0x0000000082e00000, 0x0000000082e00000|100%|HS|  |TAMS 0x0000000082e00000, 0x0000000082d00000| Complete 
|  46|0x0000000082e00000, 0x0000000082f00000, 0x0000000082f00000|100%| O|  |TAMS 0x0000000082f00000, 0x0000000082e00000| Untracked 
|  47|0x0000000082f00000, 0x0000000083000000, 0x0000000083000000|100%| O|  |TAMS 0x0000000083000000, 0x0000000082f00000| Untracked 
|  48|0x0000000083000000, 0x0000000083100000, 0x0000000083100000|100%|HS|  |TAMS 0x0000000083100000, 0x0000000083000000| Complete 
|  49|0x0000000083100000, 0x0000000083200000, 0x0000000083200000|100%|HC|  |TAMS 0x0000000083200000, 0x0000000083100000| Complete 
|  50|0x0000000083200000, 0x0000000083300000, 0x0000000083300000|100%|HC|  |TAMS 0x0000000083300000, 0x0000000083200000| Complete 
|  51|0x0000000083300000, 0x0000000083400000, 0x0000000083400000|100%|HC|  |TAMS 0x0000000083400000, 0x0000000083300000| Complete 
|  52|0x0000000083400000, 0x0000000083500000, 0x0000000083500000|100%|HS|  |TAMS 0x0000000083500000, 0x0000000083400000| Complete 
|  53|0x0000000083500000, 0x0000000083600000, 0x0000000083600000|100%| O|  |TAMS 0x0000000083600000, 0x0000000083500000| Untracked 
|  54|0x0000000083600000, 0x0000000083700000, 0x0000000083700000|100%| O|  |TAMS 0x0000000083700000, 0x0000000083600000| Untracked 
|  55|0x0000000083700000, 0x0000000083800000, 0x0000000083800000|100%| O|  |TAMS 0x0000000083800000, 0x0000000083700000| Untracked 
|  56|0x0000000083800000, 0x0000000083900000, 0x0000000083900000|100%| O|  |TAMS 0x0000000083900000, 0x0000000083800000| Untracked 
|  57|0x0000000083900000, 0x0000000083a00000, 0x0000000083a00000|100%| O|  |TAMS 0x0000000083a00000, 0x0000000083900000| Updating 
|  58|0x0000000083a00000, 0x0000000083b00000, 0x0000000083b00000|100%| O|  |TAMS 0x0000000083a66600, 0x0000000083a00000| Untracked 
|  59|0x0000000083b00000, 0x0000000083c00000, 0x0000000083c00000|100%|HS|  |TAMS 0x0000000083c00000, 0x0000000083b00000| Complete 
|  60|0x0000000083c00000, 0x0000000083cf0e00, 0x0000000083d00000| 94%| O|  |TAMS 0x0000000083c00000, 0x0000000083c00000| Untracked 
|  61|0x0000000083d00000, 0x0000000083e00000, 0x0000000083e00000|100%|HS|  |TAMS 0x0000000083d00000, 0x0000000083d00000| Complete 
|  62|0x0000000083e00000, 0x0000000083f00000, 0x0000000083f00000|100%|HS|  |TAMS 0x0000000083e00000, 0x0000000083e00000| Complete 
|  63|0x0000000083f00000, 0x0000000084000000, 0x0000000084000000|100%|HS|  |TAMS 0x0000000083f00000, 0x0000000083f00000| Complete 
|  64|0x0000000084000000, 0x0000000084100000, 0x0000000084100000|100%|HS|  |TAMS 0x0000000084000000, 0x0000000084000000| Complete 
|  65|0x0000000084100000, 0x0000000084100000, 0x0000000084200000|  0%| F|  |TAMS 0x0000000084100000, 0x0000000084100000| Untracked 
|  66|0x0000000084200000, 0x0000000084200000, 0x0000000084300000|  0%| F|  |TAMS 0x0000000084200000, 0x0000000084200000| Untracked 
|  67|0x0000000084300000, 0x0000000084300000, 0x0000000084400000|  0%| F|  |TAMS 0x0000000084300000, 0x0000000084300000| Untracked 
|  68|0x0000000084400000, 0x0000000084400000, 0x0000000084500000|  0%| F|  |TAMS 0x0000000084400000, 0x0000000084400000| Untracked 
|  69|0x0000000084500000, 0x0000000084500000, 0x0000000084600000|  0%| F|  |TAMS 0x0000000084500000, 0x0000000084500000| Untracked 
|  70|0x0000000084600000, 0x0000000084600000, 0x0000000084700000|  0%| F|  |TAMS 0x0000000084600000, 0x0000000084600000| Untracked 
|  71|0x0000000084700000, 0x0000000084700000, 0x0000000084800000|  0%| F|  |TAMS 0x0000000084700000, 0x0000000084700000| Untracked 
|  72|0x0000000084800000, 0x0000000084800000, 0x0000000084900000|  0%| F|  |TAMS 0x0000000084800000, 0x0000000084800000| Untracked 
|  73|0x0000000084900000, 0x0000000084900000, 0x0000000084a00000|  0%| F|  |TAMS 0x0000000084900000, 0x0000000084900000| Untracked 
|  74|0x0000000084a00000, 0x0000000084a00000, 0x0000000084b00000|  0%| F|  |TAMS 0x0000000084a00000, 0x0000000084a00000| Untracked 
|  75|0x0000000084b00000, 0x0000000084b00000, 0x0000000084c00000|  0%| F|  |TAMS 0x0000000084b00000, 0x0000000084b00000| Untracked 
|  76|0x0000000084c00000, 0x0000000084c00000, 0x0000000084d00000|  0%| F|  |TAMS 0x0000000084c00000, 0x0000000084c00000| Untracked 
|  77|0x0000000084d00000, 0x0000000084d00000, 0x0000000084e00000|  0%| F|  |TAMS 0x0000000084d00000, 0x0000000084d00000| Untracked 
|  78|0x0000000084e00000, 0x0000000084e00000, 0x0000000084f00000|  0%| F|  |TAMS 0x0000000084e00000, 0x0000000084e00000| Untracked 
|  79|0x0000000084f00000, 0x0000000084f00000, 0x0000000085000000|  0%| F|  |TAMS 0x0000000084f00000, 0x0000000084f00000| Untracked 
|  80|0x0000000085000000, 0x0000000085000000, 0x0000000085100000|  0%| F|  |TAMS 0x0000000085000000, 0x0000000085000000| Untracked 
|  81|0x0000000085100000, 0x0000000085100000, 0x0000000085200000|  0%| F|  |TAMS 0x0000000085100000, 0x0000000085100000| Untracked 
|  82|0x0000000085200000, 0x0000000085200000, 0x0000000085300000|  0%| F|  |TAMS 0x0000000085200000, 0x0000000085200000| Untracked 
|  83|0x0000000085300000, 0x0000000085300000, 0x0000000085400000|  0%| F|  |TAMS 0x0000000085300000, 0x0000000085300000| Untracked 
|  84|0x0000000085400000, 0x0000000085400000, 0x0000000085500000|  0%| F|  |TAMS 0x0000000085400000, 0x0000000085400000| Untracked 
|  85|0x0000000085500000, 0x0000000085500000, 0x0000000085600000|  0%| F|  |TAMS 0x0000000085500000, 0x0000000085500000| Untracked 
|  86|0x0000000085600000, 0x0000000085600000, 0x0000000085700000|  0%| F|  |TAMS 0x0000000085600000, 0x0000000085600000| Untracked 
|  87|0x0000000085700000, 0x0000000085700000, 0x0000000085800000|  0%| F|  |TAMS 0x0000000085700000, 0x0000000085700000| Untracked 
|  88|0x0000000085800000, 0x0000000085800000, 0x0000000085900000|  0%| F|  |TAMS 0x0000000085800000, 0x0000000085800000| Untracked 
|  89|0x0000000085900000, 0x0000000085900000, 0x0000000085a00000|  0%| F|  |TAMS 0x0000000085900000, 0x0000000085900000| Untracked 
|  90|0x0000000085a00000, 0x0000000085a00000, 0x0000000085b00000|  0%| F|  |TAMS 0x0000000085a00000, 0x0000000085a00000| Untracked 
|  91|0x0000000085b00000, 0x0000000085b00000, 0x0000000085c00000|  0%| F|  |TAMS 0x0000000085b00000, 0x0000000085b00000| Untracked 
|  92|0x0000000085c00000, 0x0000000085c00000, 0x0000000085d00000|  0%| F|  |TAMS 0x0000000085c00000, 0x0000000085c00000| Untracked 
|  93|0x0000000085d00000, 0x0000000085d00000, 0x0000000085e00000|  0%| F|  |TAMS 0x0000000085d00000, 0x0000000085d00000| Untracked 
|  94|0x0000000085e00000, 0x0000000085e00000, 0x0000000085f00000|  0%| F|  |TAMS 0x0000000085e00000, 0x0000000085e00000| Untracked 
|  95|0x0000000085f00000, 0x0000000085f00000, 0x0000000086000000|  0%| F|  |TAMS 0x0000000085f00000, 0x0000000085f00000| Untracked 
|  96|0x0000000086000000, 0x0000000086000000, 0x0000000086100000|  0%| F|  |TAMS 0x0000000086000000, 0x0000000086000000| Untracked 
|  97|0x0000000086100000, 0x0000000086100000, 0x0000000086200000|  0%| F|  |TAMS 0x0000000086100000, 0x0000000086100000| Untracked 
|  98|0x0000000086200000, 0x0000000086278880, 0x0000000086300000| 47%| E|  |TAMS 0x0000000086200000, 0x0000000086200000| Complete 
|  99|0x0000000086300000, 0x0000000086400000, 0x0000000086400000|100%| E|CS|TAMS 0x0000000086300000, 0x0000000086300000| Complete 
| 100|0x0000000086400000, 0x0000000086500000, 0x0000000086500000|100%| E|CS|TAMS 0x0000000086400000, 0x0000000086400000| Complete 
| 101|0x0000000086500000, 0x0000000086600000, 0x0000000086600000|100%| E|CS|TAMS 0x0000000086500000, 0x0000000086500000| Complete 
| 102|0x0000000086600000, 0x0000000086700000, 0x0000000086700000|100%| E|CS|TAMS 0x0000000086600000, 0x0000000086600000| Complete 
| 103|0x0000000086700000, 0x000000008677abe0, 0x0000000086800000| 47%| S|CS|TAMS 0x0000000086700000, 0x0000000086700000| Complete 
| 104|0x0000000086800000, 0x0000000086900000, 0x0000000086900000|100%| S|CS|TAMS 0x0000000086800000, 0x0000000086800000| Complete 
| 105|0x0000000086900000, 0x0000000086a00000, 0x0000000086a00000|100%| S|CS|TAMS 0x0000000086900000, 0x0000000086900000| Complete 
| 106|0x0000000086a00000, 0x0000000086b00000, 0x0000000086b00000|100%| E|CS|TAMS 0x0000000086a00000, 0x0000000086a00000| Complete 
| 107|0x0000000086b00000, 0x0000000086c00000, 0x0000000086c00000|100%| E|CS|TAMS 0x0000000086b00000, 0x0000000086b00000| Complete 
| 108|0x0000000086c00000, 0x0000000086d00000, 0x0000000086d00000|100%| E|CS|TAMS 0x0000000086c00000, 0x0000000086c00000| Complete 
| 109|0x0000000086d00000, 0x0000000086d00000, 0x0000000086e00000|  0%| F|  |TAMS 0x0000000086d00000, 0x0000000086d00000| Untracked 
| 110|0x0000000086e00000, 0x0000000086e00000, 0x0000000086f00000|  0%| F|  |TAMS 0x0000000086e00000, 0x0000000086e00000| Untracked 
| 111|0x0000000086f00000, 0x0000000087000000, 0x0000000087000000|100%| E|CS|TAMS 0x0000000086f00000, 0x0000000086f00000| Complete 

Card table byte_map: [0x000001f2d46d0000,0x000001f2d4ad0000] _byte_map_base: 0x000001f2d42d0000

Marking Bits (Prev, Next): (CMBitMap*) 0x000001f2c1c27be0, (CMBitMap*) 0x000001f2c1c27c20
 Prev Bits: [0x000001f2d4ed0000, 0x000001f2d6ed0000)
 Next Bits: [0x000001f2d6ed0000, 0x000001f2d8ed0000)

Polling page: 0x000001f2bf9b0000

Metaspace:

Usage:
  Non-class:     58.79 MB used.
      Class:      9.59 MB used.
       Both:     68.38 MB used.

Virtual space:
  Non-class space:       64.00 MB reserved,      59.12 MB ( 92%) committed,  1 nodes.
      Class space:        1.00 GB reserved,       9.88 MB ( <1%) committed,  1 nodes.
             Both:        1.06 GB reserved,      69.00 MB (  6%) committed. 

Chunk freelists:
   Non-Class:  4.53 MB
       Class:  6.08 MB
        Both:  10.60 MB

MaxMetaspaceSize: unlimited
CompressedClassSpaceSize: 1.00 GB
Initial GC threshold: 21.00 MB
Current GC threshold: 113.44 MB
CDS: off
MetaspaceReclaimPolicy: balanced
 - commit_granule_bytes: 65536.
 - commit_granule_words: 8192.
 - virtual_space_node_default_size: 8388608.
 - enlarge_chunks_in_place: 1.
 - new_chunks_are_fully_committed: 0.
 - uncommit_free_chunks: 1.
 - use_allocation_guard: 0.
 - handle_deallocations: 1.


Internal statistics:

num_allocs_failed_limit: 6.
num_arena_births: 786.
num_arena_deaths: 0.
num_vsnodes_births: 2.
num_vsnodes_deaths: 0.
num_space_committed: 1104.
num_space_uncommitted: 0.
num_chunks_returned_to_freelist: 6.
num_chunks_taken_from_freelist: 3075.
num_chunk_merges: 0.
num_chunk_splits: 2098.
num_chunks_enlarged: 1459.
num_inconsistent_stats: 0.

CodeHeap 'non-profiled nmethods': size=120000Kb used=2813Kb max_used=3167Kb free=117187Kb
 bounds [0x000001f2ccb80000, 0x000001f2ccea0000, 0x000001f2d40b0000]
CodeHeap 'profiled nmethods': size=120000Kb used=10519Kb max_used=11324Kb free=109480Kb
 bounds [0x000001f2c50b0000, 0x000001f2c5bc0000, 0x000001f2cc5e0000]
CodeHeap 'non-nmethods': size=5760Kb used=2359Kb max_used=2405Kb free=3400Kb
 bounds [0x000001f2cc5e0000, 0x000001f2cc850000, 0x000001f2ccb80000]
 total_blobs=6724 nmethods=5836 adapters=800
 compilation: enabled
              stopped_count=0, restarted_count=0
 full_count=0

Compilation events (20 events):
Event: 17.642 Thread 0x000001f2db95e9d0 6741       2       sun.security.util.SignatureFileVerifier::matches (93 bytes)
Event: 17.643 Thread 0x000001f2db95e9d0 nmethod 6741 0x000001f2c55fc590 code [0x000001f2c55fc780, 0x000001f2c55fcc38]
Event: 17.643 Thread 0x000001f2db95e9d0 6742       2       java.security.Provider$UString::hashCode (8 bytes)
Event: 17.644 Thread 0x000001f2db95e9d0 nmethod 6742 0x000001f2c5a36190 code [0x000001f2c5a36320, 0x000001f2c5a36448]
Event: 17.644 Thread 0x000001f2db95e9d0 6743       2       sun.security.util.SecurityProviderConstants::getAliases (65 bytes)
Event: 17.644 Thread 0x000001f2db95e9d0 nmethod 6743 0x000001f2c558ea90 code [0x000001f2c558eca0, 0x000001f2c558f128]
Event: 17.676 Thread 0x000001f2db95e9d0 6746       2       java.util.jar.JarFile::getEntry (35 bytes)
Event: 17.676 Thread 0x000001f2db95e9d0 nmethod 6746 0x000001f2c52fb790 code [0x000001f2c52fb960, 0x000001f2c52fbbb8]
Event: 17.686 Thread 0x000001f2db95e020 nmethod 6500 0x000001f2ccc42690 code [0x000001f2ccc42d80, 0x000001f2ccc4afb0]
Event: 17.687 Thread 0x000001f2db95e020 6744 %     4       java.util.jar.Manifest$FastInputStream::readLine @ 86 (296 bytes)
Event: 17.704 Thread 0x000001f2db95e020 nmethod 6744% 0x000001f2ccc58390 code [0x000001f2ccc58540, 0x000001f2ccc58da8]
Event: 17.704 Thread 0x000001f2db95e020 6689   !   4       java.util.jar.Attributes::read (494 bytes)
Event: 17.712 Thread 0x000001f2db95e9d0 6750       2       java.util.concurrent.ConcurrentHashMap::isEmpty (15 bytes)
Event: 17.712 Thread 0x000001f2db95e9d0 nmethod 6750 0x000001f2c5a36f90 code [0x000001f2c5a37120, 0x000001f2c5a37268]
Event: 17.713 Thread 0x000001f2db95e9d0 6751       2       sun.security.util.DerValue::toDigit (51 bytes)
Event: 17.714 Thread 0x000001f2db95e9d0 nmethod 6751 0x000001f2c55fbe90 code [0x000001f2c55fc080, 0x000001f2c55fc3a8]
Event: 17.714 Thread 0x000001f2db95e9d0 6752       2       sun.security.util.DerValue::getOID (76 bytes)
Event: 17.714 Thread 0x000001f2db95e9d0 nmethod 6752 0x000001f2c558e290 code [0x000001f2c558e4a0, 0x000001f2c558e878]
Event: 17.715 Thread 0x000001f2db95e9d0 6753       2       sun.security.util.ObjectIdentifier::<init> (39 bytes)
Event: 17.715 Thread 0x000001f2db95e9d0 nmethod 6753 0x000001f2c558dd90 code [0x000001f2c558df40, 0x000001f2c558e158]

GC Heap History (20 events):
Event: 14.622 GC heap before
{Heap before GC invocations=22 (full 0):
 garbage-first heap   total 75776K, used 43495K [0x0000000080000000, 0x0000000100000000)
  region size 1024K, 3 young (3072K), 1 survivors (1024K)
 Metaspace       used 59213K, committed 59776K, reserved 1114112K
  class space    used 8413K, committed 8704K, reserved 1048576K
}
Event: 14.626 GC heap after
{Heap after GC invocations=23 (full 0):
 garbage-first heap   total 75776K, used 44860K [0x0000000080000000, 0x0000000100000000)
  region size 1024K, 3 young (3072K), 3 survivors (3072K)
 Metaspace       used 59213K, committed 59776K, reserved 1114112K
  class space    used 8413K, committed 8704K, reserved 1048576K
}
Event: 14.759 GC heap before
{Heap before GC invocations=24 (full 0):
 garbage-first heap   total 86016K, used 49980K [0x0000000080000000, 0x0000000100000000)
  region size 1024K, 7 young (7168K), 3 survivors (3072K)
 Metaspace       used 59245K, committed 59840K, reserved 1114112K
  class space    used 8416K, committed 8704K, reserved 1048576K
}
Event: 14.762 GC heap after
{Heap after GC invocations=25 (full 0):
 garbage-first heap   total 86016K, used 49966K [0x0000000080000000, 0x0000000100000000)
  region size 1024K, 2 young (2048K), 2 survivors (2048K)
 Metaspace       used 59245K, committed 59840K, reserved 1114112K
  class space    used 8416K, committed 8704K, reserved 1048576K
}
Event: 14.962 GC heap before
{Heap before GC invocations=26 (full 0):
 garbage-first heap   total 96256K, used 59182K [0x0000000080000000, 0x0000000100000000)
  region size 1024K, 8 young (8192K), 2 survivors (2048K)
 Metaspace       used 59355K, committed 59968K, reserved 1114112K
  class space    used 8427K, committed 8704K, reserved 1048576K
}
Event: 14.965 GC heap after
{Heap after GC invocations=27 (full 0):
 garbage-first heap   total 96256K, used 56878K [0x0000000080000000, 0x0000000100000000)
  region size 1024K, 2 young (2048K), 2 survivors (2048K)
 Metaspace       used 59355K, committed 59968K, reserved 1114112K
  class space    used 8427K, committed 8704K, reserved 1048576K
}
Event: 15.205 GC heap before
{Heap before GC invocations=28 (full 0):
 garbage-first heap   total 102400K, used 68142K [0x0000000080000000, 0x0000000100000000)
  region size 1024K, 13 young (13312K), 2 survivors (2048K)
 Metaspace       used 60199K, committed 60800K, reserved 1114112K
  class space    used 8534K, committed 8832K, reserved 1048576K
}
Event: 15.208 GC heap after
{Heap after GC invocations=29 (full 0):
 garbage-first heap   total 102400K, used 58995K [0x0000000080000000, 0x0000000100000000)
  region size 1024K, 2 young (2048K), 2 survivors (2048K)
 Metaspace       used 60199K, committed 60800K, reserved 1114112K
  class space    used 8534K, committed 8832K, reserved 1048576K
}
Event: 15.219 GC heap before
{Heap before GC invocations=29 (full 0):
 garbage-first heap   total 102400K, used 58995K [0x0000000080000000, 0x0000000100000000)
  region size 1024K, 3 young (3072K), 2 survivors (2048K)
 Metaspace       used 60257K, committed 60864K, reserved 1114112K
  class space    used 8536K, committed 8832K, reserved 1048576K
}
Event: 15.221 GC heap after
{Heap after GC invocations=30 (full 0):
 garbage-first heap   total 102400K, used 59182K [0x0000000080000000, 0x0000000100000000)
  region size 1024K, 1 young (1024K), 1 survivors (1024K)
 Metaspace       used 60257K, committed 60864K, reserved 1114112K
  class space    used 8536K, committed 8832K, reserved 1048576K
}
Event: 15.615 GC heap before
{Heap before GC invocations=31 (full 0):
 garbage-first heap   total 107520K, used 75566K [0x0000000080000000, 0x0000000100000000)
  region size 1024K, 16 young (16384K), 1 survivors (1024K)
 Metaspace       used 61604K, committed 62208K, reserved 1114112K
  class space    used 8743K, committed 9024K, reserved 1048576K
}
Event: 15.617 GC heap after
{Heap after GC invocations=32 (full 0):
 garbage-first heap   total 107520K, used 60768K [0x0000000080000000, 0x0000000100000000)
  region size 1024K, 1 young (1024K), 1 survivors (1024K)
 Metaspace       used 61604K, committed 62208K, reserved 1114112K
  class space    used 8743K, committed 9024K, reserved 1048576K
}
Event: 16.058 GC heap before
{Heap before GC invocations=32 (full 0):
 garbage-first heap   total 107520K, used 78176K [0x0000000080000000, 0x0000000100000000)
  region size 1024K, 19 young (19456K), 1 survivors (1024K)
 Metaspace       used 63344K, committed 63936K, reserved 1114112K
  class space    used 8979K, committed 9280K, reserved 1048576K
}
Event: 16.061 GC heap after
{Heap after GC invocations=33 (full 0):
 garbage-first heap   total 107520K, used 61481K [0x0000000080000000, 0x0000000100000000)
  region size 1024K, 2 young (2048K), 2 survivors (2048K)
 Metaspace       used 63344K, committed 63936K, reserved 1114112K
  class space    used 8979K, committed 9280K, reserved 1048576K
}
Event: 16.505 GC heap before
{Heap before GC invocations=34 (full 0):
 garbage-first heap   total 112640K, used 79913K [0x0000000080000000, 0x0000000100000000)
  region size 1024K, 21 young (21504K), 2 survivors (2048K)
 Metaspace       used 65646K, committed 66176K, reserved 1114112K
  class space    used 9231K, committed 9472K, reserved 1048576K
}
Event: 16.508 GC heap after
{Heap after GC invocations=35 (full 0):
 garbage-first heap   total 112640K, used 61870K [0x0000000080000000, 0x0000000100000000)
  region size 1024K, 2 young (2048K), 2 survivors (2048K)
 Metaspace       used 65646K, committed 66176K, reserved 1114112K
  class space    used 9231K, committed 9472K, reserved 1048576K
}
Event: 17.368 GC heap before
{Heap before GC invocations=35 (full 0):
 garbage-first heap   total 112640K, used 86446K [0x0000000080000000, 0x0000000100000000)
  region size 1024K, 26 young (26624K), 2 survivors (2048K)
 Metaspace       used 69058K, committed 69696K, reserved 1114112K
  class space    used 9711K, committed 9984K, reserved 1048576K
}
Event: 17.375 GC heap after
{Heap after GC invocations=36 (full 0):
 garbage-first heap   total 112640K, used 63705K [0x0000000080000000, 0x0000000100000000)
  region size 1024K, 4 young (4096K), 4 survivors (4096K)
 Metaspace       used 69058K, committed 69696K, reserved 1114112K
  class space    used 9711K, committed 9984K, reserved 1048576K
}
Event: 17.656 GC heap before
{Heap before GC invocations=37 (full 0):
 garbage-first heap   total 112640K, used 66777K [0x0000000080000000, 0x0000000100000000)
  region size 1024K, 8 young (8192K), 4 survivors (4096K)
 Metaspace       used 70021K, committed 70656K, reserved 1114112K
  class space    used 9825K, committed 10112K, reserved 1048576K
}
Event: 17.660 GC heap after
{Heap after GC invocations=38 (full 0):
 garbage-first heap   total 112640K, used 64238K [0x0000000080000000, 0x0000000100000000)
  region size 1024K, 3 young (3072K), 3 survivors (3072K)
 Metaspace       used 70021K, committed 70656K, reserved 1114112K
  class space    used 9825K, committed 10112K, reserved 1048576K
}

Dll operation events (3 events):
Event: 0.061 Loaded shared library C:\Program Files\Android\Android Studio\jbr\bin\java.dll
Event: 0.402 Loaded shared library C:\Program Files\Android\Android Studio\jbr\bin\zip.dll
Event: 1.076 Loaded shared library C:\Program Files\Android\Android Studio\jbr\bin\verify.dll

Deoptimization events (20 events):
Event: 17.708 Thread 0x000001f2e138d120 DEOPT PACKING pc=0x000001f2c565ec80 sp=0x00000006a46f29b0
Event: 17.708 Thread 0x000001f2e138d120 DEOPT UNPACKING pc=0x000001f2cc637143 sp=0x00000006a46f1e40 mode 0
Event: 17.709 Thread 0x000001f2e138d120 DEOPT PACKING pc=0x000001f2c565ec80 sp=0x00000006a46f2810
Event: 17.709 Thread 0x000001f2e138d120 DEOPT UNPACKING pc=0x000001f2cc637143 sp=0x00000006a46f1ca0 mode 0
Event: 17.709 Thread 0x000001f2e138d120 DEOPT PACKING pc=0x000001f2c565ec80 sp=0x00000006a46f2810
Event: 17.709 Thread 0x000001f2e138d120 DEOPT UNPACKING pc=0x000001f2cc637143 sp=0x00000006a46f1ca0 mode 0
Event: 17.709 Thread 0x000001f2e138d120 DEOPT PACKING pc=0x000001f2c565ec80 sp=0x00000006a46f29b0
Event: 17.709 Thread 0x000001f2e138d120 DEOPT UNPACKING pc=0x000001f2cc637143 sp=0x00000006a46f1e40 mode 0
Event: 17.710 Thread 0x000001f2e138d120 DEOPT PACKING pc=0x000001f2c565ec80 sp=0x00000006a46f29b0
Event: 17.710 Thread 0x000001f2e138d120 DEOPT UNPACKING pc=0x000001f2cc637143 sp=0x00000006a46f1e40 mode 0
Event: 17.710 Thread 0x000001f2e138d120 DEOPT PACKING pc=0x000001f2c565ec80 sp=0x00000006a46f29b0
Event: 17.710 Thread 0x000001f2e138d120 DEOPT UNPACKING pc=0x000001f2cc637143 sp=0x00000006a46f1e40 mode 0
Event: 17.710 Thread 0x000001f2e138d120 DEOPT PACKING pc=0x000001f2c565ec80 sp=0x00000006a46f29b0
Event: 17.711 Thread 0x000001f2e138d120 DEOPT UNPACKING pc=0x000001f2cc637143 sp=0x00000006a46f1e40 mode 0
Event: 17.711 Thread 0x000001f2e138d120 DEOPT PACKING pc=0x000001f2c565ec80 sp=0x00000006a46f2810
Event: 17.711 Thread 0x000001f2e138d120 DEOPT UNPACKING pc=0x000001f2cc637143 sp=0x00000006a46f1ca0 mode 0
Event: 17.711 Thread 0x000001f2e138d120 DEOPT PACKING pc=0x000001f2c565ec80 sp=0x00000006a46f2810
Event: 17.711 Thread 0x000001f2e138d120 DEOPT UNPACKING pc=0x000001f2cc637143 sp=0x00000006a46f1ca0 mode 0
Event: 17.712 Thread 0x000001f2e138d120 DEOPT PACKING pc=0x000001f2c565ec80 sp=0x00000006a46f29b0
Event: 17.712 Thread 0x000001f2e138d120 DEOPT UNPACKING pc=0x000001f2cc637143 sp=0x00000006a46f1e40 mode 0

Classes unloaded (0 events):
No events

Classes redefined (0 events):
No events

Internal exceptions (20 events):
Event: 13.154 Thread 0x000001f2e138d120 Exception <a 'java/lang/NoSuchMethodError'{0x0000000086fea078}: 'int java.lang.invoke.DelegatingMethodHandle$Holder.reinvoke_L(java.lang.Object, java.lang.Object, java.lang.Object, long, java.lang.Object, java.lang.Object)'> (0x0000000086fea078) 
thrown [s\src\hotspot\share\interpreter\linkResolver.cpp, line 771]
Event: 13.157 Thread 0x000001f2e138d120 Exception <a 'java/lang/NoSuchMethodError'{0x0000000086ff9d98}: 'void java.lang.invoke.DelegatingMethodHandle$Holder.reinvoke_L(java.lang.Object, java.lang.Object, java.lang.Object, long, java.lang.Object)'> (0x0000000086ff9d98) 
thrown [s\src\hotspot\share\interpreter\linkResolver.cpp, line 771]
Event: 13.165 Thread 0x000001f2e138d120 Exception <a 'java/lang/NoSuchMethodError'{0x00000000843028c0}: 'java.lang.Object java.lang.invoke.DirectMethodHandle$Holder.invokeSpecial(java.lang.Object, java.lang.Object, java.lang.Object, java.lang.Object, long)'> (0x00000000843028c0) 
thrown [s\src\hotspot\share\interpreter\linkResolver.cpp, line 771]
Event: 13.176 Thread 0x000001f2e138d120 Exception <a 'java/lang/NoSuchMethodError'{0x000000008432aff0}: 'long java.lang.invoke.Invokers$Holder.invoke_MT(java.lang.Object, java.lang.Object, java.lang.Object, java.lang.Object)'> (0x000000008432aff0) 
thrown [s\src\hotspot\share\interpreter\linkResolver.cpp, line 771]
Event: 13.178 Thread 0x000001f2e138d120 Exception <a 'java/lang/NoSuchMethodError'{0x00000000843340f0}: 'int java.lang.invoke.Invokers$Holder.invoke_MT(java.lang.Object, java.lang.Object, java.lang.Object, java.lang.Object)'> (0x00000000843340f0) 
thrown [s\src\hotspot\share\interpreter\linkResolver.cpp, line 771]
Event: 13.184 Thread 0x000001f2e138d120 Exception <a 'java/lang/NoSuchMethodError'{0x0000000084345398}: 'int java.lang.invoke.DelegatingMethodHandle$Holder.reinvoke_L(java.lang.Object, java.lang.Object, java.lang.Object, long, int)'> (0x0000000084345398) 
thrown [s\src\hotspot\share\interpreter\linkResolver.cpp, line 771]
Event: 13.219 Thread 0x000001f2e138d120 Exception <a 'java/lang/NoSuchMethodError'{0x00000000843597c0}: 'java.lang.Object java.lang.invoke.Invokers$Holder.invokeExact_MT(java.lang.Object, java.lang.Object, long, java.lang.Object)'> (0x00000000843597c0) 
thrown [s\src\hotspot\share\interpreter\linkResolver.cpp, line 771]
Event: 14.433 Thread 0x000001f2e2fa4d90 Exception <a 'sun/nio/fs/WindowsException'{0x00000000841a5d88}> (0x00000000841a5d88) 
thrown [s\src\hotspot\share\prims\jni.cpp, line 517]
Event: 14.515 Thread 0x000001f2e2fa4d90 Exception <a 'sun/nio/fs/WindowsException'{0x0000000083fe06f0}> (0x0000000083fe06f0) 
thrown [s\src\hotspot\share\prims\jni.cpp, line 517]
Event: 14.517 Thread 0x000001f2e2fa4d90 Exception <a 'sun/nio/fs/WindowsException'{0x0000000083fe0900}> (0x0000000083fe0900) 
thrown [s\src\hotspot\share\prims\jni.cpp, line 517]
Event: 14.526 Thread 0x000001f2e138d120 Implicit null exception at 0x000001f2ccde340f to 0x000001f2ccde3a34
Event: 14.952 Thread 0x000001f2e138d120 Exception <a 'java/lang/ClassNotFoundException'{0x00000000859a5210}: sun/misc/SharedSecrets> (0x00000000859a5210) 
thrown [s\src\hotspot\share\classfile\systemDictionary.cpp, line 256]
Event: 14.952 Thread 0x000001f2e138d120 Exception <a 'java/lang/ClassNotFoundException'{0x00000000859a67e8}: org/gradle/api/internal/plugins/DefaultObjectConfigurationActionBeanInfo> (0x00000000859a67e8) 
thrown [s\src\hotspot\share\classfile\systemDictionary.cpp, line 256]
Event: 14.954 Thread 0x000001f2e138d120 Exception <a 'java/lang/ClassNotFoundException'{0x00000000859bb360}: org/gradle/api/internal/plugins/DefaultObjectConfigurationActionCustomizer> (0x00000000859bb360) 
thrown [s\src\hotspot\share\classfile\systemDictionary.cpp, line 256]
Event: 15.423 Thread 0x000001f2e138d120 Exception <a 'java/lang/NoSuchMethodError'{0x00000000860dded0}: 'java.lang.Object java.lang.invoke.DirectMethodHandle$Holder.newInvokeSpecial(java.lang.Object, java.lang.Object, java.lang.Object, java.lang.Object, int)'> (0x00000000860dded0) 
thrown [s\src\hotspot\share\interpreter\linkResolver.cpp, line 771]
Event: 15.424 Thread 0x000001f2e138d120 Exception <a 'java/lang/NoSuchMethodError'{0x00000000860e3318}: 'java.lang.Object java.lang.invoke.DirectMethodHandle$Holder.invokeSpecial(java.lang.Object, java.lang.Object, java.lang.Object, java.lang.Object, java.lang.Object, int)'> (0x00000000860e3318) 
thrown [s\src\hotspot\share\interpreter\linkResolver.cpp, line 771]
Event: 15.425 Thread 0x000001f2e138d120 Exception <a 'java/lang/NoSuchMethodError'{0x00000000860e8098}: 'java.lang.Object java.lang.invoke.Invokers$Holder.linkToTargetMethod(java.lang.Object, java.lang.Object, java.lang.Object, int, java.lang.Object)'> (0x00000000860e8098) 
thrown [s\src\hotspot\share\interpreter\linkResolver.cpp, line 771]
Event: 15.871 Thread 0x000001f2e138d120 Exception <a 'java/lang/NoSuchMethodError'{0x0000000085d45d88}: 'int java.lang.invoke.DirectMethodHandle$Holder.invokeInterface(java.lang.Object, java.lang.Object, java.lang.Object, java.lang.Object)'> (0x0000000085d45d88) 
thrown [s\src\hotspot\share\interpreter\linkResolver.cpp, line 771]
Event: 16.915 Thread 0x000001f2e138d120 Exception <a 'java/lang/IncompatibleClassChangeError'{0x00000000860120b0}: Found class java.lang.Object, but interface was expected> (0x00000000860120b0) 
thrown [s\src\hotspot\share\interpreter\linkResolver.cpp, line 838]
Event: 17.044 Thread 0x000001f2e138d120 Implicit null exception at 0x000001f2cce504a1 to 0x000001f2cce51fd4

VM Operations (20 events):
Event: 15.867 Executing VM operation: HandshakeAllThreads done
Event: 16.057 Executing VM operation: G1CollectForAllocation
Event: 16.061 Executing VM operation: G1CollectForAllocation done
Event: 16.124 Executing VM operation: G1Concurrent
Event: 16.128 Executing VM operation: G1Concurrent done
Event: 16.153 Executing VM operation: G1Concurrent
Event: 16.153 Executing VM operation: G1Concurrent done
Event: 16.505 Executing VM operation: G1CollectForAllocation
Event: 16.508 Executing VM operation: G1CollectForAllocation done
Event: 17.364 Executing VM operation: HandshakeAllThreads
Event: 17.364 Executing VM operation: HandshakeAllThreads done
Event: 17.367 Executing VM operation: G1CollectForAllocation
Event: 17.378 Executing VM operation: G1CollectForAllocation done
Event: 17.436 Executing VM operation: G1Concurrent
Event: 17.452 Executing VM operation: G1Concurrent done
Event: 17.479 Executing VM operation: G1Concurrent
Event: 17.481 Executing VM operation: G1Concurrent done
Event: 17.655 Executing VM operation: G1TryInitiateConcMark
Event: 17.660 Executing VM operation: G1TryInitiateConcMark done
Event: 17.720 Executing VM operation: G1Concurrent

Events (20 events):
Event: 17.592 loading class java/security/cert/CertPathValidatorException$BasicReason
Event: 17.592 loading class java/security/cert/CertPathValidatorException$Reason
Event: 17.592 loading class java/security/cert/CertPathValidatorException$Reason done
Event: 17.592 loading class java/security/cert/CertPathValidatorException$BasicReason done
Event: 17.592 loading class java/security/SignatureException
Event: 17.593 loading class java/security/SignatureException done
Event: 17.601 loading class sun/security/rsa/RSASignature$SHA256withRSA
Event: 17.601 loading class sun/security/rsa/RSASignature$SHA256withRSA done
Event: 17.603 loading class sun/security/provider/DSA$SHA256withDSA
Event: 17.603 loading class sun/security/provider/DSA$SHA256withDSA done
Event: 17.639 loading class java/util/Base64
Event: 17.639 loading class java/util/Base64 done
Event: 17.639 loading class java/util/Base64$Decoder
Event: 17.640 loading class java/util/Base64$Decoder done
Event: 17.640 loading class java/util/Base64$Encoder
Event: 17.640 loading class java/util/Base64$Encoder done
Event: 17.642 loading class java/util/jar/JarVerifier$VerifierStream
Event: 17.643 loading class java/util/jar/JarVerifier$VerifierStream done
Event: 17.643 loading class sun/security/util/ManifestEntryVerifier$SunProviderHolder
Event: 17.643 loading class sun/security/util/ManifestEntryVerifier$SunProviderHolder done


Dynamic libraries:
0x00007ff73dc80000 - 0x00007ff73dc8a000 	C:\Program Files\Android\Android Studio\jbr\bin\java.exe
0x00007ffe28c30000 - 0x00007ffe28e28000 	C:\WINDOWS\SYSTEM32\ntdll.dll
0x00007ffe28670000 - 0x00007ffe2872d000 	C:\WINDOWS\System32\KERNEL32.DLL
0x00007ffe26310000 - 0x00007ffe26606000 	C:\WINDOWS\System32\KERNELBASE.dll
0x00007ffe26610000 - 0x00007ffe26710000 	C:\WINDOWS\System32\ucrtbase.dll
0x00007ffdfade0000 - 0x00007ffdfadf7000 	C:\Program Files\Android\Android Studio\jbr\bin\jli.dll
0x00007ffe1dd70000 - 0x00007ffe1dd8b000 	C:\Program Files\Android\Android Studio\jbr\bin\VCRUNTIME140.dll
0x00007ffe27ab0000 - 0x00007ffe27c4e000 	C:\WINDOWS\System32\USER32.dll
0x00007ffe25690000 - 0x00007ffe2592a000 	C:\WINDOWS\WinSxS\amd64_microsoft.windows.common-controls_6595b64144ccf1df_6.0.19041.1110_none_60b5254171f9507e\COMCTL32.dll
0x00007ffe26b00000 - 0x00007ffe26b22000 	C:\WINDOWS\System32\win32u.dll
0x00007ffe281e0000 - 0x00007ffe2827e000 	C:\WINDOWS\System32\msvcrt.dll
0x00007ffe28980000 - 0x00007ffe289ac000 	C:\WINDOWS\System32\GDI32.dll
0x00007ffe269b0000 - 0x00007ffe26aca000 	C:\WINDOWS\System32\gdi32full.dll
0x00007ffe26710000 - 0x00007ffe267ad000 	C:\WINDOWS\System32\msvcp_win.dll
0x00007ffe285b0000 - 0x00007ffe285e0000 	C:\WINDOWS\System32\IMM32.DLL
0x00007ffe1efc0000 - 0x00007ffe1efcc000 	C:\Program Files\Android\Android Studio\jbr\bin\vcruntime140_1.dll
0x00007ffe17270000 - 0x00007ffe172fd000 	C:\Program Files\Android\Android Studio\jbr\bin\msvcp140.dll
0x00007ffdb9410000 - 0x00007ffdba090000 	C:\Program Files\Android\Android Studio\jbr\bin\server\jvm.dll
0x00007ffe273e0000 - 0x00007ffe2748e000 	C:\WINDOWS\System32\ADVAPI32.dll
0x00007ffe28880000 - 0x00007ffe2891c000 	C:\WINDOWS\System32\sechost.dll
0x00007ffe28280000 - 0x00007ffe283a6000 	C:\WINDOWS\System32\RPCRT4.dll
0x00007ffe1b6a0000 - 0x00007ffe1b6c7000 	C:\WINDOWS\SYSTEM32\WINMM.dll
0x00007ffe1b6d0000 - 0x00007ffe1b6da000 	C:\WINDOWS\SYSTEM32\VERSION.dll
0x00007ffe242a0000 - 0x00007ffe242a9000 	C:\WINDOWS\SYSTEM32\WSOCK32.dll
0x00007ffe27a30000 - 0x00007ffe27a9b000 	C:\WINDOWS\System32\ws2_32.DLL
0x00007ffe23e60000 - 0x00007ffe23e72000 	C:\WINDOWS\SYSTEM32\kernel.appcore.dll
0x00007ffe24290000 - 0x00007ffe2429a000 	C:\Program Files\Android\Android Studio\jbr\bin\jimage.dll
0x00007ffe25c20000 - 0x00007ffe25e04000 	C:\WINDOWS\SYSTEM32\DBGHELP.DLL
0x00007ffe25a40000 - 0x00007ffe25a74000 	C:\WINDOWS\SYSTEM32\dbgcore.DLL
0x00007ffe267b0000 - 0x00007ffe26832000 	C:\WINDOWS\System32\bcryptPrimitives.dll
0x00007ffe1efd0000 - 0x00007ffe1efde000 	C:\Program Files\Android\Android Studio\jbr\bin\instrument.dll
0x00007ffdfb040000 - 0x00007ffdfb065000 	C:\Program Files\Android\Android Studio\jbr\bin\java.dll
0x00007ffe24270000 - 0x00007ffe24288000 	C:\Program Files\Android\Android Studio\jbr\bin\zip.dll
0x00007ffe26c90000 - 0x00007ffe273d5000 	C:\WINDOWS\System32\SHELL32.dll
0x00007ffe23160000 - 0x00007ffe238fb000 	C:\WINDOWS\SYSTEM32\windows.storage.dll
0x00007ffe27cc0000 - 0x00007ffe28014000 	C:\WINDOWS\System32\combase.dll
0x00007ffe255f0000 - 0x00007ffe2561e000 	C:\WINDOWS\SYSTEM32\Wldp.dll
0x00007ffe27980000 - 0x00007ffe27a2d000 	C:\WINDOWS\System32\SHCORE.dll
0x00007ffe289b0000 - 0x00007ffe28a05000 	C:\WINDOWS\System32\shlwapi.dll
0x00007ffe26240000 - 0x00007ffe26265000 	C:\WINDOWS\SYSTEM32\profapi.dll
0x00007ffe05d20000 - 0x00007ffe05d39000 	C:\Program Files\Android\Android Studio\jbr\bin\net.dll
0x00007ffe1bc80000 - 0x00007ffe1bd8a000 	C:\WINDOWS\SYSTEM32\WINHTTP.dll
0x00007ffe252d0000 - 0x00007ffe2533a000 	C:\WINDOWS\system32\mswsock.dll
0x00007ffdfb020000 - 0x00007ffdfb036000 	C:\Program Files\Android\Android Studio\jbr\bin\nio.dll
0x00007ffdfb010000 - 0x00007ffdfb020000 	C:\Program Files\Android\Android Studio\jbr\bin\verify.dll
0x00007ffdf6ea0000 - 0x00007ffdf6ec7000 	C:\Users\james\.gradle\native\68d5fa5c4cc2d200863cafc0d521ce42e7d3e7ee720ec0a83991735586a16f82\windows-amd64\native-platform.dll
0x00007ffe17120000 - 0x00007ffe17264000 	C:\Users\james\.gradle\native\e376f236ea51e6404a007f0833ffe2c6e607c4080706a723a18a27aeea778392\windows-amd64\native-platform-file-events.dll
0x00007ffdfaff0000 - 0x00007ffdfaff9000 	C:\Program Files\Android\Android Studio\jbr\bin\management.dll
0x00007ffdfafe0000 - 0x00007ffdfafeb000 	C:\Program Files\Android\Android Studio\jbr\bin\management_ext.dll
0x00007ffe27cb0000 - 0x00007ffe27cb8000 	C:\WINDOWS\System32\PSAPI.DLL
0x00007ffe25fb0000 - 0x00007ffe25fc8000 	C:\WINDOWS\SYSTEM32\CRYPTSP.dll
0x00007ffe24cc0000 - 0x00007ffe24cf4000 	C:\WINDOWS\system32\rsaenh.dll
0x00007ffe26ad0000 - 0x00007ffe26af7000 	C:\WINDOWS\System32\bcrypt.dll
0x00007ffe26200000 - 0x00007ffe2622e000 	C:\WINDOWS\SYSTEM32\USERENV.dll
0x00007ffe25500000 - 0x00007ffe2550c000 	C:\WINDOWS\SYSTEM32\CRYPTBASE.dll
0x00007ffe25040000 - 0x00007ffe2507b000 	C:\WINDOWS\SYSTEM32\IPHLPAPI.DLL
0x00007ffe27aa0000 - 0x00007ffe27aa8000 	C:\WINDOWS\System32\NSI.dll
0x00007ffe18a20000 - 0x00007ffe18a37000 	C:\WINDOWS\SYSTEM32\dhcpcsvc6.DLL
0x00007ffe1b950000 - 0x00007ffe1b96d000 	C:\WINDOWS\SYSTEM32\dhcpcsvc.DLL
0x00007ffe25080000 - 0x00007ffe2514a000 	C:\WINDOWS\SYSTEM32\DNSAPI.dll
0x00007ffdfb000000 - 0x00007ffdfb007000 	C:\WINDOWS\system32\wshunix.dll

dbghelp: loaded successfully - version: 4.0.5 - missing functions: none
symbol engine: initialized successfully - sym options: 0x614 - pdb path: .;C:\Program Files\Android\Android Studio\jbr\bin;C:\WINDOWS\SYSTEM32;C:\WINDOWS\WinSxS\amd64_microsoft.windows.common-controls_6595b64144ccf1df_6.0.19041.1110_none_60b5254171f9507e;C:\Program Files\Android\Android Studio\jbr\bin\server;C:\Users\james\.gradle\native\68d5fa5c4cc2d200863cafc0d521ce42e7d3e7ee720ec0a83991735586a16f82\windows-amd64;C:\Users\james\.gradle\native\e376f236ea51e6404a007f0833ffe2c6e607c4080706a723a18a27aeea778392\windows-amd64

VM Arguments:
jvm_args: --add-opens=java.base/java.util=ALL-UNNAMED --add-opens=java.base/java.lang=ALL-UNNAMED --add-opens=java.base/java.lang.invoke=ALL-UNNAMED --add-opens=java.prefs/java.util.prefs=ALL-UNNAMED --add-opens=java.base/java.nio.charset=ALL-UNNAMED --add-opens=java.base/java.net=ALL-UNNAMED --add-opens=java.base/java.util.concurrent.atomic=ALL-UNNAMED -Xmx2048m -Dfile.encoding=UTF-8 -Duser.country=TR -Duser.language=tr -Duser.variant -javaagent:C:\Users\james\.gradle\wrapper\dists\gradle-8.2-bin\bbg7u40eoinfdyxsxr3z4i7ta\gradle-8.2\lib\agents\gradle-instrumentation-agent-8.2.jar 
java_command: org.gradle.launcher.daemon.bootstrap.GradleDaemon 8.2
java_class_path (initial): C:\Users\james\.gradle\wrapper\dists\gradle-8.2-bin\bbg7u40eoinfdyxsxr3z4i7ta\gradle-8.2\lib\gradle-launcher-8.2.jar
Launcher Type: SUN_STANDARD

[Global flags]
     intx CICompilerCount                          = 4                                         {product} {ergonomic}
     uint ConcGCThreads                            = 2                                         {product} {ergonomic}
     uint G1ConcRefinementThreads                  = 8                                         {product} {ergonomic}
   size_t G1HeapRegionSize                         = 1048576                                   {product} {ergonomic}
    uintx GCDrainStackTargetSize                   = 64                                        {product} {ergonomic}
   size_t InitialHeapSize                          = 117440512                                 {product} {ergonomic}
   size_t MarkStackSize                            = 4194304                                   {product} {ergonomic}
   size_t MaxHeapSize                              = 2147483648                                {product} {command line}
   size_t MaxNewSize                               = 1287651328                                {product} {ergonomic}
   size_t MinHeapDeltaBytes                        = 1048576                                   {product} {ergonomic}
   size_t MinHeapSize                              = 8388608                                   {product} {ergonomic}
    uintx NonNMethodCodeHeapSize                   = 5839372                                {pd product} {ergonomic}
    uintx NonProfiledCodeHeapSize                  = 122909434                              {pd product} {ergonomic}
    uintx ProfiledCodeHeapSize                     = 122909434                              {pd product} {ergonomic}
    uintx ReservedCodeCacheSize                    = 251658240                              {pd product} {ergonomic}
     bool SegmentedCodeCache                       = true                                      {product} {ergonomic}
   size_t SoftMaxHeapSize                          = 2147483648                             {manageable} {ergonomic}
     bool UseCompressedClassPointers               = true                           {product lp64_product} {ergonomic}
     bool UseCompressedOops                        = true                           {product lp64_product} {ergonomic}
     bool UseG1GC                                  = true                                      {product} {ergonomic}
     bool UseLargePagesIndividualAllocation        = false                                  {pd product} {ergonomic}

Logging:
Log output configuration:
 #0: stdout all=warning uptime,level,tags
 #1: stderr all=off uptime,level,tags

Environment Variables:
PATH=C:\Program Files\Common Files\Oracle\Java\javapath;C:\WINDOWS\system32;C:\WINDOWS;C:\WINDOWS\System32\Wbem;C:\WINDOWS\System32\WindowsPowerShell\v1.0\;C:\WINDOWS\System32\OpenSSH\;C:\Program Files\Git\cmd;C:\Users\james\AppData\Local\Programs\Python\Python38\Scripts\;C:\Users\james\AppData\Local\Programs\Python\Python38\;C:\Users\james\AppData\Local\Microsoft\WindowsApps;D:\VSCODE\Microsoft VS Code\bin;C:\Users\james\AppData\Local\GitHubDesktop\bin
USERNAME=james
OS=Windows_NT
PROCESSOR_IDENTIFIER=AMD64 Family 23 Model 24 Stepping 1, AuthenticAMD
TMP=C:\Users\james\AppData\Local\Temp
TEMP=C:\Users\james\AppData\Local\Temp


JNI global refs:
JNI global refs: 28, weak refs: 5

JNI global refs memory usage: 843, weak refs: 841

OOME stack traces (most recent first):
Classloader memory used:
Loader org.gradle.internal.classloader.VisitableURLClassLoader                         : 4051K
Loader bootstrap                                                                       : 2815K
Loader org.gradle.initialization.MixInLegacyTypesClassLoader                           : 1098K
Loader org.gradle.internal.classloader.VisitableURLClassLoader$InstrumentingVisitableURLClassLoader: 669K
Loader jdk.internal.loader.ClassLoaders$PlatformClassLoader                            : 67383B
Loader jdk.internal.loader.ClassLoaders$AppClassLoader                                 : 28352B
Loader jdk.internal.reflect.DelegatingClassLoader                                      : 23218B
Loader org.gradle.groovy.scripts.internal.DefaultScriptCompilationHandler$ScriptClassLoader: 1712B
Loader sun.reflect.misc.MethodUtil                                                     : 373B
Loader org.codehaus.groovy.runtime.callsite.CallSiteClassLoader                        : 356B

Classes loaded by more than one classloader:
Class Program                                                                         : loaded 4 times (x 72B)
Class com.google.common.collect.Iterators$MergingIterator                             : loaded 2 times (x 79B)
Class [Lcom.google.common.collect.AbstractMapEntry;                                   : loaded 2 times (x 67B)
Class com.google.common.collect.SingletonImmutableList                                : loaded 2 times (x 167B)
Class com.google.common.cache.CacheLoader$SupplierToCacheLoader                       : loaded 2 times (x 73B)
Class org.gradle.internal.classpath.ClassPath                                         : loaded 2 times (x 68B)
Class com.google.common.cache.RemovalListener                                         : loaded 2 times (x 68B)
Class org.gradle.api.internal.classpath.DefaultModuleRegistry                         : loaded 2 times (x 84B)
Class Settings_gradle$1$1                                                             : loaded 2 times (x 72B)
Class com.google.common.collect.ListMultimap                                          : loaded 2 times (x 68B)
Class com.google.common.base.CharMatcher$JavaDigit                                    : loaded 2 times (x 109B)
Class com.google.common.base.CharMatcher$Digit                                        : loaded 2 times (x 110B)
Class com.google.common.collect.AbstractMultimap                                      : loaded 2 times (x 121B)
Class com.google.common.cache.CacheBuilder$OneWeigher                                 : loaded 2 times (x 80B)
Class org.gradle.api.Action                                                           : loaded 2 times (x 68B)
Class com.google.common.collect.ImmutableEntry                                        : loaded 2 times (x 80B)
Class com.google.common.collect.Lists$StringAsImmutableList                           : loaded 2 times (x 167B)
Class com.google.common.base.CharMatcher                                              : loaded 2 times (x 109B)
Class com.google.common.base.CharMatcher$IsNot                                        : loaded 2 times (x 109B)
Class com.google.common.base.Splitter                                                 : loaded 2 times (x 70B)
Class [Lcom.google.common.cache.Weigher;                                              : loaded 2 times (x 67B)
Class com.google.common.collect.Iterators$ArrayItr                                    : loaded 2 times (x 95B)
Class com.google.common.cache.LocalCache$Segment                                      : loaded 2 times (x 152B)
Class org.gradle.api.internal.DefaultClassPathProvider                                : loaded 2 times (x 74B)
Class org.gradle.internal.installation.GradleInstallation$1                           : loaded 2 times (x 73B)
Class com.google.common.base.CharMatcher$BitSetMatcher                                : loaded 2 times (x 110B)
Class com.google.common.collect.ImmutableMap$IteratorBasedImmutableMap                : loaded 2 times (x 123B)
Class com.google.common.collect.ImmutableMap                                          : loaded 2 times (x 118B)
Class com.google.common.base.Converter                                                : loaded 2 times (x 88B)
Class com.google.common.collect.ImmutableSet$EmptySetBuilderImpl                      : loaded 2 times (x 74B)
Class com.google.common.base.Equivalence                                              : loaded 2 times (x 80B)
Class com.google.common.cache.LocalCache$EntryFactory$1                               : loaded 2 times (x 81B)
Class com.google.common.cache.LocalCache$EntryFactory$2                               : loaded 2 times (x 81B)
Class com.google.common.cache.LocalCache$EntryFactory$3                               : loaded 2 times (x 81B)
Class com.google.common.cache.LocalCache$EntryFactory$4                               : loaded 2 times (x 81B)
Class com.google.common.cache.LocalCache$EntryFactory$5                               : loaded 2 times (x 81B)
Class com.google.common.cache.LocalCache$EntryFactory$6                               : loaded 2 times (x 81B)
Class com.google.common.cache.LocalCache$EntryFactory$7                               : loaded 2 times (x 81B)
Class com.google.common.cache.LocalCache$EntryFactory$8                               : loaded 2 times (x 81B)
Class com.google.common.base.Predicate                                                : loaded 2 times (x 68B)
Class org.gradle.internal.classloader.FilteringClassLoader                            : loaded 2 times (x 102B)
Class com.google.common.collect.RegularImmutableSet                                   : loaded 2 times (x 146B)
Class [Lcom.google.common.cache.LocalCache$Strength;                                  : loaded 2 times (x 67B)
Class org.gradle.internal.classpath.DefaultClassPath$ImmutableUniqueList$Builder      : loaded 2 times (x 73B)
Class com.google.common.collect.Maps$8                                                : loaded 2 times (x 80B)
Class com.google.common.base.PatternCompiler                                          : loaded 2 times (x 68B)
Class [Lcom.google.common.cache.CacheBuilder$NullListener;                            : loaded 2 times (x 67B)
Class com.google.common.base.CharMatcher$InRange                                      : loaded 2 times (x 109B)
Class com.google.common.collect.BiMap                                                 : loaded 2 times (x 68B)
Class com.google.common.collect.Lists                                                 : loaded 2 times (x 69B)
Class com.google.common.math.IntMath$1                                                : loaded 2 times (x 69B)
Class org.gradle.internal.classloader.ClassLoaderVisitor                              : loaded 2 times (x 74B)
Class com.google.common.cache.CacheBuilder$NullListener                               : loaded 2 times (x 80B)
Class com.google.common.math.MathPreconditions                                        : loaded 2 times (x 69B)
Class org.gradle.internal.service.DefaultServiceLocator                               : loaded 2 times (x 81B)
Class org.gradle.internal.service.UnknownServiceException                             : loaded 2 times (x 81B)
Class com.google.common.collect.ArrayListMultimap                                     : loaded 2 times (x 170B)
Class com.google.common.base.Strings                                                  : loaded 2 times (x 69B)
Class com.google.common.cache.CacheLoader$InvalidCacheLoadException                   : loaded 2 times (x 80B)
Class org.gradle.internal.classloader.DefaultClassLoaderFactory                       : loaded 2 times (x 80B)
Class com.google.common.collect.UnmodifiableIterator                                  : loaded 2 times (x 78B)
Class com.google.common.base.Platform$JdkPatternCompiler                              : loaded 2 times (x 73B)
Class com.google.common.cache.LocalCache$LoadingValueReference                        : loaded 2 times (x 94B)
Class com.google.common.base.CharMatcher$SingleWidth                                  : loaded 2 times (x 110B)
Class com.google.common.collect.Hashing                                               : loaded 2 times (x 69B)
Class com.google.common.base.JdkPattern                                               : loaded 2 times (x 73B)
Class com.google.common.collect.Multimap                                              : loaded 2 times (x 68B)
Class com.google.common.base.FunctionalEquivalence                                    : loaded 2 times (x 81B)
Class com.google.common.cache.LocalCache$1                                            : loaded 2 times (x 87B)
Class com.google.common.cache.LocalCache$2                                            : loaded 2 times (x 140B)
Class com.google.common.collect.RegularImmutableBiMap                                 : loaded 2 times (x 146B)
Class org.gradle.internal.classloader.VisitableURLClassLoader$Spec                    : loaded 2 times (x 72B)
Class org.gradle.api.GradleException                                                  : loaded 2 times (x 80B)
Class com.google.common.base.CharMatcher$JavaLetterOrDigit                            : loaded 2 times (x 109B)
Class org.gradle.api.internal.classpath.ModuleRegistry                                : loaded 2 times (x 68B)
Class com.google.common.collect.ForwardingObject                                      : loaded 2 times (x 70B)
Class com.google.common.cache.CacheBuilder                                            : loaded 2 times (x 70B)
Class com.google.common.collect.ImmutableCollection                                   : loaded 2 times (x 123B)
Class com.google.common.base.PairwiseEquivalence                                      : loaded 2 times (x 81B)
Class com.google.common.base.Ticker                                                   : loaded 2 times (x 70B)
Class org.gradle.api.internal.ClassPathProvider                                       : loaded 2 times (x 68B)
Class com.google.common.collect.RegularImmutableMap$Values                            : loaded 2 times (x 167B)
Class org.gradle.internal.classloader.ClasspathUtil$1                                 : loaded 2 times (x 74B)
Class com.google.common.collect.ImmutableEnumMap                                      : loaded 2 times (x 123B)
Class com.google.common.collect.ForwardingMap                                         : loaded 2 times (x 130B)
Class com.google.common.collect.ImmutableList$ReverseImmutableList                    : loaded 2 times (x 168B)
Class com.google.common.cache.AbstractCache$StatsCounter                              : loaded 2 times (x 68B)
Class com.google.common.cache.LocalCache$Strength$1                                   : loaded 2 times (x 79B)
Class com.google.common.cache.LocalCache$Strength$2                                   : loaded 2 times (x 79B)
Class com.google.common.cache.LocalCache$Strength$3                                   : loaded 2 times (x 79B)
Class org.gradle.internal.classloader.ClassLoaderFactory                              : loaded 2 times (x 68B)
Class com.google.common.collect.ObjectArrays                                          : loaded 2 times (x 69B)
Class com.google.common.collect.Iterators$10                                          : loaded 2 times (x 79B)
Class com.google.common.collect.ImmutableList                                         : loaded 2 times (x 166B)
Class org.gradle.api.internal.classpath.ManifestUtil                                  : loaded 2 times (x 69B)
Class org.gradle.api.specs.Spec                                                       : loaded 2 times (x 68B)
Class com.google.common.cache.CacheLoader$UnsupportedLoadingOperationException        : loaded 2 times (x 80B)
Class com.google.common.base.CharMatcher$Whitespace                                   : loaded 2 times (x 110B)
Class com.google.common.collect.Iterators$1                                           : loaded 2 times (x 79B)
Class com.google.common.collect.Iterators$4                                           : loaded 2 times (x 80B)
Class com.google.common.collect.RegularImmutableMap$BucketOverflowException           : loaded 2 times (x 80B)
Class com.google.common.collect.Iterators$5                                           : loaded 2 times (x 80B)
Class com.google.common.base.Equivalence$Equals                                       : loaded 2 times (x 80B)
Class com.google.common.base.Preconditions                                            : loaded 2 times (x 69B)
Class com.google.common.base.Function                                                 : loaded 2 times (x 68B)
Class com.google.common.collect.Iterators$9                                           : loaded 2 times (x 79B)
Class org.gradle.internal.IoActions                                                   : loaded 2 times (x 69B)
Class com.google.common.cache.ReferenceEntry                                          : loaded 2 times (x 68B)
Class com.google.common.collect.RegularImmutableMap$KeySet                            : loaded 2 times (x 148B)
Class com.google.common.collect.CollectPreconditions                                  : loaded 2 times (x 69B)
Class com.google.common.collect.Maps                                                  : loaded 2 times (x 69B)
Class com.google.common.collect.RegularImmutableMap                                   : loaded 2 times (x 119B)
Class com.google.common.collect.AbstractIndexedListIterator                           : loaded 2 times (x 94B)
Class com.google.common.base.CharMatcher$None                                         : loaded 2 times (x 110B)
Class org.gradle.api.internal.classpath.EffectiveClassPath                            : loaded 2 times (x 88B)
Class com.google.common.collect.UnmodifiableListIterator                              : loaded 2 times (x 93B)
Class com.google.common.cache.CacheLoader$FunctionToCacheLoader                       : loaded 2 times (x 73B)
Class com.google.common.cache.CacheBuilder$1                                          : loaded 2 times (x 83B)
Class com.google.common.cache.CacheBuilder$2                                          : loaded 2 times (x 77B)
Class com.google.common.collect.ImmutableList$1                                       : loaded 2 times (x 95B)
Class com.google.common.base.Splitter$Strategy                                        : loaded 2 times (x 68B)
Class com.google.common.cache.CacheBuilder$3                                          : loaded 2 times (x 70B)
Class com.google.common.collect.ImmutableMapEntrySet$RegularEntrySet                  : loaded 2 times (x 149B)
Class [Lcom.google.common.cache.RemovalListener;                                      : loaded 2 times (x 67B)
Class [Lcom.google.common.collect.ImmutableMapEntry;                                  : loaded 2 times (x 67B)
Class org.gradle.internal.installation.CurrentGradleInstallation                      : loaded 2 times (x 71B)
Class org.gradle.internal.agents.InstrumentingClassLoader                             : loaded 2 times (x 68B)
Class org.gradle.internal.installation.CurrentGradleInstallationLocator               : loaded 2 times (x 69B)
Class [Lcom.google.common.cache.LocalCache$Segment;                                   : loaded 2 times (x 67B)
Class org.gradle.api.internal.classpath.Module                                        : loaded 2 times (x 68B)
Class com.google.common.base.Splitter$1$1                                             : loaded 2 times (x 84B)
Class com.google.common.collect.ImmutableSet$JdkBackedSetBuilderImpl                  : loaded 2 times (x 74B)
Class com.google.common.collect.ImmutableSet$RegularSetBuilderImpl                    : loaded 2 times (x 75B)
Class org.gradle.internal.service.CachingServiceLocator                               : loaded 2 times (x 80B)
Class [Lcom.google.common.collect.ImmutableEntry;                                     : loaded 2 times (x 67B)
Class org.gradle.internal.classpath.DefaultClassPath                                  : loaded 2 times (x 88B)
Class com.google.common.base.Splitter$SplittingIterator                               : loaded 2 times (x 82B)
Class com.google.common.cache.LocalCache$LocalManualCache$1                           : loaded 2 times (x 73B)
Class [Lcom.google.common.cache.LocalCache$EntryFactory;                              : loaded 2 times (x 67B)
Class com.google.common.base.CharMatcher$Is                                           : loaded 2 times (x 109B)
Class com.google.common.base.Platform                                                 : loaded 2 times (x 69B)
Class com.google.common.collect.RegularImmutableAsList                                : loaded 2 times (x 176B)
Class com.google.common.collect.PeekingIterator                                       : loaded 2 times (x 68B)
Class com.google.common.collect.ImmutableMapEntrySet                                  : loaded 2 times (x 149B)
Class com.google.common.cache.CacheLoader                                             : loaded 2 times (x 72B)
Class com.google.common.collect.ImmutableBiMapFauxverideShim                          : loaded 2 times (x 118B)
Class com.google.common.cache.Cache                                                   : loaded 2 times (x 68B)
Class org.gradle.internal.classloader.SystemClassLoaderSpec                           : loaded 2 times (x 69B)
Class com.google.common.collect.SingletonImmutableSet                                 : loaded 2 times (x 144B)
Class [Lcom.google.common.base.AbstractIterator$State;                                : loaded 2 times (x 67B)
Class com.google.common.collect.ImmutableMap$Builder                                  : loaded 2 times (x 80B)
Class com.google.common.base.AbstractIterator                                         : loaded 2 times (x 78B)
Class com.google.common.base.AbstractIterator$1                                       : loaded 2 times (x 69B)
Class [Lcom.google.common.cache.CacheBuilder$OneWeigher;                              : loaded 2 times (x 67B)
Class com.google.common.collect.Iterators                                             : loaded 2 times (x 69B)
Class com.google.common.base.CharMatcher$1                                            : loaded 2 times (x 111B)
Class com.google.common.base.CharMatcher$Ascii                                        : loaded 2 times (x 110B)
Class com.google.common.cache.LocalCache$ComputingValueReference                      : loaded 2 times (x 94B)
Class org.gradle.api.UncheckedIOException                                             : loaded 2 times (x 80B)
Class com.google.common.base.CharMatcher$And                                          : loaded 2 times (x 110B)
Class com.google.common.collect.IndexedImmutableSet                                   : loaded 2 times (x 148B)
Class com.google.common.collect.AbstractListMultimap                                  : loaded 2 times (x 170B)
Class com.google.common.base.CharMatcher$Any                                          : loaded 2 times (x 110B)
Class org.gradle.internal.installation.GradleInstallation                             : loaded 2 times (x 73B)
Class com.google.common.cache.LocalCache$Strength                                     : loaded 2 times (x 79B)
Class com.google.common.collect.ArrayListMultimapGwtSerializationDependencies         : loaded 2 times (x 170B)
Class com.google.common.base.CharMatcher$RangesMatcher                                : loaded 2 times (x 110B)
Class com.google.common.collect.ImmutableList$SubList                                 : loaded 2 times (x 168B)
Class com.google.common.cache.LocalCache$ValueReference                               : loaded 2 times (x 68B)
Class org.gradle.internal.classloader.ClasspathUtil                                   : loaded 2 times (x 69B)
Class com.google.common.base.Splitter$1                                               : loaded 2 times (x 75B)
Class com.google.common.base.Ticker$1                                                 : loaded 2 times (x 70B)
Class com.google.common.collect.Maps$BiMapConverter                                   : loaded 2 times (x 88B)
Class org.gradle.api.internal.DefaultClassPathRegistry                                : loaded 2 times (x 74B)
Class com.google.common.collect.ImmutableSet$SetBuilderImpl                           : loaded 2 times (x 74B)
Class org.gradle.api.internal.classpath.DefaultModuleRegistry$DefaultModule           : loaded 2 times (x 84B)
Class com.google.common.base.CharMatcher$JavaIsoControl                               : loaded 2 times (x 110B)
Class com.google.common.collect.ImmutableMap$1                                        : loaded 2 times (x 79B)
Class com.google.common.base.CharMatcher$Or                                           : loaded 2 times (x 110B)
Class com.google.common.base.Suppliers$SupplierOfInstance                             : loaded 2 times (x 77B)
Class com.google.common.collect.Iterables                                             : loaded 2 times (x 69B)
Class com.google.common.base.CharMatcher$JavaLowerCase                                : loaded 2 times (x 109B)
Class org.gradle.api.internal.classpath.UnknownModuleException                        : loaded 2 times (x 80B)
Class com.google.common.collect.Maps$EntryTransformer                                 : loaded 2 times (x 68B)
Class com.google.common.collect.ImmutableCollection$Builder                           : loaded 2 times (x 74B)
Class com.google.common.collect.SingletonImmutableBiMap                               : loaded 2 times (x 141B)
Class com.google.common.base.CommonPattern                                            : loaded 2 times (x 72B)
Class com.google.common.base.Suppliers                                                : loaded 2 times (x 69B)
Class com.google.common.cache.LoadingCache                                            : loaded 2 times (x 68B)
Class org.gradle.internal.service.ServiceLookupException                              : loaded 2 times (x 80B)
Class org.gradle.cache.GlobalCache                                                    : loaded 2 times (x 68B)
Class com.google.common.base.CharMatcher$NegatedFastMatcher                           : loaded 2 times (x 111B)
Class [Lorg.gradle.api.internal.ClassPathProvider;                                    : loaded 2 times (x 67B)
Class org.gradle.util.internal.GUtil                                                  : loaded 2 times (x 69B)
Class com.google.common.math.IntMath                                                  : loaded 2 times (x 69B)
Class com.google.common.collect.AbstractIterator                                      : loaded 2 times (x 80B)
Class org.gradle.internal.classloader.ClassLoaderSpec                                 : loaded 2 times (x 69B)
Class com.google.common.base.NullnessCasts                                            : loaded 2 times (x 69B)
Class com.google.common.cache.LocalCache$LocalManualCache                             : loaded 2 times (x 97B)
Class com.google.common.collect.AbstractMapEntry                                      : loaded 2 times (x 79B)
Class com.google.common.base.CharMatcher$Negated                                      : loaded 2 times (x 111B)
Class com.google.common.cache.CacheLoader$1                                           : loaded 2 times (x 73B)
Class com.google.common.collect.ImmutableSet$Builder                                  : loaded 2 times (x 83B)
Class com.google.common.base.CharMatcher$ForPredicate                                 : loaded 2 times (x 110B)
Class com.google.common.collect.ImmutableMap$MapViewOfValuesAsSingletonSets           : loaded 2 times (x 123B)
Class com.google.common.base.MoreObjects                                              : loaded 2 times (x 69B)
Class com.google.common.collect.SortedMapDifference                                   : loaded 2 times (x 68B)
Class com.google.common.cache.CacheStats                                              : loaded 2 times (x 69B)
Class org.gradle.internal.classloader.VisitableURLClassLoader                         : loaded 2 times (x 114B)
Class com.google.common.cache.LocalCache$LocalLoadingCache                            : loaded 2 times (x 132B)
Class com.google.common.base.Supplier                                                 : loaded 2 times (x 68B)
Class com.google.common.collect.ImmutableBiMap                                        : loaded 2 times (x 141B)
Class org.gradle.internal.Cast                                                        : loaded 2 times (x 69B)
Class org.gradle.api.internal.ClassPathRegistry                                       : loaded 2 times (x 68B)
Class com.google.common.cache.LocalCache$EntryFactory                                 : loaded 2 times (x 81B)
Class com.google.common.util.concurrent.UncheckedExecutionException                   : loaded 2 times (x 80B)
Class com.google.common.collect.ImmutableSet                                          : loaded 2 times (x 143B)
Class org.gradle.internal.classloader.VisitableURLClassLoader$InstrumentingVisitableURLClassLoader: loaded 2 times (x 120B)
Class org.gradle.internal.classloader.ClassLoaderHierarchy                            : loaded 2 times (x 68B)
Class com.google.common.base.AbstractIterator$State                                   : loaded 2 times (x 77B)
Class com.google.common.cache.Weigher                                                 : loaded 2 times (x 68B)
Class com.google.common.base.CharMatcher$NamedFastMatcher                             : loaded 2 times (x 110B)
Class org.gradle.internal.InternalTransformer                                         : loaded 2 times (x 68B)
Class org.gradle.internal.service.ServiceLocator                                      : loaded 2 times (x 68B)
Class Settings_gradle$1                                                               : loaded 2 times (x 72B)
Class com.google.common.collect.ImmutableMapEntry                                     : loaded 2 times (x 83B)
Class com.google.common.base.CharMatcher$Invisible                                    : loaded 2 times (x 110B)
Class com.google.common.base.CharMatcher$FastMatcher                                  : loaded 2 times (x 109B)
Class org.gradle.internal.classpath.DefaultClassPath$ImmutableUniqueList              : loaded 2 times (x 159B)
Class com.google.common.base.CharMatcher$JavaLetter                                   : loaded 2 times (x 109B)
Class org.gradle.internal.classpath.TransformedClassPath                              : loaded 2 times (x 94B)
Class com.google.common.collect.MapDifference                                         : loaded 2 times (x 68B)
Class Settings_gradle                                                                 : loaded 2 times (x 126B)
Class com.google.common.collect.Platform                                              : loaded 2 times (x 69B)
Class com.google.common.collect.ImmutableAsList                                       : loaded 2 times (x 169B)
Class com.google.common.util.concurrent.ExecutionError                                : loaded 2 times (x 80B)
Class com.google.common.base.Equivalence$Identity                                     : loaded 2 times (x 80B)
Class com.google.common.base.CharMatcher$AnyOf                                        : loaded 2 times (x 110B)
Class com.google.common.base.CharMatcher$IsEither                                     : loaded 2 times (x 109B)
Class com.google.common.cache.LocalCache                                              : loaded 2 times (x 185B)
Class com.google.common.collect.RegularImmutableList                                  : loaded 2 times (x 172B)
Class com.google.common.base.CharMatcher$JavaUpperCase                                : loaded 2 times (x 109B)
Class com.google.common.collect.Multiset                                              : loaded 2 times (x 68B)
Class com.google.common.collect.ImmutableSet$CachingAsList                            : loaded 2 times (x 145B)
Class com.google.common.collect.ImmutableMapEntry$NonTerminalImmutableMapEntry        : loaded 2 times (x 83B)
Class com.google.common.collect.AbstractMapBasedMultimap                              : loaded 2 times (x 137B)


---------------  S Y S T E M  ---------------

OS:
 Windows 10 , 64 bit Build 19041 (10.0.19041.3393)
OS uptime: 2 days 16:26 hours

CPU: total 8 (initial active 8) (8 cores per cpu, 2 threads per core) family 23 model 24 stepping 1 microcode 0x0, cx8, cmov, fxsr, ht, mmx, 3dnowpref, sse, sse2, sse3, ssse3, sse4a, sse4.1, sse4.2, popcnt, lzcnt, tsc, tscinvbit, avx, avx2, aes, clmul, bmi1, bmi2, adx, sha, fma, vzeroupper, clflush, clflushopt

Memory: 4k page, system-wide physical 7103M (297M free)
TotalPageFile size 17343M (AvailPageFile size 20M)
current process WorkingSet (physical memory assigned to process): 314M, peak: 315M
current process commit charge ("private bytes"): 359M, peak: 374M

vm_info: OpenJDK 64-Bit Server VM (17.0.7+0-b2043.56-10550314) for windows-amd64 JRE (17.0.7+0-b2043.56-10550314), built on Jul 24 2023 18:27:45 by "androidbuild" with MS VC++ 16.10 / 16.11 (VS2019)

END.
