#
# There is insufficient memory for the Java Runtime Environment to continue.
# Native memory allocation (mmap) failed to map 117440512 bytes for G1 virtual space
# Possible reasons:
#   The system is out of physical RAM or swap space
#   The process is running with CompressedOops enabled, and the Java Heap may be blocking the growth of the native heap
# Possible solutions:
#   Reduce memory load on the system
#   Increase physical memory or swap space
#   Check if swap backing store is full
#   Decrease Java heap size (-Xmx/-Xms)
#   Decrease number of Java threads
#   Decrease Java thread stack sizes (-Xss)
#   Set larger code cache with -XX:ReservedCodeCacheSize=
#   JVM is running with Unscaled Compressed Oops mode in which the Java heap is
#     placed in the first 4GB address space. The Java Heap base address is the
#     maximum limit for the native heap growth. Please use -XX:HeapBaseMinAddress
#     to set the Java Heap base and to place the Java Heap above 4GB virtual address.
# This output file may be truncated or incomplete.
#
#  Out of Memory Error (os_windows.cpp:3771), pid=4700, tid=8028
#
# JRE version:  (17.0.7) (build )
# Java VM: OpenJDK 64-Bit Server VM (17.0.7+0-b2043.56-10550314, mixed mode, sharing, tiered, compressed oops, compressed class ptrs, g1 gc, windows-amd64)
# No core dump will be written. Minidumps are not enabled by default on client versions of Windows
#

---------------  S U M M A R Y ------------

Command Line: git4idea.http.GitAskPassApp Username for 'https://github.com': 

Host: AMD Ryzen 5 3500U with Radeon Vega Mobile Gfx  , 8 cores, 6G,  Windows 10 , 64 bit Build 19041 (10.0.19041.3393)
Time: Wed Mar 20 15:30:23 2024 Türkiye Standart Saati elapsed time: 0.021566 seconds (0d 0h 0m 0s)

---------------  T H R E A D  ---------------

Current thread (0x000001e1b9d8ca90):  JavaThread "Unknown thread" [_thread_in_vm, id=8028, stack(0x000000bba5300000,0x000000bba5400000)]

Stack: [0x000000bba5300000,0x000000bba5400000]
Native frames: (J=compiled Java code, j=interpreted, Vv=VM code, C=native code)
V  [jvm.dll+0x683bfa]
V  [jvm.dll+0x8430a4]
V  [jvm.dll+0x8449be]
V  [jvm.dll+0x845023]
V  [jvm.dll+0x24ad2f]
V  [jvm.dll+0x680ac9]
V  [jvm.dll+0x67519a]
V  [jvm.dll+0x30b3cb]
V  [jvm.dll+0x312876]
V  [jvm.dll+0x36221e]
V  [jvm.dll+0x36244f]
V  [jvm.dll+0x2e14a8]
V  [jvm.dll+0x2e2414]
V  [jvm.dll+0x814391]
V  [jvm.dll+0x36ffe1]
V  [jvm.dll+0x7f396c]
V  [jvm.dll+0x3f305f]
V  [jvm.dll+0x3f4b91]
C  [jli.dll+0x528f]
C  [ucrtbase.dll+0x21bb2]
C  [KERNEL32.DLL+0x17344]
C  [ntdll.dll+0x526b1]


---------------  P R O C E S S  ---------------

Threads class SMR info:
_java_thread_list=0x00007ffb3396d098, length=0, elements={
}

Java Threads: ( => current thread )

Other Threads:
  0x000001e1b9de1070 GCTaskThread "GC Thread#0" [stack: 0x000000bba5400000,0x000000bba5500000] [id=12576]
  0x000001e1b9df0dc0 ConcurrentGCThread "G1 Main Marker" [stack: 0x000000bba5500000,0x000000bba5600000] [id=1872]
  0x000001e1b9df17d0 ConcurrentGCThread "G1 Conc#0" [stack: 0x000000bba5600000,0x000000bba5700000] [id=7896]

[error occurred during error reporting (printing all threads), id 0xc0000005, EXCEPTION_ACCESS_VIOLATION (0xc0000005) at pc=0x00007ffb33122087]

VM state: not at safepoint (not fully initialized)

VM Mutex/Monitor currently owned by a thread:  ([mutex/lock_event])
[0x000001e1b9d87db0] Heap_lock - owner thread: 0x000001e1b9d8ca90

Heap address: 0x0000000091000000, size: 1776 MB, Compressed Oops mode: 32-bit

CDS archive(s) mapped at: [0x0000000000000000-0x0000000000000000-0x0000000000000000), size 0, SharedBaseAddress: 0x0000000800000000, ArchiveRelocationMode: 0.
Narrow klass base: 0x0000000000000000, Narrow klass shift: 0, Narrow klass range: 0x0

GC Precious Log:
<Empty>

Heap:
 garbage-first heap   total 0K, used 0K [0x0000000091000000, 0x0000000100000000)
  region size 1024K, 0 young (0K), 0 survivors (0K)
 Metaspace       used 0K, committed 0K, reserved 0K
  class space    used 0K, committed 0K, reserved 0K

Heap Regions: E=young(eden), S=young(survivor), O=old, HS=humongous(starts), HC=humongous(continues), CS=collection set, F=free, OA=open archive, CA=closed archive, TAMS=top-at-mark-start (previous, next)

Card table byte_map: [0x000001e1cc920000,0x000001e1ccca0000] _byte_map_base: 0x000001e1cc498000

Marking Bits (Prev, Next): (CMBitMap*) 0x000001e1b9de2690, (CMBitMap*) 0x000001e1b9de26d0
 Prev Bits: [0x000001e1cd020000, 0x000001e1cebe0000)
 Next Bits: [0x000001e1cebe0000, 0x000001e1d07a0000)

GC Heap History (0 events):
No events

Dll operation events (1 events):
Event: 0.012 Loaded shared library C:\Program Files\Android\Android Studio\jbr\bin\java.dll

Deoptimization events (0 events):
No events

Classes unloaded (0 events):
No events

Classes redefined (0 events):
No events

Internal exceptions (0 events):
No events

VM Operations (0 events):
No events

Events (0 events):
No events


Dynamic libraries:
0x00007ff70e2e0000 - 0x00007ff70e2ea000 	C:\Program Files\Android\Android Studio\jbr\bin\java.exe
0x00007ffbba6d0000 - 0x00007ffbba8c8000 	C:\WINDOWS\SYSTEM32\ntdll.dll
0x00007ffbb95c0000 - 0x00007ffbb967d000 	C:\WINDOWS\System32\KERNEL32.DLL
0x00007ffbb7ea0000 - 0x00007ffbb8196000 	C:\WINDOWS\System32\KERNELBASE.dll
0x00007ffbb81a0000 - 0x00007ffbb82a0000 	C:\WINDOWS\System32\ucrtbase.dll
0x00007ffb32c70000 - 0x00007ffb32c87000 	C:\Program Files\Android\Android Studio\jbr\bin\jli.dll
0x00007ffbabfd0000 - 0x00007ffbabfeb000 	C:\Program Files\Android\Android Studio\jbr\bin\VCRUNTIME140.dll
0x00007ffbb8ee0000 - 0x00007ffbb907e000 	C:\WINDOWS\System32\USER32.dll
0x00007ffbb85a0000 - 0x00007ffbb85c2000 	C:\WINDOWS\System32\win32u.dll
0x00007ffb9fe90000 - 0x00007ffba012a000 	C:\WINDOWS\WinSxS\amd64_microsoft.windows.common-controls_6595b64144ccf1df_6.0.19041.1110_none_60b5254171f9507e\COMCTL32.dll
0x00007ffbb9240000 - 0x00007ffbb926c000 	C:\WINDOWS\System32\GDI32.dll
0x00007ffbb8480000 - 0x00007ffbb859a000 	C:\WINDOWS\System32\gdi32full.dll
0x00007ffbb9080000 - 0x00007ffbb911e000 	C:\WINDOWS\System32\msvcrt.dll
0x00007ffbb7db0000 - 0x00007ffbb7e4d000 	C:\WINDOWS\System32\msvcp_win.dll
0x00007ffbba300000 - 0x00007ffbba330000 	C:\WINDOWS\System32\IMM32.DLL
0x00007ffba4e70000 - 0x00007ffba4e7c000 	C:\Program Files\Android\Android Studio\jbr\bin\vcruntime140_1.dll
0x00007ffb7a960000 - 0x00007ffb7a9ed000 	C:\Program Files\Android\Android Studio\jbr\bin\msvcp140.dll
0x00007ffb32e30000 - 0x00007ffb33ab0000 	C:\Program Files\Android\Android Studio\jbr\bin\server\jvm.dll
0x00007ffbba480000 - 0x00007ffbba52e000 	C:\WINDOWS\System32\ADVAPI32.dll
0x00007ffbb9680000 - 0x00007ffbb971c000 	C:\WINDOWS\System32\sechost.dll
0x00007ffbba540000 - 0x00007ffbba666000 	C:\WINDOWS\System32\RPCRT4.dll
0x00007ffbb0050000 - 0x00007ffbb005a000 	C:\WINDOWS\SYSTEM32\VERSION.dll
0x00007ffbad6b0000 - 0x00007ffbad6d7000 	C:\WINDOWS\SYSTEM32\WINMM.dll
0x00007ffbad320000 - 0x00007ffbad329000 	C:\WINDOWS\SYSTEM32\WSOCK32.dll
0x00007ffbb9270000 - 0x00007ffbb92db000 	C:\WINDOWS\System32\WS2_32.dll
0x00007ffbb6620000 - 0x00007ffbb6632000 	C:\WINDOWS\SYSTEM32\kernel.appcore.dll
0x00007ffbad290000 - 0x00007ffbad29a000 	C:\Program Files\Android\Android Studio\jbr\bin\jimage.dll
0x00007ffbb6080000 - 0x00007ffbb6264000 	C:\WINDOWS\SYSTEM32\DBGHELP.DLL
0x00007ffbab820000 - 0x00007ffbab854000 	C:\WINDOWS\SYSTEM32\dbgcore.DLL
0x00007ffbb82a0000 - 0x00007ffbb8322000 	C:\WINDOWS\System32\bcryptPrimitives.dll
0x00007ffbad260000 - 0x00007ffbad285000 	C:\Program Files\Android\Android Studio\jbr\bin\java.dll

dbghelp: loaded successfully - version: 4.0.5 - missing functions: none
symbol engine: initialized successfully - sym options: 0x614 - pdb path: .;C:\Program Files\Android\Android Studio\jbr\bin;C:\WINDOWS\SYSTEM32;C:\WINDOWS\WinSxS\amd64_microsoft.windows.common-controls_6595b64144ccf1df_6.0.19041.1110_none_60b5254171f9507e;C:\Program Files\Android\Android Studio\jbr\bin\server

VM Arguments:
java_command: git4idea.http.GitAskPassApp Username for 'https://github.com': 
java_class_path (initial): C:/Program Files/Android/Android Studio/plugins/vcs-git/lib/git4idea-rt.jar;C:/Program Files/Android/Android Studio/lib/externalProcess-rt.jar
Launcher Type: SUN_STANDARD

[Global flags]
     intx CICompilerCount                          = 4                                         {product} {ergonomic}
     uint ConcGCThreads                            = 2                                         {product} {ergonomic}
     uint G1ConcRefinementThreads                  = 8                                         {product} {ergonomic}
   size_t G1HeapRegionSize                         = 1048576                                   {product} {ergonomic}
    uintx GCDrainStackTargetSize                   = 64                                        {product} {ergonomic}
   size_t InitialHeapSize                          = 117440512                                 {product} {ergonomic}
   size_t MarkStackSize                            = 4194304                                   {product} {ergonomic}
   size_t MaxHeapSize                              = 1862270976                                {product} {ergonomic}
   size_t MinHeapDeltaBytes                        = 1048576                                   {product} {ergonomic}
   size_t MinHeapSize                              = 8388608                                   {product} {ergonomic}
    uintx NonNMethodCodeHeapSize                   = 5839372                                {pd product} {ergonomic}
    uintx NonProfiledCodeHeapSize                  = 122909434                              {pd product} {ergonomic}
    uintx ProfiledCodeHeapSize                     = 122909434                              {pd product} {ergonomic}
    uintx ReservedCodeCacheSize                    = 251658240                              {pd product} {ergonomic}
     bool SegmentedCodeCache                       = true                                      {product} {ergonomic}
   size_t SoftMaxHeapSize                          = 1862270976                             {manageable} {ergonomic}
     bool UseCompressedClassPointers               = true                           {product lp64_product} {ergonomic}
     bool UseCompressedOops                        = true                           {product lp64_product} {ergonomic}
     bool UseG1GC                                  = true                                      {product} {ergonomic}
     bool UseLargePagesIndividualAllocation        = false                                  {pd product} {ergonomic}

Logging:
Log output configuration:
 #0: stdout all=warning uptime,level,tags
 #1: stderr all=off uptime,level,tags

Environment Variables:
PATH=C:/Program Files/Git/mingw64/libexec/git-core;C:/Program Files/Git/mingw64/libexec/git-core;C:\Program Files\Git\mingw64\bin;C:\Program Files\Git\usr\bin;C:\Users\james\bin;C:\Program Files\Common Files\Oracle\Java\javapath;C:\WINDOWS\system32;C:\WINDOWS;C:\WINDOWS\System32\Wbem;C:\WINDOWS\System32\WindowsPowerShell\v1.0\;C:\WINDOWS\System32\OpenSSH\;C:\Program Files\Git\cmd;C:\Users\james\AppData\Local\Microsoft\WindowsApps
USERNAME=james
DISPLAY=:0.0
LC_ALL=en_US.UTF-8
TERM=xterm-256color
TMPDIR=C:\Users\james\AppData\Local\Temp
OS=Windows_NT
PROCESSOR_IDENTIFIER=AMD64 Family 23 Model 24 Stepping 1, AuthenticAMD
TMP=C:\Users\james\AppData\Local\Temp
TEMP=C:\Users\james\AppData\Local\Temp


JNI global refs:
JNI global refs: 0, weak refs: 0

JNI global refs memory usage: 0, weak refs: 0

OOME stack traces (most recent first):
Classloader memory used:


---------------  S Y S T E M  ---------------

OS:
 Windows 10 , 64 bit Build 19041 (10.0.19041.3393)
OS uptime: 0 days 2:57 hours

CPU: total 8 (initial active 8) (8 cores per cpu, 2 threads per core) family 23 model 24 stepping 1 microcode 0x0, cx8, cmov, fxsr, ht, mmx, 3dnowpref, sse, sse2, sse3, ssse3, sse4a, sse4.1, sse4.2, popcnt, lzcnt, tsc, tscinvbit, avx, avx2, aes, clmul, bmi1, bmi2, adx, sha, fma, vzeroupper, clflush, clflushopt

Memory: 4k page, system-wide physical 7103M (501M free)
TotalPageFile size 17314M (AvailPageFile size 71M)
current process WorkingSet (physical memory assigned to process): 10M, peak: 10M
current process commit charge ("private bytes"): 60M, peak: 172M

vm_info: OpenJDK 64-Bit Server VM (17.0.7+0-b2043.56-10550314) for windows-amd64 JRE (17.0.7+0-b2043.56-10550314), built on Jul 24 2023 18:27:45 by "androidbuild" with MS VC++ 16.10 / 16.11 (VS2019)

END.
