#
# There is insufficient memory for the Java Runtime Environment to continue.
# Native memory allocation (mmap) failed to map 65536 bytes for Failed to commit metaspace.
# Possible reasons:
#   The system is out of physical RAM or swap space
#   The process is running with CompressedOops enabled, and the Java Heap may be blocking the growth of the native heap
# Possible solutions:
#   Reduce memory load on the system
#   Increase physical memory or swap space
#   Check if swap backing store is full
#   Decrease Java heap size (-Xmx/-Xms)
#   Decrease number of Java threads
#   Decrease Java thread stack sizes (-Xss)
#   Set larger code cache with -XX:ReservedCodeCacheSize=
#   JVM is running with Unscaled Compressed Oops mode in which the Java heap is
#     placed in the first 4GB address space. The Java Heap base address is the
#     maximum limit for the native heap growth. Please use -XX:HeapBaseMinAddress
#     to set the Java Heap base and to place the Java Heap above 4GB virtual address.
# This output file may be truncated or incomplete.
#
#  Out of Memory Error (virtualSpaceNode.cpp:110), pid=10440, tid=13048
#
# JRE version: OpenJDK Runtime Environment (17.0.7) (build 17.0.7+0-b2043.56-10550314)
# Java VM: OpenJDK 64-Bit Server VM (17.0.7+0-b2043.56-10550314, mixed mode, tiered, compressed oops, compressed class ptrs, g1 gc, windows-amd64)
# No core dump will be written. Minidumps are not enabled by default on client versions of Windows
#

---------------  S U M M A R Y ------------

Command Line: git4idea.http.GitAskPassApp Username for 'https://github.com': 

Host: AMD Ryzen 5 3500U with Radeon Vega Mobile Gfx  , 8 cores, 6G,  Windows 10 , 64 bit Build 19041 (10.0.19041.3393)
Time: Sun Mar 17 19:23:51 2024 Türkiye Standart Saati elapsed time: 0.560709 seconds (0d 0h 0m 0s)

---------------  T H R E A D  ---------------

Current thread (0x00000229a5958af0):  JavaThread "main" [_thread_in_vm, id=13048, stack(0x000000fa07a00000,0x000000fa07b00000)]

Stack: [0x000000fa07a00000,0x000000fa07b00000]
Native frames: (J=compiled Java code, j=interpreted, Vv=VM code, C=native code)
V  [jvm.dll+0x683bfa]
V  [jvm.dll+0x8430a4]
V  [jvm.dll+0x8449be]
V  [jvm.dll+0x845023]
V  [jvm.dll+0x24ad2f]
V  [jvm.dll+0x83e45b]
V  [jvm.dll+0x6281e6]
V  [jvm.dll+0x62824a]
V  [jvm.dll+0x62aa6a]
V  [jvm.dll+0x628b86]
V  [jvm.dll+0x23ffe6]
V  [jvm.dll+0x1ef45d]
V  [jvm.dll+0x1e4e1c]
V  [jvm.dll+0x54a1dd]
V  [jvm.dll+0x1f573b]
V  [jvm.dll+0x7bcb6b]
V  [jvm.dll+0x7bdfb2]
V  [jvm.dll+0x7be2e8]
V  [jvm.dll+0x2429be]
V  [jvm.dll+0x3860ce]
C  0x00000229b038b5bb

Java frames: (J=compiled Java code, j=interpreted, Vv=VM code)
j  jdk.internal.module.SystemModuleFinders$2.get()Ljava/lang/module/ModuleReader;+0 java.base@17.0.7
j  jdk.internal.module.SystemModuleFinders$2.get()Ljava/lang/Object;+1 java.base@17.0.7
j  jdk.internal.module.ModuleReferenceImpl.open()Ljava/lang/module/ModuleReader;+4 java.base@17.0.7
j  jdk.internal.loader.BuiltinClassLoader$5.apply(Ljava/lang/module/ModuleReference;)Ljava/lang/module/ModuleReader;+4 java.base@17.0.7
j  jdk.internal.loader.BuiltinClassLoader$5.apply(Ljava/lang/Object;)Ljava/lang/Object;+5 java.base@17.0.7
j  java.util.concurrent.ConcurrentHashMap.computeIfAbsent(Ljava/lang/Object;Ljava/util/function/Function;)Ljava/lang/Object;+115 java.base@17.0.7
j  jdk.internal.loader.BuiltinClassLoader.moduleReaderFor(Ljava/lang/module/ModuleReference;)Ljava/lang/module/ModuleReader;+34 java.base@17.0.7
j  jdk.internal.loader.BuiltinClassLoader.defineClass(Ljava/lang/String;Ljdk/internal/loader/BuiltinClassLoader$LoadedModule;)Ljava/lang/Class;+7 java.base@17.0.7
j  jdk.internal.loader.BuiltinClassLoader.findClassInModuleOrNull(Ljdk/internal/loader/BuiltinClassLoader$LoadedModule;Ljava/lang/String;)Ljava/lang/Class;+9 java.base@17.0.7
j  jdk.internal.loader.BuiltinClassLoader.findClass(Ljava/lang/String;Ljava/lang/String;)Ljava/lang/Class;+42 java.base@17.0.7
j  java.lang.ClassLoader.loadClass(Ljava/lang/Module;Ljava/lang/String;)Ljava/lang/Class;+26 java.base@17.0.7
j  java.lang.Class.forName(Ljava/lang/Module;Ljava/lang/String;)Ljava/lang/Class;+81 java.base@17.0.7
j  java.util.ServiceLoader.loadProvider(Ljdk/internal/module/ServicesCatalog$ServiceProvider;)Ljava/util/ServiceLoader$Provider;+38 java.base@17.0.7
j  java.util.ServiceLoader$ModuleServicesLookupIterator.hasNext()Z+79 java.base@17.0.7
j  java.util.ServiceLoader$2.hasNext()Z+4 java.base@17.0.7
j  java.util.ServiceLoader$3.hasNext()Z+32 java.base@17.0.7
j  sun.security.jca.ProviderConfig$ProviderLoader.load(Ljava/lang/String;)Ljava/security/Provider;+45 java.base@17.0.7
j  sun.security.jca.ProviderConfig$3.run()Ljava/security/Provider;+44 java.base@17.0.7
j  sun.security.jca.ProviderConfig$3.run()Ljava/lang/Object;+1 java.base@17.0.7
j  java.security.AccessController.executePrivileged(Ljava/security/PrivilegedAction;Ljava/security/AccessControlContext;Ljava/lang/Class;)Ljava/lang/Object;+29 java.base@17.0.7
j  java.security.AccessController.doPrivileged(Ljava/security/PrivilegedAction;)Ljava/lang/Object;+5 java.base@17.0.7
j  sun.security.jca.ProviderConfig.doLoadProvider()Ljava/security/Provider;+8 java.base@17.0.7
j  sun.security.jca.ProviderConfig.getProvider()Ljava/security/Provider;+281 java.base@17.0.7
j  sun.security.jca.ProviderList.getProvider(I)Ljava/security/Provider;+6 java.base@17.0.7
j  sun.security.jca.ProviderList.getService(Ljava/lang/String;Ljava/lang/String;)Ljava/security/Provider$Service;+90 java.base@17.0.7
j  sun.security.jca.GetInstance.getInstance(Ljava/lang/String;Ljava/lang/Class;Ljava/lang/String;)Lsun/security/jca/GetInstance$Instance;+7 java.base@17.0.7
j  javax.net.ssl.SSLContext.getInstance(Ljava/lang/String;)Ljavax/net/ssl/SSLContext;+12 java.base@17.0.7
j  externalApp.ExternalAppUtil.sendIdeRequest(Ljava/lang/String;ILjava/lang/String;Ljava/lang/String;)LexternalApp/ExternalAppUtil$Result;+18
j  git4idea.http.GitAskPassApp.main([Ljava/lang/String;)V+37
v  ~StubRoutines::call_stub

---------------  P R O C E S S  ---------------

Threads class SMR info:
_java_thread_list=0x00000229c324e020, length=12, elements={
0x00000229a5958af0, 0x00000229bed96500, 0x00000229bed9fe00, 0x00000229bedf4a70,
0x00000229c3121600, 0x00000229c3123fd0, 0x00000229c3125840, 0x00000229c30f7bb0,
0x00000229c30f80c0, 0x00000229c30fad80, 0x00000229c3277750, 0x00000229c3276db0
}

Java Threads: ( => current thread )
=>0x00000229a5958af0 JavaThread "main" [_thread_in_vm, id=13048, stack(0x000000fa07a00000,0x000000fa07b00000)]
  0x00000229bed96500 JavaThread "Reference Handler" daemon [_thread_blocked, id=13504, stack(0x000000fa08100000,0x000000fa08200000)]
  0x00000229bed9fe00 JavaThread "Finalizer" daemon [_thread_blocked, id=1516, stack(0x000000fa08200000,0x000000fa08300000)]
  0x00000229bedf4a70 JavaThread "Signal Dispatcher" daemon [_thread_blocked, id=12432, stack(0x000000fa08300000,0x000000fa08400000)]
  0x00000229c3121600 JavaThread "Attach Listener" daemon [_thread_blocked, id=5644, stack(0x000000fa08400000,0x000000fa08500000)]
  0x00000229c3123fd0 JavaThread "Service Thread" daemon [_thread_blocked, id=14164, stack(0x000000fa08500000,0x000000fa08600000)]
  0x00000229c3125840 JavaThread "Monitor Deflation Thread" daemon [_thread_blocked, id=3116, stack(0x000000fa08600000,0x000000fa08700000)]
  0x00000229c30f7bb0 JavaThread "C2 CompilerThread0" daemon [_thread_blocked, id=13580, stack(0x000000fa08700000,0x000000fa08800000)]
  0x00000229c30f80c0 JavaThread "C1 CompilerThread0" daemon [_thread_blocked, id=13692, stack(0x000000fa08800000,0x000000fa08900000)]
  0x00000229c30fad80 JavaThread "Sweeper thread" daemon [_thread_blocked, id=14692, stack(0x000000fa08900000,0x000000fa08a00000)]
  0x00000229c3277750 JavaThread "Notification Thread" daemon [_thread_blocked, id=14832, stack(0x000000fa08a00000,0x000000fa08b00000)]
  0x00000229c3276db0 JavaThread "Common-Cleaner" daemon [_thread_blocked, id=11800, stack(0x000000fa08c00000,0x000000fa08d00000)]

Other Threads:
  0x00000229bedc07f0 VMThread "VM Thread" [stack: 0x000000fa08000000,0x000000fa08100000] [id=4184]
  0x00000229c327de40 WatcherThread [stack: 0x000000fa08b00000,0x000000fa08c00000] [id=1548]
  0x00000229a59ae590 GCTaskThread "GC Thread#0" [stack: 0x000000fa07b00000,0x000000fa07c00000] [id=13596]
  0x00000229a59bd2d0 ConcurrentGCThread "G1 Main Marker" [stack: 0x000000fa07c00000,0x000000fa07d00000] [id=11836]
  0x00000229a59be480 ConcurrentGCThread "G1 Conc#0" [stack: 0x000000fa07d00000,0x000000fa07e00000] [id=8500]
  0x00000229a5a235c0 ConcurrentGCThread "G1 Refine#0" [stack: 0x000000fa07e00000,0x000000fa07f00000] [id=14680]
  0x00000229a5a23fe0 ConcurrentGCThread "G1 Service" [stack: 0x000000fa07f00000,0x000000fa08000000] [id=9452]

Threads with active compile tasks:

VM state: not at safepoint (normal execution)

VM Mutex/Monitor currently owned by a thread:  ([mutex/lock_event])
[0x00000229a5952ec0] Metaspace_lock - owner thread: 0x00000229a5958af0

Heap address: 0x0000000091000000, size: 1776 MB, Compressed Oops mode: 32-bit

CDS archive(s) not mapped
Compressed class space mapped at: 0x0000000100000000-0x0000000140000000, reserved size: 1073741824
Narrow klass base: 0x0000000000000000, Narrow klass shift: 3, Narrow klass range: 0x140000000

GC Precious Log:
 CPUs: 8 total, 8 available
 Memory: 7103M
 Large Page Support: Disabled
 NUMA Support: Disabled
 Compressed Oops: Enabled (32-bit)
 Heap Region Size: 1M
 Heap Min Capacity: 8M
 Heap Initial Capacity: 112M
 Heap Max Capacity: 1776M
 Pre-touch: Disabled
 Parallel Workers: 8
 Concurrent Workers: 2
 Concurrent Refinement Workers: 8
 Periodic GC: Disabled

Heap:
 garbage-first heap   total 114688K, used 1024K [0x0000000091000000, 0x0000000100000000)
  region size 1024K, 2 young (2048K), 0 survivors (0K)
 Metaspace       used 5710K, committed 5824K, reserved 1114112K
  class space    used 516K, committed 576K, reserved 1048576K

Heap Regions: E=young(eden), S=young(survivor), O=old, HS=humongous(starts), HC=humongous(continues), CS=collection set, F=free, OA=open archive, CA=closed archive, TAMS=top-at-mark-start (previous, next)
|   0|0x0000000091000000, 0x0000000091000000, 0x0000000091100000|  0%| F|  |TAMS 0x0000000091000000, 0x0000000091000000| Untracked 
|   1|0x0000000091100000, 0x0000000091100000, 0x0000000091200000|  0%| F|  |TAMS 0x0000000091100000, 0x0000000091100000| Untracked 
|   2|0x0000000091200000, 0x0000000091200000, 0x0000000091300000|  0%| F|  |TAMS 0x0000000091200000, 0x0000000091200000| Untracked 
|   3|0x0000000091300000, 0x0000000091300000, 0x0000000091400000|  0%| F|  |TAMS 0x0000000091300000, 0x0000000091300000| Untracked 
|   4|0x0000000091400000, 0x0000000091400000, 0x0000000091500000|  0%| F|  |TAMS 0x0000000091400000, 0x0000000091400000| Untracked 
|   5|0x0000000091500000, 0x0000000091500000, 0x0000000091600000|  0%| F|  |TAMS 0x0000000091500000, 0x0000000091500000| Untracked 
|   6|0x0000000091600000, 0x0000000091600000, 0x0000000091700000|  0%| F|  |TAMS 0x0000000091600000, 0x0000000091600000| Untracked 
|   7|0x0000000091700000, 0x0000000091700000, 0x0000000091800000|  0%| F|  |TAMS 0x0000000091700000, 0x0000000091700000| Untracked 
|   8|0x0000000091800000, 0x0000000091800000, 0x0000000091900000|  0%| F|  |TAMS 0x0000000091800000, 0x0000000091800000| Untracked 
|   9|0x0000000091900000, 0x0000000091900000, 0x0000000091a00000|  0%| F|  |TAMS 0x0000000091900000, 0x0000000091900000| Untracked 
|  10|0x0000000091a00000, 0x0000000091a00000, 0x0000000091b00000|  0%| F|  |TAMS 0x0000000091a00000, 0x0000000091a00000| Untracked 
|  11|0x0000000091b00000, 0x0000000091b00000, 0x0000000091c00000|  0%| F|  |TAMS 0x0000000091b00000, 0x0000000091b00000| Untracked 
|  12|0x0000000091c00000, 0x0000000091c00000, 0x0000000091d00000|  0%| F|  |TAMS 0x0000000091c00000, 0x0000000091c00000| Untracked 
|  13|0x0000000091d00000, 0x0000000091d00000, 0x0000000091e00000|  0%| F|  |TAMS 0x0000000091d00000, 0x0000000091d00000| Untracked 
|  14|0x0000000091e00000, 0x0000000091e00000, 0x0000000091f00000|  0%| F|  |TAMS 0x0000000091e00000, 0x0000000091e00000| Untracked 
|  15|0x0000000091f00000, 0x0000000091f00000, 0x0000000092000000|  0%| F|  |TAMS 0x0000000091f00000, 0x0000000091f00000| Untracked 
|  16|0x0000000092000000, 0x0000000092000000, 0x0000000092100000|  0%| F|  |TAMS 0x0000000092000000, 0x0000000092000000| Untracked 
|  17|0x0000000092100000, 0x0000000092100000, 0x0000000092200000|  0%| F|  |TAMS 0x0000000092100000, 0x0000000092100000| Untracked 
|  18|0x0000000092200000, 0x0000000092200000, 0x0000000092300000|  0%| F|  |TAMS 0x0000000092200000, 0x0000000092200000| Untracked 
|  19|0x0000000092300000, 0x0000000092300000, 0x0000000092400000|  0%| F|  |TAMS 0x0000000092300000, 0x0000000092300000| Untracked 
|  20|0x0000000092400000, 0x0000000092400000, 0x0000000092500000|  0%| F|  |TAMS 0x0000000092400000, 0x0000000092400000| Untracked 
|  21|0x0000000092500000, 0x0000000092500000, 0x0000000092600000|  0%| F|  |TAMS 0x0000000092500000, 0x0000000092500000| Untracked 
|  22|0x0000000092600000, 0x0000000092600000, 0x0000000092700000|  0%| F|  |TAMS 0x0000000092600000, 0x0000000092600000| Untracked 
|  23|0x0000000092700000, 0x0000000092700000, 0x0000000092800000|  0%| F|  |TAMS 0x0000000092700000, 0x0000000092700000| Untracked 
|  24|0x0000000092800000, 0x0000000092800000, 0x0000000092900000|  0%| F|  |TAMS 0x0000000092800000, 0x0000000092800000| Untracked 
|  25|0x0000000092900000, 0x0000000092900000, 0x0000000092a00000|  0%| F|  |TAMS 0x0000000092900000, 0x0000000092900000| Untracked 
|  26|0x0000000092a00000, 0x0000000092a00000, 0x0000000092b00000|  0%| F|  |TAMS 0x0000000092a00000, 0x0000000092a00000| Untracked 
|  27|0x0000000092b00000, 0x0000000092b00000, 0x0000000092c00000|  0%| F|  |TAMS 0x0000000092b00000, 0x0000000092b00000| Untracked 
|  28|0x0000000092c00000, 0x0000000092c00000, 0x0000000092d00000|  0%| F|  |TAMS 0x0000000092c00000, 0x0000000092c00000| Untracked 
|  29|0x0000000092d00000, 0x0000000092d00000, 0x0000000092e00000|  0%| F|  |TAMS 0x0000000092d00000, 0x0000000092d00000| Untracked 
|  30|0x0000000092e00000, 0x0000000092e00000, 0x0000000092f00000|  0%| F|  |TAMS 0x0000000092e00000, 0x0000000092e00000| Untracked 
|  31|0x0000000092f00000, 0x0000000092f00000, 0x0000000093000000|  0%| F|  |TAMS 0x0000000092f00000, 0x0000000092f00000| Untracked 
|  32|0x0000000093000000, 0x0000000093000000, 0x0000000093100000|  0%| F|  |TAMS 0x0000000093000000, 0x0000000093000000| Untracked 
|  33|0x0000000093100000, 0x0000000093100000, 0x0000000093200000|  0%| F|  |TAMS 0x0000000093100000, 0x0000000093100000| Untracked 
|  34|0x0000000093200000, 0x0000000093200000, 0x0000000093300000|  0%| F|  |TAMS 0x0000000093200000, 0x0000000093200000| Untracked 
|  35|0x0000000093300000, 0x0000000093300000, 0x0000000093400000|  0%| F|  |TAMS 0x0000000093300000, 0x0000000093300000| Untracked 
|  36|0x0000000093400000, 0x0000000093400000, 0x0000000093500000|  0%| F|  |TAMS 0x0000000093400000, 0x0000000093400000| Untracked 
|  37|0x0000000093500000, 0x0000000093500000, 0x0000000093600000|  0%| F|  |TAMS 0x0000000093500000, 0x0000000093500000| Untracked 
|  38|0x0000000093600000, 0x0000000093600000, 0x0000000093700000|  0%| F|  |TAMS 0x0000000093600000, 0x0000000093600000| Untracked 
|  39|0x0000000093700000, 0x0000000093700000, 0x0000000093800000|  0%| F|  |TAMS 0x0000000093700000, 0x0000000093700000| Untracked 
|  40|0x0000000093800000, 0x0000000093800000, 0x0000000093900000|  0%| F|  |TAMS 0x0000000093800000, 0x0000000093800000| Untracked 
|  41|0x0000000093900000, 0x0000000093900000, 0x0000000093a00000|  0%| F|  |TAMS 0x0000000093900000, 0x0000000093900000| Untracked 
|  42|0x0000000093a00000, 0x0000000093a00000, 0x0000000093b00000|  0%| F|  |TAMS 0x0000000093a00000, 0x0000000093a00000| Untracked 
|  43|0x0000000093b00000, 0x0000000093b00000, 0x0000000093c00000|  0%| F|  |TAMS 0x0000000093b00000, 0x0000000093b00000| Untracked 
|  44|0x0000000093c00000, 0x0000000093c00000, 0x0000000093d00000|  0%| F|  |TAMS 0x0000000093c00000, 0x0000000093c00000| Untracked 
|  45|0x0000000093d00000, 0x0000000093d00000, 0x0000000093e00000|  0%| F|  |TAMS 0x0000000093d00000, 0x0000000093d00000| Untracked 
|  46|0x0000000093e00000, 0x0000000093e00000, 0x0000000093f00000|  0%| F|  |TAMS 0x0000000093e00000, 0x0000000093e00000| Untracked 
|  47|0x0000000093f00000, 0x0000000093f00000, 0x0000000094000000|  0%| F|  |TAMS 0x0000000093f00000, 0x0000000093f00000| Untracked 
|  48|0x0000000094000000, 0x0000000094000000, 0x0000000094100000|  0%| F|  |TAMS 0x0000000094000000, 0x0000000094000000| Untracked 
|  49|0x0000000094100000, 0x0000000094100000, 0x0000000094200000|  0%| F|  |TAMS 0x0000000094100000, 0x0000000094100000| Untracked 
|  50|0x0000000094200000, 0x0000000094200000, 0x0000000094300000|  0%| F|  |TAMS 0x0000000094200000, 0x0000000094200000| Untracked 
|  51|0x0000000094300000, 0x0000000094300000, 0x0000000094400000|  0%| F|  |TAMS 0x0000000094300000, 0x0000000094300000| Untracked 
|  52|0x0000000094400000, 0x0000000094400000, 0x0000000094500000|  0%| F|  |TAMS 0x0000000094400000, 0x0000000094400000| Untracked 
|  53|0x0000000094500000, 0x0000000094500000, 0x0000000094600000|  0%| F|  |TAMS 0x0000000094500000, 0x0000000094500000| Untracked 
|  54|0x0000000094600000, 0x0000000094600000, 0x0000000094700000|  0%| F|  |TAMS 0x0000000094600000, 0x0000000094600000| Untracked 
|  55|0x0000000094700000, 0x0000000094700000, 0x0000000094800000|  0%| F|  |TAMS 0x0000000094700000, 0x0000000094700000| Untracked 
|  56|0x0000000094800000, 0x0000000094800000, 0x0000000094900000|  0%| F|  |TAMS 0x0000000094800000, 0x0000000094800000| Untracked 
|  57|0x0000000094900000, 0x0000000094900000, 0x0000000094a00000|  0%| F|  |TAMS 0x0000000094900000, 0x0000000094900000| Untracked 
|  58|0x0000000094a00000, 0x0000000094a00000, 0x0000000094b00000|  0%| F|  |TAMS 0x0000000094a00000, 0x0000000094a00000| Untracked 
|  59|0x0000000094b00000, 0x0000000094b00000, 0x0000000094c00000|  0%| F|  |TAMS 0x0000000094b00000, 0x0000000094b00000| Untracked 
|  60|0x0000000094c00000, 0x0000000094c00000, 0x0000000094d00000|  0%| F|  |TAMS 0x0000000094c00000, 0x0000000094c00000| Untracked 
|  61|0x0000000094d00000, 0x0000000094d00000, 0x0000000094e00000|  0%| F|  |TAMS 0x0000000094d00000, 0x0000000094d00000| Untracked 
|  62|0x0000000094e00000, 0x0000000094e00000, 0x0000000094f00000|  0%| F|  |TAMS 0x0000000094e00000, 0x0000000094e00000| Untracked 
|  63|0x0000000094f00000, 0x0000000094f00000, 0x0000000095000000|  0%| F|  |TAMS 0x0000000094f00000, 0x0000000094f00000| Untracked 
|  64|0x0000000095000000, 0x0000000095000000, 0x0000000095100000|  0%| F|  |TAMS 0x0000000095000000, 0x0000000095000000| Untracked 
|  65|0x0000000095100000, 0x0000000095100000, 0x0000000095200000|  0%| F|  |TAMS 0x0000000095100000, 0x0000000095100000| Untracked 
|  66|0x0000000095200000, 0x0000000095200000, 0x0000000095300000|  0%| F|  |TAMS 0x0000000095200000, 0x0000000095200000| Untracked 
|  67|0x0000000095300000, 0x0000000095300000, 0x0000000095400000|  0%| F|  |TAMS 0x0000000095300000, 0x0000000095300000| Untracked 
|  68|0x0000000095400000, 0x0000000095400000, 0x0000000095500000|  0%| F|  |TAMS 0x0000000095400000, 0x0000000095400000| Untracked 
|  69|0x0000000095500000, 0x0000000095500000, 0x0000000095600000|  0%| F|  |TAMS 0x0000000095500000, 0x0000000095500000| Untracked 
|  70|0x0000000095600000, 0x0000000095600000, 0x0000000095700000|  0%| F|  |TAMS 0x0000000095600000, 0x0000000095600000| Untracked 
|  71|0x0000000095700000, 0x0000000095700000, 0x0000000095800000|  0%| F|  |TAMS 0x0000000095700000, 0x0000000095700000| Untracked 
|  72|0x0000000095800000, 0x0000000095800000, 0x0000000095900000|  0%| F|  |TAMS 0x0000000095800000, 0x0000000095800000| Untracked 
|  73|0x0000000095900000, 0x0000000095900000, 0x0000000095a00000|  0%| F|  |TAMS 0x0000000095900000, 0x0000000095900000| Untracked 
|  74|0x0000000095a00000, 0x0000000095a00000, 0x0000000095b00000|  0%| F|  |TAMS 0x0000000095a00000, 0x0000000095a00000| Untracked 
|  75|0x0000000095b00000, 0x0000000095b00000, 0x0000000095c00000|  0%| F|  |TAMS 0x0000000095b00000, 0x0000000095b00000| Untracked 
|  76|0x0000000095c00000, 0x0000000095c00000, 0x0000000095d00000|  0%| F|  |TAMS 0x0000000095c00000, 0x0000000095c00000| Untracked 
|  77|0x0000000095d00000, 0x0000000095d00000, 0x0000000095e00000|  0%| F|  |TAMS 0x0000000095d00000, 0x0000000095d00000| Untracked 
|  78|0x0000000095e00000, 0x0000000095e00000, 0x0000000095f00000|  0%| F|  |TAMS 0x0000000095e00000, 0x0000000095e00000| Untracked 
|  79|0x0000000095f00000, 0x0000000095f00000, 0x0000000096000000|  0%| F|  |TAMS 0x0000000095f00000, 0x0000000095f00000| Untracked 
|  80|0x0000000096000000, 0x0000000096000000, 0x0000000096100000|  0%| F|  |TAMS 0x0000000096000000, 0x0000000096000000| Untracked 
|  81|0x0000000096100000, 0x0000000096100000, 0x0000000096200000|  0%| F|  |TAMS 0x0000000096100000, 0x0000000096100000| Untracked 
|  82|0x0000000096200000, 0x0000000096200000, 0x0000000096300000|  0%| F|  |TAMS 0x0000000096200000, 0x0000000096200000| Untracked 
|  83|0x0000000096300000, 0x0000000096300000, 0x0000000096400000|  0%| F|  |TAMS 0x0000000096300000, 0x0000000096300000| Untracked 
|  84|0x0000000096400000, 0x0000000096400000, 0x0000000096500000|  0%| F|  |TAMS 0x0000000096400000, 0x0000000096400000| Untracked 
|  85|0x0000000096500000, 0x0000000096500000, 0x0000000096600000|  0%| F|  |TAMS 0x0000000096500000, 0x0000000096500000| Untracked 
|  86|0x0000000096600000, 0x0000000096600000, 0x0000000096700000|  0%| F|  |TAMS 0x0000000096600000, 0x0000000096600000| Untracked 
|  87|0x0000000096700000, 0x0000000096700000, 0x0000000096800000|  0%| F|  |TAMS 0x0000000096700000, 0x0000000096700000| Untracked 
|  88|0x0000000096800000, 0x0000000096800000, 0x0000000096900000|  0%| F|  |TAMS 0x0000000096800000, 0x0000000096800000| Untracked 
|  89|0x0000000096900000, 0x0000000096900000, 0x0000000096a00000|  0%| F|  |TAMS 0x0000000096900000, 0x0000000096900000| Untracked 
|  90|0x0000000096a00000, 0x0000000096a00000, 0x0000000096b00000|  0%| F|  |TAMS 0x0000000096a00000, 0x0000000096a00000| Untracked 
|  91|0x0000000096b00000, 0x0000000096b00000, 0x0000000096c00000|  0%| F|  |TAMS 0x0000000096b00000, 0x0000000096b00000| Untracked 
|  92|0x0000000096c00000, 0x0000000096c00000, 0x0000000096d00000|  0%| F|  |TAMS 0x0000000096c00000, 0x0000000096c00000| Untracked 
|  93|0x0000000096d00000, 0x0000000096d00000, 0x0000000096e00000|  0%| F|  |TAMS 0x0000000096d00000, 0x0000000096d00000| Untracked 
|  94|0x0000000096e00000, 0x0000000096e00000, 0x0000000096f00000|  0%| F|  |TAMS 0x0000000096e00000, 0x0000000096e00000| Untracked 
|  95|0x0000000096f00000, 0x0000000096f00000, 0x0000000097000000|  0%| F|  |TAMS 0x0000000096f00000, 0x0000000096f00000| Untracked 
|  96|0x0000000097000000, 0x0000000097000000, 0x0000000097100000|  0%| F|  |TAMS 0x0000000097000000, 0x0000000097000000| Untracked 
|  97|0x0000000097100000, 0x0000000097100000, 0x0000000097200000|  0%| F|  |TAMS 0x0000000097100000, 0x0000000097100000| Untracked 
|  98|0x0000000097200000, 0x0000000097200000, 0x0000000097300000|  0%| F|  |TAMS 0x0000000097200000, 0x0000000097200000| Untracked 
|  99|0x0000000097300000, 0x0000000097300000, 0x0000000097400000|  0%| F|  |TAMS 0x0000000097300000, 0x0000000097300000| Untracked 
| 100|0x0000000097400000, 0x0000000097400000, 0x0000000097500000|  0%| F|  |TAMS 0x0000000097400000, 0x0000000097400000| Untracked 
| 101|0x0000000097500000, 0x0000000097500000, 0x0000000097600000|  0%| F|  |TAMS 0x0000000097500000, 0x0000000097500000| Untracked 
| 102|0x0000000097600000, 0x0000000097600000, 0x0000000097700000|  0%| F|  |TAMS 0x0000000097600000, 0x0000000097600000| Untracked 
| 103|0x0000000097700000, 0x0000000097700000, 0x0000000097800000|  0%| F|  |TAMS 0x0000000097700000, 0x0000000097700000| Untracked 
| 104|0x0000000097800000, 0x0000000097800000, 0x0000000097900000|  0%| F|  |TAMS 0x0000000097800000, 0x0000000097800000| Untracked 
| 105|0x0000000097900000, 0x0000000097900000, 0x0000000097a00000|  0%| F|  |TAMS 0x0000000097900000, 0x0000000097900000| Untracked 
| 106|0x0000000097a00000, 0x0000000097a00000, 0x0000000097b00000|  0%| F|  |TAMS 0x0000000097a00000, 0x0000000097a00000| Untracked 
| 107|0x0000000097b00000, 0x0000000097b00000, 0x0000000097c00000|  0%| F|  |TAMS 0x0000000097b00000, 0x0000000097b00000| Untracked 
| 108|0x0000000097c00000, 0x0000000097c00000, 0x0000000097d00000|  0%| F|  |TAMS 0x0000000097c00000, 0x0000000097c00000| Untracked 
| 109|0x0000000097d00000, 0x0000000097d00000, 0x0000000097e00000|  0%| F|  |TAMS 0x0000000097d00000, 0x0000000097d00000| Untracked 
| 110|0x0000000097e00000, 0x0000000097eec0d0, 0x0000000097f00000| 92%| E|  |TAMS 0x0000000097e00000, 0x0000000097e00000| Complete 
| 111|0x0000000097f00000, 0x0000000098000000, 0x0000000098000000|100%| E|CS|TAMS 0x0000000097f00000, 0x0000000097f00000| Complete 

Card table byte_map: [0x00000229b84f0000,0x00000229b8870000] _byte_map_base: 0x00000229b8068000

Marking Bits (Prev, Next): (CMBitMap*) 0x00000229a59aeba0, (CMBitMap*) 0x00000229a59aebe0
 Prev Bits: [0x00000229b8bf0000, 0x00000229ba7b0000)
 Next Bits: [0x00000229ba7b0000, 0x00000229bc370000)

Polling page: 0x00000229a5130000

Metaspace:

Usage:
  Non-class:      5.07 MB used.
      Class:    516.51 KB used.
       Both:      5.58 MB used.

Virtual space:
  Non-class space:       64.00 MB reserved,       5.12 MB (  8%) committed,  1 nodes.
      Class space:        1.00 GB reserved,     576.00 KB ( <1%) committed,  1 nodes.
             Both:        1.06 GB reserved,       5.69 MB ( <1%) committed. 

Chunk freelists:
   Non-Class:  10.49 MB
       Class:  15.25 MB
        Both:  25.74 MB

MaxMetaspaceSize: unlimited
CompressedClassSpaceSize: 1.00 GB
Initial GC threshold: 21.00 MB
Current GC threshold: 21.00 MB
CDS: off
MetaspaceReclaimPolicy: balanced
 - commit_granule_bytes: 65536.
 - commit_granule_words: 8192.
 - virtual_space_node_default_size: 8388608.
 - enlarge_chunks_in_place: 1.
 - new_chunks_are_fully_committed: 0.
 - uncommit_free_chunks: 1.
 - use_allocation_guard: 0.
 - handle_deallocations: 1.


Internal statistics:

num_allocs_failed_limit: 0.
num_arena_births: 4.
num_arena_deaths: 0.
num_vsnodes_births: 2.
num_vsnodes_deaths: 0.
num_space_committed: 91.
num_space_uncommitted: 0.
num_chunks_returned_to_freelist: 0.
num_chunks_taken_from_freelist: 16.
num_chunk_merges: 0.
num_chunk_splits: 6.
num_chunks_enlarged: 1.
num_inconsistent_stats: 0.

CodeHeap 'non-profiled nmethods': size=120000Kb used=23Kb max_used=23Kb free=119976Kb
 bounds [0x00000229b0910000, 0x00000229b0b80000, 0x00000229b7e40000]
CodeHeap 'profiled nmethods': size=120000Kb used=192Kb max_used=192Kb free=119807Kb
 bounds [0x00000229a8e40000, 0x00000229a90b0000, 0x00000229b0370000]
CodeHeap 'non-nmethods': size=5760Kb used=1072Kb max_used=1085Kb free=4688Kb
 bounds [0x00000229b0370000, 0x00000229b05e0000, 0x00000229b0910000]
 total_blobs=470 nmethods=131 adapters=252
 compilation: enabled
              stopped_count=0, restarted_count=0
 full_count=0

Compilation events (20 events):
Event: 0.513 Thread 0x00000229c30f80c0  121       3       java.util.HashMap$HashIterator::nextNode (100 bytes)
Event: 0.513 Thread 0x00000229c30f80c0 nmethod 121 0x00000229a8e6d710 code [0x00000229a8e6d900, 0x00000229a8e6de38]
Event: 0.513 Thread 0x00000229c30f80c0  122       3       java.util.HashMap$EntryIterator::next (5 bytes)
Event: 0.514 Thread 0x00000229c30f80c0 nmethod 122 0x00000229a8e6e010 code [0x00000229a8e6e1c0, 0x00000229a8e6e348]
Event: 0.514 Thread 0x00000229c30f80c0  124       3       java.util.ArrayList$Itr::hasNext (20 bytes)
Event: 0.514 Thread 0x00000229c30f80c0 nmethod 124 0x00000229a8e6e410 code [0x00000229a8e6e5a0, 0x00000229a8e6e718]
Event: 0.514 Thread 0x00000229c30f80c0  125       1       java.security.Provider$Service::getType (5 bytes)
Event: 0.514 Thread 0x00000229c30f80c0 nmethod 125 0x00000229b0915690 code [0x00000229b0915820, 0x00000229b09158f8]
Event: 0.514 Thread 0x00000229c30f80c0  128       3       java.util.HashMap$HashIterator::hasNext (13 bytes)
Event: 0.514 Thread 0x00000229c30f80c0 nmethod 128 0x00000229a8e6e810 code [0x00000229a8e6e9a0, 0x00000229a8e6eb18]
Event: 0.514 Thread 0x00000229c30f80c0  126       1       java.security.Provider$Service::getAlgorithm (5 bytes)
Event: 0.514 Thread 0x00000229c30f80c0 nmethod 126 0x00000229b0915990 code [0x00000229b0915b20, 0x00000229b0915bf8]
Event: 0.514 Thread 0x00000229c30f80c0  127       1       java.security.Provider$Service::getAliases (5 bytes)
Event: 0.514 Thread 0x00000229c30f80c0 nmethod 127 0x00000229b0915c90 code [0x00000229b0915e20, 0x00000229b0915ef8]
Event: 0.514 Thread 0x00000229c30f80c0  129       3       java.security.Provider$ServiceKey::hashCode (19 bytes)
Event: 0.515 Thread 0x00000229c30f80c0 nmethod 129 0x00000229a8e6eb90 code [0x00000229a8e6ed40, 0x00000229a8e6eed8]
Event: 0.531 Thread 0x00000229c30f80c0  130       3       java.util.concurrent.ConcurrentHashMap::get (162 bytes)
Event: 0.532 Thread 0x00000229c30f80c0 nmethod 130 0x00000229a8e6f010 code [0x00000229a8e6f260, 0x00000229a8e6fd28]
Event: 0.532 Thread 0x00000229c30f80c0  131       3       java.util.AbstractMap::<init> (5 bytes)
Event: 0.532 Thread 0x00000229c30f80c0 nmethod 131 0x00000229a8e70010 code [0x00000229a8e701a0, 0x00000229a8e702f8]

GC Heap History (0 events):
No events

Dll operation events (1 events):
Event: 0.101 Loaded shared library C:\Program Files\Android\Android Studio\jbr\bin\java.dll

Deoptimization events (0 events):
No events

Classes unloaded (0 events):
No events

Classes redefined (0 events):
No events

Internal exceptions (0 events):
No events

VM Operations (4 events):
Event: 0.438 Executing VM operation: HandshakeAllThreads
Event: 0.438 Executing VM operation: HandshakeAllThreads done
Event: 0.484 Executing VM operation: HandshakeAllThreads
Event: 0.484 Executing VM operation: HandshakeAllThreads done

Events (20 events):
Event: 0.530 loading class jdk/internal/reflect/DelegatingMethodAccessorImpl done
Event: 0.530 loading class java/util/Spliterators$1Adapter
Event: 0.531 loading class java/util/function/Consumer
Event: 0.531 loading class java/util/function/Consumer done
Event: 0.531 loading class java/util/Spliterators$1Adapter done
Event: 0.531 loading class java/util/HashMap$Values
Event: 0.531 loading class java/util/HashMap$Values done
Event: 0.531 loading class java/util/HashMap$ValueIterator
Event: 0.531 loading class java/util/HashMap$ValueIterator done
Event: 0.531 loading class java/util/concurrent/CopyOnWriteArrayList$COWIterator
Event: 0.532 loading class java/util/concurrent/CopyOnWriteArrayList$COWIterator done
Event: 0.532 loading class java/util/ServiceLoader$LazyClassPathLookupIterator
Event: 0.532 loading class java/util/ServiceLoader$LazyClassPathLookupIterator done
Event: 0.532 loading class java/util/ServiceLoader$2
Event: 0.532 loading class java/util/ServiceLoader$2 done
Event: 0.532 loading class java/util/ServiceLoader$3
Event: 0.533 loading class java/util/ServiceLoader$3 done
Event: 0.533 loading class jdk/internal/loader/BuiltinClassLoader$5
Event: 0.533 loading class jdk/internal/loader/BuiltinClassLoader$5 done
Event: 0.533 loading class jdk/internal/module/SystemModuleFinders$SystemModuleReader


Dynamic libraries:
0x00007ff7db480000 - 0x00007ff7db48a000 	C:\Program Files\Android\Android Studio\jbr\bin\java.exe
0x00007ffe532d0000 - 0x00007ffe534c8000 	C:\WINDOWS\SYSTEM32\ntdll.dll
0x00007ffe51cf0000 - 0x00007ffe51dad000 	C:\WINDOWS\System32\KERNEL32.DLL
0x00007ffe50e20000 - 0x00007ffe51116000 	C:\WINDOWS\System32\KERNELBASE.dll
0x00007ffe50ad0000 - 0x00007ffe50bd0000 	C:\WINDOWS\System32\ucrtbase.dll
0x00007ffe4db00000 - 0x00007ffe4db1b000 	C:\Program Files\Android\Android Studio\jbr\bin\VCRUNTIME140.dll
0x00007ffdd2750000 - 0x00007ffdd2767000 	C:\Program Files\Android\Android Studio\jbr\bin\jli.dll
0x00007ffe53080000 - 0x00007ffe5321e000 	C:\WINDOWS\System32\USER32.dll
0x00007ffe50df0000 - 0x00007ffe50e12000 	C:\WINDOWS\System32\win32u.dll
0x00007ffe527c0000 - 0x00007ffe527ec000 	C:\WINDOWS\System32\GDI32.dll
0x00007ffe50c60000 - 0x00007ffe50d7a000 	C:\WINDOWS\System32\gdi32full.dll
0x00007ffe509e0000 - 0x00007ffe50a7d000 	C:\WINDOWS\System32\msvcp_win.dll
0x00007ffe3bc30000 - 0x00007ffe3beca000 	C:\WINDOWS\WinSxS\amd64_microsoft.windows.common-controls_6595b64144ccf1df_6.0.19041.1110_none_60b5254171f9507e\COMCTL32.dll
0x00007ffe52320000 - 0x00007ffe523be000 	C:\WINDOWS\System32\msvcrt.dll
0x00007ffe51e70000 - 0x00007ffe51ea0000 	C:\WINDOWS\System32\IMM32.DLL
0x00007ffe4daf0000 - 0x00007ffe4dafc000 	C:\Program Files\Android\Android Studio\jbr\bin\vcruntime140_1.dll
0x00007ffe214e0000 - 0x00007ffe2156d000 	C:\Program Files\Android\Android Studio\jbr\bin\msvcp140.dll
0x00007ffdd5f00000 - 0x00007ffdd6b80000 	C:\Program Files\Android\Android Studio\jbr\bin\server\jvm.dll
0x00007ffe52e80000 - 0x00007ffe52f2e000 	C:\WINDOWS\System32\ADVAPI32.dll
0x00007ffe523c0000 - 0x00007ffe5245c000 	C:\WINDOWS\System32\sechost.dll
0x00007ffe52d50000 - 0x00007ffe52e76000 	C:\WINDOWS\System32\RPCRT4.dll
0x00007ffe462d0000 - 0x00007ffe462da000 	C:\WINDOWS\SYSTEM32\VERSION.dll
0x00007ffe46470000 - 0x00007ffe46497000 	C:\WINDOWS\SYSTEM32\WINMM.dll
0x00007ffdfd240000 - 0x00007ffdfd249000 	C:\WINDOWS\SYSTEM32\WSOCK32.dll
0x00007ffe53220000 - 0x00007ffe5328b000 	C:\WINDOWS\System32\ws2_32.DLL
0x00007ffe4f220000 - 0x00007ffe4f232000 	C:\WINDOWS\SYSTEM32\kernel.appcore.dll
0x00007ffdfd230000 - 0x00007ffdfd23a000 	C:\Program Files\Android\Android Studio\jbr\bin\jimage.dll
0x00007ffe4ec80000 - 0x00007ffe4ee64000 	C:\WINDOWS\SYSTEM32\DBGHELP.DLL
0x00007ffe446a0000 - 0x00007ffe446d4000 	C:\WINDOWS\SYSTEM32\dbgcore.DLL
0x00007ffe50bd0000 - 0x00007ffe50c52000 	C:\WINDOWS\System32\bcryptPrimitives.dll
0x00007ffdd5ed0000 - 0x00007ffdd5ef5000 	C:\Program Files\Android\Android Studio\jbr\bin\java.dll
0x00007ffdfd0b0000 - 0x00007ffdfd0c8000 	C:\Program Files\Android\Android Studio\jbr\bin\zip.dll
0x00007ffe513e0000 - 0x00007ffe51b25000 	C:\WINDOWS\System32\SHELL32.dll
0x00007ffe4e410000 - 0x00007ffe4ebab000 	C:\WINDOWS\SYSTEM32\windows.storage.dll
0x00007ffe52460000 - 0x00007ffe527b4000 	C:\WINDOWS\System32\combase.dll
0x00007ffe50320000 - 0x00007ffe5034e000 	C:\WINDOWS\SYSTEM32\Wldp.dll
0x00007ffe52fd0000 - 0x00007ffe5307d000 	C:\WINDOWS\System32\SHCORE.dll
0x00007ffe51db0000 - 0x00007ffe51e05000 	C:\WINDOWS\System32\shlwapi.dll
0x00007ffe508e0000 - 0x00007ffe50905000 	C:\WINDOWS\SYSTEM32\profapi.dll
0x00007ffdfcb70000 - 0x00007ffdfcb89000 	C:\Program Files\Android\Android Studio\jbr\bin\net.dll
0x00007ffe43860000 - 0x00007ffe4396a000 	C:\WINDOWS\SYSTEM32\WINHTTP.dll
0x00007ffe50080000 - 0x00007ffe500ea000 	C:\WINDOWS\system32\mswsock.dll
0x00007ffdd5eb0000 - 0x00007ffdd5ec6000 	C:\Program Files\Android\Android Studio\jbr\bin\nio.dll

dbghelp: loaded successfully - version: 4.0.5 - missing functions: none
symbol engine: initialized successfully - sym options: 0x614 - pdb path: .;C:\Program Files\Android\Android Studio\jbr\bin;C:\WINDOWS\SYSTEM32;C:\WINDOWS\WinSxS\amd64_microsoft.windows.common-controls_6595b64144ccf1df_6.0.19041.1110_none_60b5254171f9507e;C:\Program Files\Android\Android Studio\jbr\bin\server

VM Arguments:
java_command: git4idea.http.GitAskPassApp Username for 'https://github.com': 
java_class_path (initial): C:/Program Files/Android/Android Studio/plugins/vcs-git/lib/git4idea-rt.jar;C:/Program Files/Android/Android Studio/lib/externalProcess-rt.jar
Launcher Type: SUN_STANDARD

[Global flags]
     intx CICompilerCount                          = 4                                         {product} {ergonomic}
     uint ConcGCThreads                            = 2                                         {product} {ergonomic}
     uint G1ConcRefinementThreads                  = 8                                         {product} {ergonomic}
   size_t G1HeapRegionSize                         = 1048576                                   {product} {ergonomic}
    uintx GCDrainStackTargetSize                   = 64                                        {product} {ergonomic}
   size_t InitialHeapSize                          = 117440512                                 {product} {ergonomic}
   size_t MarkStackSize                            = 4194304                                   {product} {ergonomic}
   size_t MaxHeapSize                              = 1862270976                                {product} {ergonomic}
   size_t MaxNewSize                               = 1116733440                                {product} {ergonomic}
   size_t MinHeapDeltaBytes                        = 1048576                                   {product} {ergonomic}
   size_t MinHeapSize                              = 8388608                                   {product} {ergonomic}
    uintx NonNMethodCodeHeapSize                   = 5839372                                {pd product} {ergonomic}
    uintx NonProfiledCodeHeapSize                  = 122909434                              {pd product} {ergonomic}
    uintx ProfiledCodeHeapSize                     = 122909434                              {pd product} {ergonomic}
    uintx ReservedCodeCacheSize                    = 251658240                              {pd product} {ergonomic}
     bool SegmentedCodeCache                       = true                                      {product} {ergonomic}
   size_t SoftMaxHeapSize                          = 1862270976                             {manageable} {ergonomic}
     bool UseCompressedClassPointers               = true                           {product lp64_product} {ergonomic}
     bool UseCompressedOops                        = true                           {product lp64_product} {ergonomic}
     bool UseG1GC                                  = true                                      {product} {ergonomic}
     bool UseLargePagesIndividualAllocation        = false                                  {pd product} {ergonomic}

Logging:
Log output configuration:
 #0: stdout all=warning uptime,level,tags
 #1: stderr all=off uptime,level,tags

Environment Variables:
PATH=C:/Program Files/Git/mingw64/libexec/git-core;C:/Program Files/Git/mingw64/libexec/git-core;C:\Program Files\Git\mingw64\bin;C:\Program Files\Git\usr\bin;C:\Users\james\bin;C:\Program Files\Common Files\Oracle\Java\javapath;C:\WINDOWS\system32;C:\WINDOWS;C:\WINDOWS\System32\Wbem;C:\WINDOWS\System32\WindowsPowerShell\v1.0\;C:\WINDOWS\System32\OpenSSH\;C:\Program Files\Git\cmd;C:\Users\james\AppData\Local\Microsoft\WindowsApps
USERNAME=james
DISPLAY=:0.0
LC_ALL=en_US.UTF-8
TERM=xterm-256color
TMPDIR=C:\Users\james\AppData\Local\Temp
OS=Windows_NT
PROCESSOR_IDENTIFIER=AMD64 Family 23 Model 24 Stepping 1, AuthenticAMD
TMP=C:\Users\james\AppData\Local\Temp
TEMP=C:\Users\james\AppData\Local\Temp


JNI global refs:
JNI global refs: 9, weak refs: 0

JNI global refs memory usage: 843, weak refs: 209

OOME stack traces (most recent first):
Classloader memory used:
Loader bootstrap                                                                       : 712K
Loader jdk.internal.loader.ClassLoaders$AppClassLoader                                 : 1610B


---------------  S Y S T E M  ---------------

OS:
 Windows 10 , 64 bit Build 19041 (10.0.19041.3393)
OS uptime: 0 days 1:37 hours

CPU: total 8 (initial active 8) (8 cores per cpu, 2 threads per core) family 23 model 24 stepping 1 microcode 0x0, cx8, cmov, fxsr, ht, mmx, 3dnowpref, sse, sse2, sse3, ssse3, sse4a, sse4.1, sse4.2, popcnt, lzcnt, tsc, tscinvbit, avx, avx2, aes, clmul, bmi1, bmi2, adx, sha, fma, vzeroupper, clflush, clflushopt

Memory: 4k page, system-wide physical 7103M (480M free)
TotalPageFile size 17343M (AvailPageFile size 3M)
current process WorkingSet (physical memory assigned to process): 33M, peak: 33M
current process commit charge ("private bytes"): 188M, peak: 190M

vm_info: OpenJDK 64-Bit Server VM (17.0.7+0-b2043.56-10550314) for windows-amd64 JRE (17.0.7+0-b2043.56-10550314), built on Jul 24 2023 18:27:45 by "androidbuild" with MS VC++ 16.10 / 16.11 (VS2019)

END.
