#
# There is insufficient memory for the Java Runtime Environment to continue.
# Native memory allocation (malloc) failed to allocate 949616 bytes for Chunk::new
# Possible reasons:
#   The system is out of physical RAM or swap space
#   The process is running with CompressedOops enabled, and the Java Heap may be blocking the growth of the native heap
# Possible solutions:
#   Reduce memory load on the system
#   Increase physical memory or swap space
#   Check if swap backing store is full
#   Decrease Java heap size (-Xmx/-Xms)
#   Decrease number of Java threads
#   Decrease Java thread stack sizes (-Xss)
#   Set larger code cache with -XX:ReservedCodeCacheSize=
#   JVM is running with Unscaled Compressed Oops mode in which the Java heap is
#     placed in the first 4GB address space. The Java Heap base address is the
#     maximum limit for the native heap growth. Please use -XX:HeapBaseMinAddress
#     to set the Java Heap base and to place the Java Heap above 4GB virtual address.
# This output file may be truncated or incomplete.
#
#  Out of Memory Error (arena.cpp:189), pid=2904, tid=12888
#
# JRE version: OpenJDK Runtime Environment (17.0.7) (build 17.0.7+0-b2043.56-10550314)
# Java VM: OpenJDK 64-Bit Server VM (17.0.7+0-b2043.56-10550314, mixed mode, tiered, compressed oops, compressed class ptrs, g1 gc, windows-amd64)
# No core dump will be written. Minidumps are not enabled by default on client versions of Windows
#

---------------  S U M M A R Y ------------

Command Line: --add-opens=java.base/java.util=ALL-UNNAMED --add-opens=java.base/java.lang=ALL-UNNAMED --add-opens=java.base/java.lang.invoke=ALL-UNNAMED --add-opens=java.prefs/java.util.prefs=ALL-UNNAMED --add-opens=java.base/java.nio.charset=ALL-UNNAMED --add-opens=java.base/java.net=ALL-UNNAMED --add-opens=java.base/java.util.concurrent.atomic=ALL-UNNAMED -Xmx2048m -Dfile.encoding=UTF-8 -Duser.country=TR -Duser.language=tr -Duser.variant -javaagent:C:\Users\james\.gradle\wrapper\dists\gradle-8.2-bin\bbg7u40eoinfdyxsxr3z4i7ta\gradle-8.2\lib\agents\gradle-instrumentation-agent-8.2.jar org.gradle.launcher.daemon.bootstrap.GradleDaemon 8.2

Host: AMD Ryzen 5 3500U with Radeon Vega Mobile Gfx  , 8 cores, 6G,  Windows 10 , 64 bit Build 19041 (10.0.19041.3393)
Time: Sun Mar 17 17:23:00 2024 Türkiye Standart Saati elapsed time: 13.418198 seconds (0d 0h 0m 13s)

---------------  T H R E A D  ---------------

Current thread (0x000001c871792ca0):  JavaThread "C2 CompilerThread1" daemon [_thread_in_native, id=12888, stack(0x0000009849b00000,0x0000009849c00000)]


Current CompileTask:
C2:  13418 4356       4       java.lang.String::split (327 bytes)

Stack: [0x0000009849b00000,0x0000009849c00000]
Native frames: (J=compiled Java code, j=interpreted, Vv=VM code, C=native code)
V  [jvm.dll+0x683bfa]
V  [jvm.dll+0x8430a4]
V  [jvm.dll+0x8449be]
V  [jvm.dll+0x845023]
V  [jvm.dll+0x24ad2f]
V  [jvm.dll+0xac25c]
V  [jvm.dll+0xac82c]
V  [jvm.dll+0x36a132]
V  [jvm.dll+0x1bdf52]
V  [jvm.dll+0x21d3a9]
V  [jvm.dll+0x21c671]
V  [jvm.dll+0x1a605d]
V  [jvm.dll+0x22c148]
V  [jvm.dll+0x22a209]
V  [jvm.dll+0x7f858c]
V  [jvm.dll+0x7f2aea]
V  [jvm.dll+0x682a35]
C  [ucrtbase.dll+0x21bb2]
C  [KERNEL32.DLL+0x17344]
C  [ntdll.dll+0x526b1]


---------------  P R O C E S S  ---------------

Threads class SMR info:
_java_thread_list=0x000001c873b31700, length=42, elements={
0x000001c851cbbfc0, 0x000001c86bafdc00, 0x000001c86bb123e0, 0x000001c870009cb0,
0x000001c87000c680, 0x000001c87000cf40, 0x000001c87000d800, 0x000001c86bb3e010,
0x000001c86bb40920, 0x000001c86bb43230, 0x000001c8701ace60, 0x000001c8702c8f10,
0x000001c871a31000, 0x000001c870e59050, 0x000001c872896070, 0x000001c872b8e900,
0x000001c87122d070, 0x000001c871508670, 0x000001c87150bb60, 0x000001c8715081a0,
0x000001c87150b690, 0x000001c87150a820, 0x000001c871508b40, 0x000001c871509010,
0x000001c8715099b0, 0x000001c871509e80, 0x000001c87150a350, 0x000001c87150b1c0,
0x000001c8746963b0, 0x000001c874693860, 0x000001c874691b80, 0x000001c8746911e0,
0x000001c874690840, 0x000001c874695070, 0x000001c874692050, 0x000001c87468f9d0,
0x000001c87468eb60, 0x000001c87468fea0, 0x000001c874692520, 0x000001c8746929f0,
0x000001c874693390, 0x000001c871792ca0
}

Java Threads: ( => current thread )
  0x000001c851cbbfc0 JavaThread "main" [_thread_blocked, id=6484, stack(0x0000009846300000,0x0000009846400000)]
  0x000001c86bafdc00 JavaThread "Reference Handler" daemon [_thread_blocked, id=16488, stack(0x0000009846a00000,0x0000009846b00000)]
  0x000001c86bb123e0 JavaThread "Finalizer" daemon [_thread_blocked, id=8524, stack(0x0000009846b00000,0x0000009846c00000)]
  0x000001c870009cb0 JavaThread "Signal Dispatcher" daemon [_thread_blocked, id=8372, stack(0x0000009846c00000,0x0000009846d00000)]
  0x000001c87000c680 JavaThread "Attach Listener" daemon [_thread_blocked, id=11368, stack(0x0000009846d00000,0x0000009846e00000)]
  0x000001c87000cf40 JavaThread "Service Thread" daemon [_thread_blocked, id=3292, stack(0x0000009846e00000,0x0000009846f00000)]
  0x000001c87000d800 JavaThread "Monitor Deflation Thread" daemon [_thread_blocked, id=9028, stack(0x0000009846f00000,0x0000009847000000)]
  0x000001c86bb3e010 JavaThread "C2 CompilerThread0" daemon [_thread_in_native, id=11412, stack(0x0000009847000000,0x0000009847100000)]
  0x000001c86bb40920 JavaThread "C1 CompilerThread0" daemon [_thread_blocked, id=12896, stack(0x0000009847100000,0x0000009847200000)]
  0x000001c86bb43230 JavaThread "Sweeper thread" daemon [_thread_blocked, id=7220, stack(0x0000009847200000,0x0000009847300000)]
  0x000001c8701ace60 JavaThread "Common-Cleaner" daemon [_thread_blocked, id=3936, stack(0x0000009847300000,0x0000009847400000)]
  0x000001c8702c8f10 JavaThread "Notification Thread" daemon [_thread_blocked, id=5220, stack(0x0000009847400000,0x0000009847500000)]
  0x000001c871a31000 JavaThread "Daemon health stats" [_thread_blocked, id=17840, stack(0x0000009847b00000,0x0000009847c00000)]
  0x000001c870e59050 JavaThread "Incoming local TCP Connector on port 55455" [_thread_in_native, id=13516, stack(0x0000009847a00000,0x0000009847b00000)]
  0x000001c872896070 JavaThread "Daemon periodic checks" [_thread_blocked, id=10380, stack(0x0000009847c00000,0x0000009847d00000)]
  0x000001c872b8e900 JavaThread "Daemon" [_thread_blocked, id=16032, stack(0x0000009847d00000,0x0000009847e00000)]
  0x000001c87122d070 JavaThread "Handler for socket connection from /127.0.0.1:55455 to /127.0.0.1:55456" [_thread_in_native, id=15376, stack(0x0000009847e00000,0x0000009847f00000)]
  0x000001c871508670 JavaThread "Cancel handler" [_thread_blocked, id=12180, stack(0x0000009847f00000,0x0000009848000000)]
  0x000001c87150bb60 JavaThread "Daemon worker" [_thread_in_vm, id=19452, stack(0x0000009848000000,0x0000009848100000)]
  0x000001c8715081a0 JavaThread "Asynchronous log dispatcher for DefaultDaemonConnection: socket connection from /127.0.0.1:55455 to /127.0.0.1:55456" [_thread_blocked, id=4876, stack(0x0000009848100000,0x0000009848200000)]
  0x000001c87150b690 JavaThread "Stdin handler" [_thread_blocked, id=6012, stack(0x0000009848200000,0x0000009848300000)]
  0x000001c87150a820 JavaThread "Daemon client event forwarder" [_thread_blocked, id=13244, stack(0x0000009848300000,0x0000009848400000)]
  0x000001c871508b40 JavaThread "Cache worker for journal cache (C:\Users\james\.gradle\caches\journal-1)" [_thread_blocked, id=9812, stack(0x0000009848800000,0x0000009848900000)]
  0x000001c871509010 JavaThread "File lock request listener" [_thread_in_native, id=4484, stack(0x0000009848900000,0x0000009848a00000)]
  0x000001c8715099b0 JavaThread "Cache worker for file hash cache (C:\Users\james\.gradle\caches\8.2\fileHashes)" [_thread_blocked, id=9820, stack(0x0000009848b00000,0x0000009848c00000)]
  0x000001c871509e80 JavaThread "File watcher server" daemon [_thread_in_native, id=16124, stack(0x0000009848c00000,0x0000009848d00000)]
  0x000001c87150a350 JavaThread "File watcher consumer" daemon [_thread_blocked, id=18956, stack(0x0000009848d00000,0x0000009848e00000)]
  0x000001c87150b1c0 JavaThread "jar transforms" [_thread_blocked, id=8536, stack(0x0000009848f00000,0x0000009849000000)]
  0x000001c8746963b0 JavaThread "jar transforms Thread 2" [_thread_blocked, id=13828, stack(0x0000009849000000,0x0000009849100000)]
  0x000001c874693860 JavaThread "jar transforms Thread 3" [_thread_blocked, id=16788, stack(0x0000009849100000,0x0000009849200000)]
  0x000001c874691b80 JavaThread "jar transforms Thread 4" [_thread_blocked, id=19396, stack(0x0000009849200000,0x0000009849300000)]
  0x000001c8746911e0 JavaThread "jar transforms Thread 5" [_thread_blocked, id=10708, stack(0x0000009849300000,0x0000009849400000)]
  0x000001c874690840 JavaThread "jar transforms Thread 6" [_thread_blocked, id=1408, stack(0x0000009849400000,0x0000009849500000)]
  0x000001c874695070 JavaThread "jar transforms Thread 7" [_thread_blocked, id=2096, stack(0x0000009849500000,0x0000009849600000)]
  0x000001c874692050 JavaThread "jar transforms Thread 8" [_thread_blocked, id=11112, stack(0x0000009849600000,0x0000009849700000)]
  0x000001c87468f9d0 JavaThread "Cache worker for checksums cache (D:\TaskFour\.gradle\8.2\checksums)" [_thread_blocked, id=13124, stack(0x0000009849700000,0x0000009849800000)]
  0x000001c87468eb60 JavaThread "Cache worker for cache directory md-rule (C:\Users\james\.gradle\caches\8.2\md-rule)" [_thread_blocked, id=13088, stack(0x0000009849800000,0x0000009849900000)]
  0x000001c87468fea0 JavaThread "Cache worker for file content cache (C:\Users\james\.gradle\caches\8.2\fileContent)" [_thread_blocked, id=12060, stack(0x0000009849900000,0x0000009849a00000)]
  0x000001c874692520 JavaThread "Cache worker for file hash cache (D:\TaskFour\.gradle\8.2\fileHashes)" [_thread_blocked, id=17276, stack(0x0000009849a00000,0x0000009849b00000)]
  0x000001c8746929f0 JavaThread "Cache worker for cache directory md-supplier (C:\Users\james\.gradle\caches\8.2\md-supplier)" [_thread_blocked, id=13932, stack(0x0000009848e00000,0x0000009848f00000)]
  0x000001c874693390 JavaThread "Cache worker for execution history cache (C:\Users\james\.gradle\caches\8.2\executionHistory)" [_thread_blocked, id=4636, stack(0x0000009848a00000,0x0000009848b00000)]
=>0x000001c871792ca0 JavaThread "C2 CompilerThread1" daemon [_thread_in_native, id=12888, stack(0x0000009849b00000,0x0000009849c00000)]

Other Threads:
  0x000001c86baf6cf0 VMThread "VM Thread" [stack: 0x0000009846900000,0x0000009846a00000] [id=17576]
  0x000001c851cbce80 WatcherThread [stack: 0x0000009847500000,0x0000009847600000] [id=11152]
  0x000001c851d191a0 GCTaskThread "GC Thread#0" [stack: 0x0000009846400000,0x0000009846500000] [id=14432]
  0x000001c870d9e670 GCTaskThread "GC Thread#1" [stack: 0x0000009847700000,0x0000009847800000] [id=14532]
  0x000001c870bfe050 GCTaskThread "GC Thread#2" [stack: 0x0000009847800000,0x0000009847900000] [id=17156]
  0x000001c870fc6080 GCTaskThread "GC Thread#3" [stack: 0x0000009847900000,0x0000009847a00000] [id=5008]
  0x000001c870d8ab60 GCTaskThread "GC Thread#4" [stack: 0x0000009847600000,0x0000009847700000] [id=9600]
  0x000001c8719f5920 GCTaskThread "GC Thread#5" [stack: 0x0000009848400000,0x0000009848500000] [id=9356]
  0x000001c871f09c30 GCTaskThread "GC Thread#6" [stack: 0x0000009848500000,0x0000009848600000] [id=10324]
  0x000001c872509850 GCTaskThread "GC Thread#7" [stack: 0x0000009848600000,0x0000009848700000] [id=9520]
  0x000001c851d2a790 ConcurrentGCThread "G1 Main Marker" [stack: 0x0000009846500000,0x0000009846600000] [id=10432]
  0x000001c851d2b0b0 ConcurrentGCThread "G1 Conc#0" [stack: 0x0000009846600000,0x0000009846700000] [id=15408]
  0x000001c871d160d0 ConcurrentGCThread "G1 Conc#1" [stack: 0x0000009848700000,0x0000009848800000] [id=18300]
  0x000001c851d8ec60 ConcurrentGCThread "G1 Refine#0" [stack: 0x0000009846700000,0x0000009846800000] [id=20008]
  0x000001c86b962af0 ConcurrentGCThread "G1 Service" [stack: 0x0000009846800000,0x0000009846900000] [id=12892]

Threads with active compile tasks:
C2 CompilerThread0    13471 4392       4       groovy.lang.MetaClassImpl$1MOPIter::methodNameAction (325 bytes)
C1 CompilerThread0    13471 4507       3       org.gradle.internal.instantiation.generator.AbstractClassGenerator$NamePropertyHandler::visitProperty (13 bytes)
C2 CompilerThread1    13471 4356       4       java.lang.String::split (327 bytes)

VM state: not at safepoint (normal execution)

VM Mutex/Monitor currently owned by a thread: None

Heap address: 0x0000000080000000, size: 2048 MB, Compressed Oops mode: 32-bit

CDS archive(s) not mapped
Compressed class space mapped at: 0x0000000100000000-0x0000000140000000, reserved size: 1073741824
Narrow klass base: 0x0000000000000000, Narrow klass shift: 3, Narrow klass range: 0x140000000

GC Precious Log:
 CPUs: 8 total, 8 available
 Memory: 7103M
 Large Page Support: Disabled
 NUMA Support: Disabled
 Compressed Oops: Enabled (32-bit)
 Heap Region Size: 1M
 Heap Min Capacity: 8M
 Heap Initial Capacity: 112M
 Heap Max Capacity: 2G
 Pre-touch: Disabled
 Parallel Workers: 8
 Concurrent Workers: 2
 Concurrent Refinement Workers: 8
 Periodic GC: Disabled

Heap:
 garbage-first heap   total 132096K, used 79208K [0x0000000080000000, 0x0000000100000000)
  region size 1024K, 16 young (16384K), 2 survivors (2048K)
 Metaspace       used 50326K, committed 50816K, reserved 1114112K
  class space    used 6596K, committed 6784K, reserved 1048576K

Heap Regions: E=young(eden), S=young(survivor), O=old, HS=humongous(starts), HC=humongous(continues), CS=collection set, F=free, OA=open archive, CA=closed archive, TAMS=top-at-mark-start (previous, next)
|   0|0x0000000080000000, 0x0000000080100000, 0x0000000080100000|100%|HS|  |TAMS 0x0000000080100000, 0x0000000080000000| Complete 
|   1|0x0000000080100000, 0x0000000080200000, 0x0000000080200000|100%|HC|  |TAMS 0x0000000080200000, 0x0000000080100000| Complete 
|   2|0x0000000080200000, 0x0000000080300000, 0x0000000080300000|100%|HC|  |TAMS 0x0000000080300000, 0x0000000080200000| Complete 
|   3|0x0000000080300000, 0x0000000080400000, 0x0000000080400000|100%|HC|  |TAMS 0x0000000080400000, 0x0000000080300000| Complete 
|   4|0x0000000080400000, 0x0000000080500000, 0x0000000080500000|100%| O|  |TAMS 0x0000000080500000, 0x0000000080400000| Untracked 
|   5|0x0000000080500000, 0x0000000080600000, 0x0000000080600000|100%| O|  |TAMS 0x0000000080600000, 0x0000000080500000| Untracked 
|   6|0x0000000080600000, 0x0000000080700000, 0x0000000080700000|100%| O|  |TAMS 0x0000000080700000, 0x0000000080600000| Untracked 
|   7|0x0000000080700000, 0x0000000080800000, 0x0000000080800000|100%| O|  |TAMS 0x0000000080800000, 0x0000000080700000| Untracked 
|   8|0x0000000080800000, 0x0000000080900000, 0x0000000080900000|100%| O|  |TAMS 0x0000000080900000, 0x0000000080800000| Untracked 
|   9|0x0000000080900000, 0x0000000080a00000, 0x0000000080a00000|100%| O|  |TAMS 0x0000000080a00000, 0x0000000080900000| Untracked 
|  10|0x0000000080a00000, 0x0000000080b00000, 0x0000000080b00000|100%| O|  |TAMS 0x0000000080b00000, 0x0000000080a00000| Untracked 
|  11|0x0000000080b00000, 0x0000000080b42c00, 0x0000000080c00000| 26%| O|  |TAMS 0x0000000080b42c00, 0x0000000080b00000| Untracked 
|  12|0x0000000080c00000, 0x0000000080d00000, 0x0000000080d00000|100%| O|  |TAMS 0x0000000080d00000, 0x0000000080c00000| Untracked 
|  13|0x0000000080d00000, 0x0000000080e00000, 0x0000000080e00000|100%| O|  |TAMS 0x0000000080e00000, 0x0000000080d00000| Untracked 
|  14|0x0000000080e00000, 0x0000000080f00000, 0x0000000080f00000|100%| O|  |TAMS 0x0000000080f00000, 0x0000000080e00000| Untracked 
|  15|0x0000000080f00000, 0x0000000081000000, 0x0000000081000000|100%| O|  |TAMS 0x0000000081000000, 0x0000000080f00000| Untracked 
|  16|0x0000000081000000, 0x0000000081100000, 0x0000000081100000|100%| O|  |TAMS 0x0000000081100000, 0x0000000081000000| Untracked 
|  17|0x0000000081100000, 0x0000000081200000, 0x0000000081200000|100%| O|  |TAMS 0x0000000081200000, 0x0000000081100000| Untracked 
|  18|0x0000000081200000, 0x0000000081300000, 0x0000000081300000|100%| O|  |TAMS 0x0000000081300000, 0x0000000081200000| Untracked 
|  19|0x0000000081300000, 0x0000000081400000, 0x0000000081400000|100%|HS|  |TAMS 0x0000000081400000, 0x0000000081300000| Complete 
|  20|0x0000000081400000, 0x0000000081500000, 0x0000000081500000|100%|HC|  |TAMS 0x0000000081500000, 0x0000000081400000| Complete 
|  21|0x0000000081500000, 0x0000000081600000, 0x0000000081600000|100%|HS|  |TAMS 0x0000000081600000, 0x0000000081500000| Complete 
|  22|0x0000000081600000, 0x0000000081700000, 0x0000000081700000|100%|HC|  |TAMS 0x0000000081700000, 0x0000000081600000| Complete 
|  23|0x0000000081700000, 0x0000000081800000, 0x0000000081800000|100%|HC|  |TAMS 0x0000000081800000, 0x0000000081700000| Complete 
|  24|0x0000000081800000, 0x0000000081900000, 0x0000000081900000|100%|HS|  |TAMS 0x0000000081900000, 0x0000000081800000| Complete 
|  25|0x0000000081900000, 0x0000000081a00000, 0x0000000081a00000|100%|HC|  |TAMS 0x0000000081a00000, 0x0000000081900000| Complete 
|  26|0x0000000081a00000, 0x0000000081b00000, 0x0000000081b00000|100%| O|  |TAMS 0x0000000081b00000, 0x0000000081a00000| Untracked 
|  27|0x0000000081b00000, 0x0000000081c00000, 0x0000000081c00000|100%| O|  |TAMS 0x0000000081c00000, 0x0000000081b00000| Untracked 
|  28|0x0000000081c00000, 0x0000000081d00000, 0x0000000081d00000|100%|HS|  |TAMS 0x0000000081d00000, 0x0000000081c00000| Complete 
|  29|0x0000000081d00000, 0x0000000081e00000, 0x0000000081e00000|100%|HC|  |TAMS 0x0000000081e00000, 0x0000000081d00000| Complete 
|  30|0x0000000081e00000, 0x0000000081f00000, 0x0000000081f00000|100%|HC|  |TAMS 0x0000000081f00000, 0x0000000081e00000| Complete 
|  31|0x0000000081f00000, 0x0000000082000000, 0x0000000082000000|100%|HC|  |TAMS 0x0000000082000000, 0x0000000081f00000| Complete 
|  32|0x0000000082000000, 0x0000000082100000, 0x0000000082100000|100%|HC|  |TAMS 0x0000000082100000, 0x0000000082000000| Complete 
|  33|0x0000000082100000, 0x0000000082200000, 0x0000000082200000|100%|HC|  |TAMS 0x0000000082200000, 0x0000000082100000| Complete 
|  34|0x0000000082200000, 0x0000000082300000, 0x0000000082300000|100%|HC|  |TAMS 0x0000000082300000, 0x0000000082200000| Complete 
|  35|0x0000000082300000, 0x0000000082400000, 0x0000000082400000|100%|HC|  |TAMS 0x0000000082400000, 0x0000000082300000| Complete 
|  36|0x0000000082400000, 0x0000000082500000, 0x0000000082500000|100%|HC|  |TAMS 0x0000000082500000, 0x0000000082400000| Complete 
|  37|0x0000000082500000, 0x0000000082600000, 0x0000000082600000|100%|HC|  |TAMS 0x0000000082600000, 0x0000000082500000| Complete 
|  38|0x0000000082600000, 0x0000000082700000, 0x0000000082700000|100%|HC|  |TAMS 0x0000000082700000, 0x0000000082600000| Complete 
|  39|0x0000000082700000, 0x0000000082800000, 0x0000000082800000|100%|HC|  |TAMS 0x0000000082800000, 0x0000000082700000| Complete 
|  40|0x0000000082800000, 0x0000000082900000, 0x0000000082900000|100%| O|  |TAMS 0x0000000082900000, 0x0000000082800000| Untracked 
|  41|0x0000000082900000, 0x0000000082a00000, 0x0000000082a00000|100%| O|  |TAMS 0x0000000082a00000, 0x0000000082900000| Untracked 
|  42|0x0000000082a00000, 0x0000000082b00000, 0x0000000082b00000|100%| O|  |TAMS 0x0000000082b00000, 0x0000000082a00000| Untracked 
|  43|0x0000000082b00000, 0x0000000082c00000, 0x0000000082c00000|100%| O|  |TAMS 0x0000000082c00000, 0x0000000082b00000| Untracked 
|  44|0x0000000082c00000, 0x0000000082d00000, 0x0000000082d00000|100%|HS|  |TAMS 0x0000000082d00000, 0x0000000082c00000| Complete 
|  45|0x0000000082d00000, 0x0000000082e00000, 0x0000000082e00000|100%|HC|  |TAMS 0x0000000082e00000, 0x0000000082d00000| Complete 
|  46|0x0000000082e00000, 0x0000000082f00000, 0x0000000082f00000|100%| O|  |TAMS 0x0000000082f00000, 0x0000000082e00000| Untracked 
|  47|0x0000000082f00000, 0x0000000083000000, 0x0000000083000000|100%| O|  |TAMS 0x0000000083000000, 0x0000000082f00000| Untracked 
|  48|0x0000000083000000, 0x0000000083100000, 0x0000000083100000|100%| O|  |TAMS 0x0000000083100000, 0x0000000083000000| Untracked 
|  49|0x0000000083100000, 0x0000000083200000, 0x0000000083200000|100%| O|  |TAMS 0x0000000083200000, 0x0000000083100000| Untracked 
|  50|0x0000000083200000, 0x0000000083300000, 0x0000000083300000|100%| O|  |TAMS 0x0000000083300000, 0x0000000083200000| Untracked 
|  51|0x0000000083300000, 0x0000000083400000, 0x0000000083400000|100%| O|  |TAMS 0x0000000083400000, 0x0000000083300000| Untracked 
|  52|0x0000000083400000, 0x0000000083500000, 0x0000000083500000|100%| O|  |TAMS 0x0000000083500000, 0x0000000083400000| Untracked 
|  53|0x0000000083500000, 0x0000000083600000, 0x0000000083600000|100%| O|  |TAMS 0x0000000083600000, 0x0000000083500000| Untracked 
|  54|0x0000000083600000, 0x0000000083700000, 0x0000000083700000|100%| O|  |TAMS 0x000000008367a400, 0x0000000083600000| Untracked 
|  55|0x0000000083700000, 0x0000000083800000, 0x0000000083800000|100%|HS|  |TAMS 0x0000000083800000, 0x0000000083700000| Complete 
|  56|0x0000000083800000, 0x0000000083900000, 0x0000000083900000|100%|HC|  |TAMS 0x0000000083900000, 0x0000000083800000| Complete 
|  57|0x0000000083900000, 0x0000000083a00000, 0x0000000083a00000|100%|HC|  |TAMS 0x0000000083a00000, 0x0000000083900000| Complete 
|  58|0x0000000083a00000, 0x0000000083b00000, 0x0000000083b00000|100%| O|  |TAMS 0x0000000083a00000, 0x0000000083a00000| Untracked 
|  59|0x0000000083b00000, 0x0000000083c00000, 0x0000000083c00000|100%| O|  |TAMS 0x0000000083b00000, 0x0000000083b00000| Untracked 
|  60|0x0000000083c00000, 0x0000000083d00000, 0x0000000083d00000|100%| O|  |TAMS 0x0000000083c00000, 0x0000000083c00000| Untracked 
|  61|0x0000000083d00000, 0x0000000083d77000, 0x0000000083e00000| 46%| O|  |TAMS 0x0000000083d00000, 0x0000000083d00000| Untracked 
|  62|0x0000000083e00000, 0x0000000083f00000, 0x0000000083f00000|100%|HS|  |TAMS 0x0000000083e00000, 0x0000000083e00000| Complete 
|  63|0x0000000083f00000, 0x0000000084000000, 0x0000000084000000|100%|HS|  |TAMS 0x0000000083f00000, 0x0000000083f00000| Complete 
|  64|0x0000000084000000, 0x0000000084000000, 0x0000000084100000|  0%| F|  |TAMS 0x0000000084000000, 0x0000000084000000| Untracked 
|  65|0x0000000084100000, 0x0000000084100000, 0x0000000084200000|  0%| F|  |TAMS 0x0000000084100000, 0x0000000084100000| Untracked 
|  66|0x0000000084200000, 0x0000000084200000, 0x0000000084300000|  0%| F|  |TAMS 0x0000000084200000, 0x0000000084200000| Untracked 
|  67|0x0000000084300000, 0x0000000084300000, 0x0000000084400000|  0%| F|  |TAMS 0x0000000084300000, 0x0000000084300000| Untracked 
|  68|0x0000000084400000, 0x0000000084400000, 0x0000000084500000|  0%| F|  |TAMS 0x0000000084400000, 0x0000000084400000| Untracked 
|  69|0x0000000084500000, 0x0000000084500000, 0x0000000084600000|  0%| F|  |TAMS 0x0000000084500000, 0x0000000084500000| Untracked 
|  70|0x0000000084600000, 0x0000000084600000, 0x0000000084700000|  0%| F|  |TAMS 0x0000000084600000, 0x0000000084600000| Untracked 
|  71|0x0000000084700000, 0x0000000084700000, 0x0000000084800000|  0%| F|  |TAMS 0x0000000084700000, 0x0000000084700000| Untracked 
|  72|0x0000000084800000, 0x0000000084800000, 0x0000000084900000|  0%| F|  |TAMS 0x0000000084800000, 0x0000000084800000| Untracked 
|  73|0x0000000084900000, 0x0000000084900000, 0x0000000084a00000|  0%| F|  |TAMS 0x0000000084900000, 0x0000000084900000| Untracked 
|  74|0x0000000084a00000, 0x0000000084a00000, 0x0000000084b00000|  0%| F|  |TAMS 0x0000000084a00000, 0x0000000084a00000| Untracked 
|  75|0x0000000084b00000, 0x0000000084b00000, 0x0000000084c00000|  0%| F|  |TAMS 0x0000000084b00000, 0x0000000084b00000| Untracked 
|  76|0x0000000084c00000, 0x0000000084c00000, 0x0000000084d00000|  0%| F|  |TAMS 0x0000000084c00000, 0x0000000084c00000| Untracked 
|  77|0x0000000084d00000, 0x0000000084d00000, 0x0000000084e00000|  0%| F|  |TAMS 0x0000000084d00000, 0x0000000084d00000| Untracked 
|  78|0x0000000084e00000, 0x0000000084e00000, 0x0000000084f00000|  0%| F|  |TAMS 0x0000000084e00000, 0x0000000084e00000| Untracked 
|  79|0x0000000084f00000, 0x0000000084f00000, 0x0000000085000000|  0%| F|  |TAMS 0x0000000084f00000, 0x0000000084f00000| Untracked 
|  80|0x0000000085000000, 0x0000000085000000, 0x0000000085100000|  0%| F|  |TAMS 0x0000000085000000, 0x0000000085000000| Untracked 
|  81|0x0000000085100000, 0x0000000085100000, 0x0000000085200000|  0%| F|  |TAMS 0x0000000085100000, 0x0000000085100000| Untracked 
|  82|0x0000000085200000, 0x0000000085200000, 0x0000000085300000|  0%| F|  |TAMS 0x0000000085200000, 0x0000000085200000| Untracked 
|  83|0x0000000085300000, 0x0000000085300000, 0x0000000085400000|  0%| F|  |TAMS 0x0000000085300000, 0x0000000085300000| Untracked 
|  84|0x0000000085400000, 0x0000000085400000, 0x0000000085500000|  0%| F|  |TAMS 0x0000000085400000, 0x0000000085400000| Untracked 
|  85|0x0000000085500000, 0x0000000085500000, 0x0000000085600000|  0%| F|  |TAMS 0x0000000085500000, 0x0000000085500000| Untracked 
|  86|0x0000000085600000, 0x0000000085600000, 0x0000000085700000|  0%| F|  |TAMS 0x0000000085600000, 0x0000000085600000| Untracked 
|  87|0x0000000085700000, 0x0000000085700000, 0x0000000085800000|  0%| F|  |TAMS 0x0000000085700000, 0x0000000085700000| Untracked 
|  88|0x0000000085800000, 0x0000000085800000, 0x0000000085900000|  0%| F|  |TAMS 0x0000000085800000, 0x0000000085800000| Untracked 
|  89|0x0000000085900000, 0x0000000085900000, 0x0000000085a00000|  0%| F|  |TAMS 0x0000000085900000, 0x0000000085900000| Untracked 
|  90|0x0000000085a00000, 0x0000000085a00000, 0x0000000085b00000|  0%| F|  |TAMS 0x0000000085a00000, 0x0000000085a00000| Untracked 
|  91|0x0000000085b00000, 0x0000000085b00000, 0x0000000085c00000|  0%| F|  |TAMS 0x0000000085b00000, 0x0000000085b00000| Untracked 
|  92|0x0000000085c00000, 0x0000000085c00000, 0x0000000085d00000|  0%| F|  |TAMS 0x0000000085c00000, 0x0000000085c00000| Untracked 
|  93|0x0000000085d00000, 0x0000000085d00000, 0x0000000085e00000|  0%| F|  |TAMS 0x0000000085d00000, 0x0000000085d00000| Untracked 
|  94|0x0000000085e00000, 0x0000000085e00000, 0x0000000085f00000|  0%| F|  |TAMS 0x0000000085e00000, 0x0000000085e00000| Untracked 
|  95|0x0000000085f00000, 0x0000000085f00000, 0x0000000086000000|  0%| F|  |TAMS 0x0000000085f00000, 0x0000000085f00000| Untracked 
|  96|0x0000000086000000, 0x0000000086000000, 0x0000000086100000|  0%| F|  |TAMS 0x0000000086000000, 0x0000000086000000| Untracked 
|  97|0x0000000086100000, 0x0000000086100000, 0x0000000086200000|  0%| F|  |TAMS 0x0000000086100000, 0x0000000086100000| Untracked 
|  98|0x0000000086200000, 0x0000000086200000, 0x0000000086300000|  0%| F|  |TAMS 0x0000000086200000, 0x0000000086200000| Untracked 
|  99|0x0000000086300000, 0x0000000086300000, 0x0000000086400000|  0%| F|  |TAMS 0x0000000086300000, 0x0000000086300000| Untracked 
| 100|0x0000000086400000, 0x00000000864a07f8, 0x0000000086500000| 62%| S|CS|TAMS 0x0000000086400000, 0x0000000086400000| Complete 
| 101|0x0000000086500000, 0x0000000086600000, 0x0000000086600000|100%| S|CS|TAMS 0x0000000086500000, 0x0000000086500000| Complete 
| 102|0x0000000086600000, 0x0000000086600000, 0x0000000086700000|  0%| F|  |TAMS 0x0000000086600000, 0x0000000086600000| Untracked 
| 103|0x0000000086700000, 0x0000000086700000, 0x0000000086800000|  0%| F|  |TAMS 0x0000000086700000, 0x0000000086700000| Untracked 
| 104|0x0000000086800000, 0x0000000086800000, 0x0000000086900000|  0%| F|  |TAMS 0x0000000086800000, 0x0000000086800000| Untracked 
| 105|0x0000000086900000, 0x0000000086900000, 0x0000000086a00000|  0%| F|  |TAMS 0x0000000086900000, 0x0000000086900000| Untracked 
| 106|0x0000000086a00000, 0x0000000086a00000, 0x0000000086b00000|  0%| F|  |TAMS 0x0000000086a00000, 0x0000000086a00000| Untracked 
| 107|0x0000000086b00000, 0x0000000086b00000, 0x0000000086c00000|  0%| F|  |TAMS 0x0000000086b00000, 0x0000000086b00000| Untracked 
| 108|0x0000000086c00000, 0x0000000086c00000, 0x0000000086d00000|  0%| F|  |TAMS 0x0000000086c00000, 0x0000000086c00000| Untracked 
| 109|0x0000000086d00000, 0x0000000086d00000, 0x0000000086e00000|  0%| F|  |TAMS 0x0000000086d00000, 0x0000000086d00000| Untracked 
| 110|0x0000000086e00000, 0x0000000086e00000, 0x0000000086f00000|  0%| F|  |TAMS 0x0000000086e00000, 0x0000000086e00000| Untracked 
| 111|0x0000000086f00000, 0x0000000086f00000, 0x0000000087000000|  0%| F|  |TAMS 0x0000000086f00000, 0x0000000086f00000| Untracked 
| 112|0x0000000087000000, 0x0000000087000000, 0x0000000087100000|  0%| F|  |TAMS 0x0000000087000000, 0x0000000087000000| Untracked 
| 113|0x0000000087100000, 0x0000000087100000, 0x0000000087200000|  0%| F|  |TAMS 0x0000000087100000, 0x0000000087100000| Untracked 
| 114|0x0000000087200000, 0x0000000087280800, 0x0000000087300000| 50%| E|  |TAMS 0x0000000087200000, 0x0000000087200000| Complete 
| 115|0x0000000087300000, 0x0000000087400000, 0x0000000087400000|100%| E|CS|TAMS 0x0000000087300000, 0x0000000087300000| Complete 
| 116|0x0000000087400000, 0x0000000087500000, 0x0000000087500000|100%| E|CS|TAMS 0x0000000087400000, 0x0000000087400000| Complete 
| 117|0x0000000087500000, 0x0000000087600000, 0x0000000087600000|100%| E|CS|TAMS 0x0000000087500000, 0x0000000087500000| Complete 
| 118|0x0000000087600000, 0x0000000087700000, 0x0000000087700000|100%| E|CS|TAMS 0x0000000087600000, 0x0000000087600000| Complete 
| 119|0x0000000087700000, 0x0000000087800000, 0x0000000087800000|100%| E|CS|TAMS 0x0000000087700000, 0x0000000087700000| Complete 
| 120|0x0000000087800000, 0x0000000087900000, 0x0000000087900000|100%| E|CS|TAMS 0x0000000087800000, 0x0000000087800000| Complete 
| 121|0x0000000087900000, 0x0000000087a00000, 0x0000000087a00000|100%| E|CS|TAMS 0x0000000087900000, 0x0000000087900000| Complete 
| 122|0x0000000087a00000, 0x0000000087b00000, 0x0000000087b00000|100%| E|CS|TAMS 0x0000000087a00000, 0x0000000087a00000| Complete 
| 123|0x0000000087b00000, 0x0000000087c00000, 0x0000000087c00000|100%| E|CS|TAMS 0x0000000087b00000, 0x0000000087b00000| Complete 
| 124|0x0000000087c00000, 0x0000000087d00000, 0x0000000087d00000|100%| E|CS|TAMS 0x0000000087c00000, 0x0000000087c00000| Complete 
| 125|0x0000000087d00000, 0x0000000087e00000, 0x0000000087e00000|100%| E|CS|TAMS 0x0000000087d00000, 0x0000000087d00000| Complete 
| 126|0x0000000087e00000, 0x0000000087f00000, 0x0000000087f00000|100%| E|CS|TAMS 0x0000000087e00000, 0x0000000087e00000| Complete 
| 127|0x0000000087f00000, 0x0000000088000000, 0x0000000088000000|100%| E|CS|TAMS 0x0000000087f00000, 0x0000000087f00000| Complete 
| 128|0x0000000088000000, 0x0000000088100000, 0x0000000088100000|100%| E|CS|TAMS 0x0000000088000000, 0x0000000088000000| Complete 

Card table byte_map: [0x000001c8648d0000,0x000001c864cd0000] _byte_map_base: 0x000001c8644d0000

Marking Bits (Prev, Next): (CMBitMap*) 0x000001c851d196c0, (CMBitMap*) 0x000001c851d19700
 Prev Bits: [0x000001c8650d0000, 0x000001c8670d0000)
 Next Bits: [0x000001c8670d0000, 0x000001c8690d0000)

Polling page: 0x000001c84fc50000

Metaspace:

Usage:
  Non-class:     42.74 MB used.
      Class:      6.45 MB used.
       Both:     49.18 MB used.

Virtual space:
  Non-class space:       64.00 MB reserved,      43.00 MB ( 67%) committed,  1 nodes.
      Class space:        1.00 GB reserved,       6.62 MB ( <1%) committed,  1 nodes.
             Both:        1.06 GB reserved,      49.62 MB (  5%) committed. 

Chunk freelists:
   Non-Class:  4.52 MB
       Class:  9.25 MB
        Both:  13.77 MB

MaxMetaspaceSize: unlimited
CompressedClassSpaceSize: 1.00 GB
Initial GC threshold: 21.00 MB
Current GC threshold: 80.94 MB
CDS: off
MetaspaceReclaimPolicy: balanced
 - commit_granule_bytes: 65536.
 - commit_granule_words: 8192.
 - virtual_space_node_default_size: 8388608.
 - enlarge_chunks_in_place: 1.
 - new_chunks_are_fully_committed: 0.
 - uncommit_free_chunks: 1.
 - use_allocation_guard: 0.
 - handle_deallocations: 1.


Internal statistics:

num_allocs_failed_limit: 3.
num_arena_births: 474.
num_arena_deaths: 0.
num_vsnodes_births: 2.
num_vsnodes_deaths: 0.
num_space_committed: 794.
num_space_uncommitted: 0.
num_chunks_returned_to_freelist: 3.
num_chunks_taken_from_freelist: 2076.
num_chunk_merges: 3.
num_chunk_splits: 1342.
num_chunks_enlarged: 898.
num_inconsistent_stats: 0.

CodeHeap 'non-profiled nmethods': size=120000Kb used=2627Kb max_used=2627Kb free=117372Kb
 bounds [0x000001c85cc70000, 0x000001c85cf10000, 0x000001c8641a0000]
CodeHeap 'profiled nmethods': size=120000Kb used=9534Kb max_used=9534Kb free=110465Kb
 bounds [0x000001c8551a0000, 0x000001c855af0000, 0x000001c85c6d0000]
CodeHeap 'non-nmethods': size=5760Kb used=2305Kb max_used=2348Kb free=3454Kb
 bounds [0x000001c85c6d0000, 0x000001c85c940000, 0x000001c85cc70000]
 total_blobs=5317 nmethods=4498 adapters=731
 compilation: enabled
              stopped_count=0, restarted_count=0
 full_count=0

Compilation events (20 events):
Event: 13.398 Thread 0x000001c86bb40920 nmethod 4468 0x000001c855ad6a90 code [0x000001c855ad6d00, 0x000001c855ad77b8]
Event: 13.398 Thread 0x000001c86bb40920 4469       3       org.gradle.internal.snapshot.VfsRelativePath::determineOffset (34 bytes)
Event: 13.399 Thread 0x000001c86bb40920 nmethod 4469 0x000001c855ad7b90 code [0x000001c855ad7dc0, 0x000001c855ad8718]
Event: 13.399 Thread 0x000001c86bb40920 4470       1       com.google.common.collect.MapMakerInternalMap$AbstractWeakKeyEntry::getHash (5 bytes)
Event: 13.399 Thread 0x000001c86bb40920 nmethod 4470 0x000001c85cf00490 code [0x000001c85cf00620, 0x000001c85cf006f8]
Event: 13.401 Thread 0x000001c86bb40920 4471       3       java.io.BufferedInputStream::fill (203 bytes)
Event: 13.403 Thread 0x000001c86bb40920 nmethod 4471 0x000001c855ad8a90 code [0x000001c855ad8d00, 0x000001c855ad9948]
Event: 13.403 Thread 0x000001c86bb40920 4472       3       com.google.common.cache.LocalCache$AccessQueue::peek (5 bytes)
Event: 13.403 Thread 0x000001c86bb40920 nmethod 4472 0x000001c855ad9c90 code [0x000001c855ad9e40, 0x000001c855ada0c8]
Event: 13.403 Thread 0x000001c86bb40920 4473       3       com.google.common.cache.LocalCache$AccessQueue::peek (24 bytes)
Event: 13.403 Thread 0x000001c86bb40920 nmethod 4473 0x000001c855ada210 code [0x000001c855ada3c0, 0x000001c855ada5e8]
Event: 13.404 Thread 0x000001c86bb40920 4474       3       org.gradle.internal.snapshot.VfsRelativePath::isEmpty (20 bytes)
Event: 13.405 Thread 0x000001c86bb40920 nmethod 4474 0x000001c855ada710 code [0x000001c855ada8c0, 0x000001c855adab38]
Event: 13.412 Thread 0x000001c86bb40920 4475       3       java.util.TreeMap::rotateLeft (96 bytes)
Event: 13.412 Thread 0x000001c86bb40920 nmethod 4475 0x000001c855adac90 code [0x000001c855adae60, 0x000001c855adb398]
Event: 13.412 Thread 0x000001c86bb40920 4477       3       org.gradle.internal.reflect.JavaPropertyReflectionUtil::doesNotHaveTypeVariable (107 bytes)
Event: 13.413 Thread 0x000001c86bb40920 nmethod 4477 0x000001c855adb510 code [0x000001c855adb740, 0x000001c855adc198]
Event: 13.413 Thread 0x000001c86bb40920 4476       3       org.gradle.internal.reflect.MutableClassDetails::superType (12 bytes)
Event: 13.413 Thread 0x000001c86bb40920 nmethod 4476 0x000001c855adc390 code [0x000001c855adc540, 0x000001c855adc708]
Event: 13.413 Thread 0x000001c86bb40920 4478       3       org.gradle.internal.instantiation.generator.AbstractClassGenerator$PropertyMetadata::addGetter (129 bytes)

GC Heap History (20 events):
Event: 9.066 GC heap before
{Heap before GC invocations=9 (full 0):
 garbage-first heap   total 81920K, used 54312K [0x0000000080000000, 0x0000000100000000)
  region size 1024K, 10 young (10240K), 1 survivors (1024K)
 Metaspace       used 30970K, committed 31296K, reserved 1114112K
  class space    used 4231K, committed 4416K, reserved 1048576K
}
Event: 9.069 GC heap after
{Heap after GC invocations=10 (full 0):
 garbage-first heap   total 81920K, used 48446K [0x0000000080000000, 0x0000000100000000)
  region size 1024K, 2 young (2048K), 2 survivors (2048K)
 Metaspace       used 30970K, committed 31296K, reserved 1114112K
  class space    used 4231K, committed 4416K, reserved 1048576K
}
Event: 9.518 GC heap before
{Heap before GC invocations=10 (full 0):
 garbage-first heap   total 81920K, used 61758K [0x0000000080000000, 0x0000000100000000)
  region size 1024K, 15 young (15360K), 2 survivors (2048K)
 Metaspace       used 32581K, committed 32960K, reserved 1114112K
  class space    used 4496K, committed 4672K, reserved 1048576K
}
Event: 9.521 GC heap after
{Heap after GC invocations=11 (full 0):
 garbage-first heap   total 81920K, used 48806K [0x0000000080000000, 0x0000000100000000)
  region size 1024K, 1 young (1024K), 1 survivors (1024K)
 Metaspace       used 32581K, committed 32960K, reserved 1114112K
  class space    used 4496K, committed 4672K, reserved 1048576K
}
Event: 9.970 GC heap before
{Heap before GC invocations=12 (full 0):
 garbage-first heap   total 86016K, used 63142K [0x0000000080000000, 0x0000000100000000)
  region size 1024K, 15 young (15360K), 1 survivors (1024K)
 Metaspace       used 34429K, committed 34816K, reserved 1114112K
  class space    used 4769K, committed 4928K, reserved 1048576K
}
Event: 9.973 GC heap after
{Heap after GC invocations=13 (full 0):
 garbage-first heap   total 86016K, used 49448K [0x0000000080000000, 0x0000000100000000)
  region size 1024K, 2 young (2048K), 2 survivors (2048K)
 Metaspace       used 34429K, committed 34816K, reserved 1114112K
  class space    used 4769K, committed 4928K, reserved 1048576K
}
Event: 10.444 GC heap before
{Heap before GC invocations=13 (full 0):
 garbage-first heap   total 86016K, used 66856K [0x0000000080000000, 0x0000000100000000)
  region size 1024K, 19 young (19456K), 2 survivors (2048K)
 Metaspace       used 37299K, committed 37632K, reserved 1114112K
  class space    used 5213K, committed 5376K, reserved 1048576K
}
Event: 10.448 GC heap after
{Heap after GC invocations=14 (full 0):
 garbage-first heap   total 86016K, used 50424K [0x0000000080000000, 0x0000000100000000)
  region size 1024K, 3 young (3072K), 3 survivors (3072K)
 Metaspace       used 37299K, committed 37632K, reserved 1114112K
  class space    used 5213K, committed 5376K, reserved 1048576K
}
Event: 10.978 GC heap before
{Heap before GC invocations=15 (full 0):
 garbage-first heap   total 89088K, used 66808K [0x0000000080000000, 0x0000000100000000)
  region size 1024K, 20 young (20480K), 3 survivors (3072K)
 Metaspace       used 41645K, committed 42048K, reserved 1114112K
  class space    used 5649K, committed 5824K, reserved 1048576K
}
Event: 10.984 GC heap after
{Heap after GC invocations=16 (full 0):
 garbage-first heap   total 89088K, used 52781K [0x0000000080000000, 0x0000000100000000)
  region size 1024K, 3 young (3072K), 3 survivors (3072K)
 Metaspace       used 41645K, committed 42048K, reserved 1114112K
  class space    used 5649K, committed 5824K, reserved 1048576K
}
Event: 11.239 GC heap before
{Heap before GC invocations=16 (full 0):
 garbage-first heap   total 89088K, used 70189K [0x0000000080000000, 0x0000000100000000)
  region size 1024K, 21 young (21504K), 3 survivors (3072K)
 Metaspace       used 42763K, committed 43200K, reserved 1114112K
  class space    used 5732K, committed 5952K, reserved 1048576K
}
Event: 11.244 GC heap after
{Heap after GC invocations=17 (full 0):
 garbage-first heap   total 89088K, used 55114K [0x0000000080000000, 0x0000000100000000)
  region size 1024K, 3 young (3072K), 3 survivors (3072K)
 Metaspace       used 42763K, committed 43200K, reserved 1114112K
  class space    used 5732K, committed 5952K, reserved 1048576K
}
Event: 11.433 GC heap before
{Heap before GC invocations=18 (full 0):
 garbage-first heap   total 99328K, used 63306K [0x0000000080000000, 0x0000000100000000)
  region size 1024K, 13 young (13312K), 3 survivors (3072K)
 Metaspace       used 43207K, committed 43648K, reserved 1114112K
  class space    used 5778K, committed 5952K, reserved 1048576K
}
Event: 11.436 GC heap after
{Heap after GC invocations=19 (full 0):
 garbage-first heap   total 99328K, used 55645K [0x0000000080000000, 0x0000000100000000)
  region size 1024K, 2 young (2048K), 2 survivors (2048K)
 Metaspace       used 43207K, committed 43648K, reserved 1114112K
  class space    used 5778K, committed 5952K, reserved 1048576K
}
Event: 12.210 GC heap before
{Heap before GC invocations=20 (full 0):
 garbage-first heap   total 106496K, used 83293K [0x0000000080000000, 0x0000000100000000)
  region size 1024K, 25 young (25600K), 2 survivors (2048K)
 Metaspace       used 46722K, committed 47168K, reserved 1114112K
  class space    used 6205K, committed 6400K, reserved 1048576K
}
Event: 12.215 GC heap after
{Heap after GC invocations=21 (full 0):
 garbage-first heap   total 106496K, used 56937K [0x0000000080000000, 0x0000000100000000)
  region size 1024K, 4 young (4096K), 4 survivors (4096K)
 Metaspace       used 46722K, committed 47168K, reserved 1114112K
  class space    used 6205K, committed 6400K, reserved 1048576K
}
Event: 12.819 GC heap before
{Heap before GC invocations=21 (full 0):
 garbage-first heap   total 106496K, used 77417K [0x0000000080000000, 0x0000000100000000)
  region size 1024K, 25 young (25600K), 4 survivors (4096K)
 Metaspace       used 48262K, committed 48768K, reserved 1114112K
  class space    used 6436K, committed 6656K, reserved 1048576K
}
Event: 12.825 GC heap after
{Heap after GC invocations=22 (full 0):
 garbage-first heap   total 106496K, used 59124K [0x0000000080000000, 0x0000000100000000)
  region size 1024K, 4 young (4096K), 4 survivors (4096K)
 Metaspace       used 48262K, committed 48768K, reserved 1114112K
  class space    used 6436K, committed 6656K, reserved 1048576K
}
Event: 12.926 GC heap before
{Heap before GC invocations=23 (full 0):
 garbage-first heap   total 109568K, used 65268K [0x0000000080000000, 0x0000000100000000)
  region size 1024K, 9 young (9216K), 4 survivors (4096K)
 Metaspace       used 48586K, committed 49024K, reserved 1114112K
  class space    used 6461K, committed 6656K, reserved 1048576K
}
Event: 12.931 GC heap after
{Heap after GC invocations=24 (full 0):
 garbage-first heap   total 132096K, used 63848K [0x0000000080000000, 0x0000000100000000)
  region size 1024K, 2 young (2048K), 2 survivors (2048K)
 Metaspace       used 48586K, committed 49024K, reserved 1114112K
  class space    used 6461K, committed 6656K, reserved 1048576K
}

Dll operation events (3 events):
Event: 0.082 Loaded shared library C:\Program Files\Android\Android Studio\jbr\bin\java.dll
Event: 0.550 Loaded shared library C:\Program Files\Android\Android Studio\jbr\bin\zip.dll
Event: 2.369 Loaded shared library C:\Program Files\Android\Android Studio\jbr\bin\verify.dll

Deoptimization events (20 events):
Event: 12.673 Thread 0x000001c87150bb60 Uncommon trap: trap_request=0xffffff45 fr.pc=0x000001c85ced834c relative=0x00000000000000ac
Event: 12.673 Thread 0x000001c87150bb60 Uncommon trap: reason=unstable_if action=reinterpret pc=0x000001c85ced834c method=org.gradle.internal.agents.DefaultClassFileTransformer.transform(Ljava/lang/ClassLoader;Ljava/lang/String;Ljava/lang/Class;Ljava/security/ProtectionDomain;[B)[B @ 4 c2
Event: 12.673 Thread 0x000001c87150bb60 DEOPT PACKING pc=0x000001c85ced834c sp=0x00000098480f6530
Event: 12.673 Thread 0x000001c87150bb60 DEOPT UNPACKING pc=0x000001c85c7269a3 sp=0x00000098480f6448 mode 2
Event: 12.754 Thread 0x000001c87150bb60 Uncommon trap: trap_request=0xffffff76 fr.pc=0x000001c85ced7dc0 relative=0x00000000000001a0
Event: 12.754 Thread 0x000001c87150bb60 Uncommon trap: reason=predicate action=maybe_recompile pc=0x000001c85ced7dc0 method=sun.instrument.TransformerManager.transform(Ljava/lang/Module;Ljava/lang/ClassLoader;Ljava/lang/String;Ljava/lang/Class;Ljava/security/ProtectionDomain;[B)[B @ 21 c2
Event: 12.754 Thread 0x000001c87150bb60 DEOPT PACKING pc=0x000001c85ced7dc0 sp=0x00000098480f6820
Event: 12.754 Thread 0x000001c87150bb60 DEOPT UNPACKING pc=0x000001c85c7269a3 sp=0x00000098480f67c8 mode 2
Event: 12.754 Thread 0x000001c87150bb60 Uncommon trap: trap_request=0xffffff45 fr.pc=0x000001c85ced86a4 relative=0x00000000000000a4
Event: 12.754 Thread 0x000001c87150bb60 Uncommon trap: reason=unstable_if action=reinterpret pc=0x000001c85ced86a4 method=org.gradle.internal.agents.DefaultClassFileTransformer.transform(Ljava/lang/ClassLoader;Ljava/lang/String;Ljava/lang/Class;Ljava/security/ProtectionDomain;[B)[B @ 4 c2
Event: 12.754 Thread 0x000001c87150bb60 DEOPT PACKING pc=0x000001c85ced86a4 sp=0x00000098480f6700
Event: 12.754 Thread 0x000001c87150bb60 DEOPT UNPACKING pc=0x000001c85c7269a3 sp=0x00000098480f66a0 mode 2
Event: 13.017 Thread 0x000001c87150bb60 Uncommon trap: trap_request=0xffffff76 fr.pc=0x000001c85cef2cd4 relative=0x0000000000000194
Event: 13.017 Thread 0x000001c87150bb60 Uncommon trap: reason=predicate action=maybe_recompile pc=0x000001c85cef2cd4 method=java.util.Arrays.binarySearch0([Ljava/lang/Object;IILjava/lang/Object;Ljava/util/Comparator;)I @ 25 c2
Event: 13.017 Thread 0x000001c87150bb60 DEOPT PACKING pc=0x000001c85cef2cd4 sp=0x00000098480f6c70
Event: 13.017 Thread 0x000001c87150bb60 DEOPT UNPACKING pc=0x000001c85c7269a3 sp=0x00000098480f6b68 mode 2
Event: 13.017 Thread 0x000001c87150bb60 Uncommon trap: trap_request=0xffffff76 fr.pc=0x000001c85ceed154 relative=0x0000000000000194
Event: 13.017 Thread 0x000001c87150bb60 Uncommon trap: reason=predicate action=maybe_recompile pc=0x000001c85ceed154 method=java.util.Arrays.binarySearch0([Ljava/lang/Object;IILjava/lang/Object;Ljava/util/Comparator;)I @ 25 c2
Event: 13.017 Thread 0x000001c87150bb60 DEOPT PACKING pc=0x000001c85ceed154 sp=0x00000098480f6bd0
Event: 13.017 Thread 0x000001c87150bb60 DEOPT UNPACKING pc=0x000001c85c7269a3 sp=0x00000098480f6b60 mode 2

Classes unloaded (0 events):
No events

Classes redefined (0 events):
No events

Internal exceptions (20 events):
Event: 13.086 Thread 0x000001c87150bb60 Exception <a 'java/lang/ClassNotFoundException'{0x0000000087de1958}: org/jetbrains/plugins/gradle/tooling/builder/ScalaModelBuilderImplBeanInfo> (0x0000000087de1958) 
thrown [s\src\hotspot\share\classfile\systemDictionary.cpp, line 256]
Event: 13.087 Thread 0x000001c87150bb60 Exception <a 'java/lang/ClassNotFoundException'{0x0000000087deda90}: org/jetbrains/plugins/gradle/tooling/builder/ScalaModelBuilderImplCustomizer> (0x0000000087deda90) 
thrown [s\src\hotspot\share\classfile\systemDictionary.cpp, line 256]
Event: 13.100 Thread 0x000001c87150bb60 Exception <a 'java/lang/ClassNotFoundException'{0x0000000087c88310}: org/jetbrains/plugins/gradle/tooling/builder/ExternalProjectBuilderImpl$1BeanInfo> (0x0000000087c88310) 
thrown [s\src\hotspot\share\classfile\systemDictionary.cpp, line 256]
Event: 13.101 Thread 0x000001c87150bb60 Exception <a 'java/lang/ClassNotFoundException'{0x0000000087c938d8}: org/jetbrains/plugins/gradle/tooling/builder/ExternalProjectBuilderImpl$1Customizer> (0x0000000087c938d8) 
thrown [s\src\hotspot\share\classfile\systemDictionary.cpp, line 256]
Event: 13.119 Thread 0x000001c87150bb60 Exception <a 'java/lang/ClassNotFoundException'{0x0000000087b216f8}: org/jetbrains/plugins/gradle/tooling/builder/ExternalProjectBuilderImplBeanInfo> (0x0000000087b216f8) 
thrown [s\src\hotspot\share\classfile\systemDictionary.cpp, line 256]
Event: 13.120 Thread 0x000001c87150bb60 Exception <a 'java/lang/ClassNotFoundException'{0x0000000087b2cca8}: org/jetbrains/plugins/gradle/tooling/builder/ExternalProjectBuilderImplCustomizer> (0x0000000087b2cca8) 
thrown [s\src\hotspot\share\classfile\systemDictionary.cpp, line 256]
Event: 13.193 Thread 0x000001c87150bb60 Exception <a 'java/lang/ClassNotFoundException'{0x00000000879b52e0}: org/jetbrains/plugins/gradle/tooling/tasks/DependenciesReport$ReportGeneratorBeanInfo> (0x00000000879b52e0) 
thrown [s\src\hotspot\share\classfile\systemDictionary.cpp, line 256]
Event: 13.194 Thread 0x000001c87150bb60 Exception <a 'java/lang/ClassNotFoundException'{0x00000000879c08c0}: org/jetbrains/plugins/gradle/tooling/tasks/DependenciesReport$ReportGeneratorCustomizer> (0x00000000879c08c0) 
thrown [s\src\hotspot\share\classfile\systemDictionary.cpp, line 256]
Event: 13.200 Thread 0x000001c87150bb60 Exception <a 'java/lang/ClassNotFoundException'{0x00000000879f4228}: org/jetbrains/plugins/gradle/tooling/builder/DependencyGraphModelBuilderImplBeanInfo> (0x00000000879f4228) 
thrown [s\src\hotspot\share\classfile\systemDictionary.cpp, line 256]
Event: 13.201 Thread 0x000001c87150bb60 Exception <a 'java/lang/ClassNotFoundException'{0x00000000879ff800}: org/jetbrains/plugins/gradle/tooling/builder/DependencyGraphModelBuilderImplCustomizer> (0x00000000879ff800) 
thrown [s\src\hotspot\share\classfile\systemDictionary.cpp, line 256]
Event: 13.218 Thread 0x000001c87150bb60 Exception <a 'java/lang/ClassNotFoundException'{0x00000000878a9380}: org/jetbrains/plugins/gradle/tooling/builder/ExternalTestsModelBuilderImplBeanInfo> (0x00000000878a9380) 
thrown [s\src\hotspot\share\classfile\systemDictionary.cpp, line 256]
Event: 13.219 Thread 0x000001c87150bb60 Exception <a 'java/lang/ClassNotFoundException'{0x00000000878b4950}: org/jetbrains/plugins/gradle/tooling/builder/ExternalTestsModelBuilderImplCustomizer> (0x00000000878b4950) 
thrown [s\src\hotspot\share\classfile\systemDictionary.cpp, line 256]
Event: 13.301 Thread 0x000001c87150bb60 Exception <a 'java/lang/ClassNotFoundException'{0x0000000087632f38}: org/jetbrains/plugins/gradle/tooling/builder/ProjectExtensionsDataBuilderImplBeanInfo> (0x0000000087632f38) 
thrown [s\src\hotspot\share\classfile\systemDictionary.cpp, line 256]
Event: 13.303 Thread 0x000001c87150bb60 Exception <a 'java/lang/ClassNotFoundException'{0x000000008763e510}: org/jetbrains/plugins/gradle/tooling/builder/ProjectExtensionsDataBuilderImplCustomizer> (0x000000008763e510) 
thrown [s\src\hotspot\share\classfile\systemDictionary.cpp, line 256]
Event: 13.309 Thread 0x000001c87150bb60 Exception <a 'java/lang/ClassNotFoundException'{0x000000008766e508}: org/jetbrains/plugins/gradle/tooling/builder/IntelliJSettingsBuilderBeanInfo> (0x000000008766e508) 
thrown [s\src\hotspot\share\classfile\systemDictionary.cpp, line 256]
Event: 13.310 Thread 0x000001c87150bb60 Exception <a 'java/lang/ClassNotFoundException'{0x0000000087679a58}: org/jetbrains/plugins/gradle/tooling/builder/IntelliJSettingsBuilderCustomizer> (0x0000000087679a58) 
thrown [s\src\hotspot\share\classfile\systemDictionary.cpp, line 256]
Event: 13.315 Thread 0x000001c87150bb60 Exception <a 'java/lang/ClassNotFoundException'{0x00000000876a98a0}: org/jetbrains/plugins/gradle/tooling/builder/IntelliJProjectSettingsBuilderBeanInfo> (0x00000000876a98a0) 
thrown [s\src\hotspot\share\classfile\systemDictionary.cpp, line 256]
Event: 13.316 Thread 0x000001c87150bb60 Exception <a 'java/lang/ClassNotFoundException'{0x00000000876b4e70}: org/jetbrains/plugins/gradle/tooling/builder/IntelliJProjectSettingsBuilderCustomizer> (0x00000000876b4e70) 
thrown [s\src\hotspot\share\classfile\systemDictionary.cpp, line 256]
Event: 13.326 Thread 0x000001c87150bb60 Exception <a 'java/lang/ClassNotFoundException'{0x00000000876e8200}: org/jetbrains/plugins/gradle/tooling/builder/DependencyAccessorsModelBuilderBeanInfo> (0x00000000876e8200) 
thrown [s\src\hotspot\share\classfile\systemDictionary.cpp, line 256]
Event: 13.327 Thread 0x000001c87150bb60 Exception <a 'java/lang/ClassNotFoundException'{0x00000000876f37d8}: org/jetbrains/plugins/gradle/tooling/builder/DependencyAccessorsModelBuilderCustomizer> (0x00000000876f37d8) 
thrown [s\src\hotspot\share\classfile\systemDictionary.cpp, line 256]

VM Operations (20 events):
Event: 11.691 Executing VM operation: HandshakeAllThreads
Event: 11.691 Executing VM operation: HandshakeAllThreads done
Event: 11.904 Executing VM operation: HandshakeAllThreads
Event: 11.905 Executing VM operation: HandshakeAllThreads done
Event: 12.209 Executing VM operation: G1CollectForAllocation
Event: 12.215 Executing VM operation: G1CollectForAllocation done
Event: 12.713 Executing VM operation: HandshakeAllThreads
Event: 12.713 Executing VM operation: HandshakeAllThreads done
Event: 12.818 Executing VM operation: G1TryInitiateConcMark
Event: 12.825 Executing VM operation: G1TryInitiateConcMark done
Event: 12.861 Executing VM operation: G1Concurrent
Event: 12.866 Executing VM operation: G1Concurrent done
Event: 12.881 Executing VM operation: G1Concurrent
Event: 12.881 Executing VM operation: G1Concurrent done
Event: 12.926 Executing VM operation: G1TryInitiateConcMark
Event: 12.931 Executing VM operation: G1TryInitiateConcMark done
Event: 12.965 Executing VM operation: G1Concurrent
Event: 12.968 Executing VM operation: G1Concurrent done
Event: 12.986 Executing VM operation: G1Concurrent
Event: 12.986 Executing VM operation: G1Concurrent done

Events (20 events):
Event: 12.796 loading class java/security/SecureClassLoaderBeanInfo
Event: 12.796 loading class java/security/SecureClassLoaderBeanInfo done
Event: 12.796 loading class java/lang/ClassLoaderBeanInfo
Event: 12.796 loading class java/lang/ClassLoaderBeanInfo done
Event: 12.796 loading class java/lang/ClassLoaderBeanInfo
Event: 12.796 loading class java/lang/ClassLoaderBeanInfo done
Event: 12.796 loading class java/lang/ClassLoaderCustomizer
Event: 12.796 loading class java/lang/ClassLoaderCustomizer done
Event: 12.797 loading class java/lang/ClassLoaderCustomizer
Event: 12.797 loading class java/lang/ClassLoaderCustomizer done
Event: 12.798 loading class java/security/SecureClassLoaderCustomizer
Event: 12.798 loading class java/security/SecureClassLoaderCustomizer done
Event: 12.798 loading class java/security/SecureClassLoaderCustomizer
Event: 12.798 loading class java/security/SecureClassLoaderCustomizer done
Event: 12.799 loading class java/net/URLClassLoaderCustomizer
Event: 12.799 loading class java/net/URLClassLoaderCustomizer done
Event: 12.799 loading class java/net/URLClassLoaderCustomizer
Event: 12.799 loading class java/net/URLClassLoaderCustomizer done
Event: 13.321 loading class java/net/UnknownServiceException
Event: 13.321 loading class java/net/UnknownServiceException done


Dynamic libraries:
0x00007ff73dc80000 - 0x00007ff73dc8a000 	C:\Program Files\Android\Android Studio\jbr\bin\java.exe
0x00007ffe28c30000 - 0x00007ffe28e28000 	C:\WINDOWS\SYSTEM32\ntdll.dll
0x00007ffe28670000 - 0x00007ffe2872d000 	C:\WINDOWS\System32\KERNEL32.DLL
0x00007ffe26310000 - 0x00007ffe26606000 	C:\WINDOWS\System32\KERNELBASE.dll
0x00007ffe26610000 - 0x00007ffe26710000 	C:\WINDOWS\System32\ucrtbase.dll
0x00007ffdfade0000 - 0x00007ffdfadf7000 	C:\Program Files\Android\Android Studio\jbr\bin\jli.dll
0x00007ffe1dd70000 - 0x00007ffe1dd8b000 	C:\Program Files\Android\Android Studio\jbr\bin\VCRUNTIME140.dll
0x00007ffe27ab0000 - 0x00007ffe27c4e000 	C:\WINDOWS\System32\USER32.dll
0x00007ffe26b00000 - 0x00007ffe26b22000 	C:\WINDOWS\System32\win32u.dll
0x00007ffe28980000 - 0x00007ffe289ac000 	C:\WINDOWS\System32\GDI32.dll
0x00007ffe269b0000 - 0x00007ffe26aca000 	C:\WINDOWS\System32\gdi32full.dll
0x00007ffe26710000 - 0x00007ffe267ad000 	C:\WINDOWS\System32\msvcp_win.dll
0x00007ffe25690000 - 0x00007ffe2592a000 	C:\WINDOWS\WinSxS\amd64_microsoft.windows.common-controls_6595b64144ccf1df_6.0.19041.1110_none_60b5254171f9507e\COMCTL32.dll
0x00007ffe281e0000 - 0x00007ffe2827e000 	C:\WINDOWS\System32\msvcrt.dll
0x00007ffe285b0000 - 0x00007ffe285e0000 	C:\WINDOWS\System32\IMM32.DLL
0x00007ffe1efc0000 - 0x00007ffe1efcc000 	C:\Program Files\Android\Android Studio\jbr\bin\vcruntime140_1.dll
0x00007ffe17270000 - 0x00007ffe172fd000 	C:\Program Files\Android\Android Studio\jbr\bin\msvcp140.dll
0x00007ffdb9410000 - 0x00007ffdba090000 	C:\Program Files\Android\Android Studio\jbr\bin\server\jvm.dll
0x00007ffe273e0000 - 0x00007ffe2748e000 	C:\WINDOWS\System32\ADVAPI32.dll
0x00007ffe28880000 - 0x00007ffe2891c000 	C:\WINDOWS\System32\sechost.dll
0x00007ffe28280000 - 0x00007ffe283a6000 	C:\WINDOWS\System32\RPCRT4.dll
0x00007ffe1b6a0000 - 0x00007ffe1b6c7000 	C:\WINDOWS\SYSTEM32\WINMM.dll
0x00007ffe1b6d0000 - 0x00007ffe1b6da000 	C:\WINDOWS\SYSTEM32\VERSION.dll
0x00007ffe242a0000 - 0x00007ffe242a9000 	C:\WINDOWS\SYSTEM32\WSOCK32.dll
0x00007ffe27a30000 - 0x00007ffe27a9b000 	C:\WINDOWS\System32\WS2_32.dll
0x00007ffe23e60000 - 0x00007ffe23e72000 	C:\WINDOWS\SYSTEM32\kernel.appcore.dll
0x00007ffe24290000 - 0x00007ffe2429a000 	C:\Program Files\Android\Android Studio\jbr\bin\jimage.dll
0x00007ffe25c20000 - 0x00007ffe25e04000 	C:\WINDOWS\SYSTEM32\DBGHELP.DLL
0x00007ffe25a40000 - 0x00007ffe25a74000 	C:\WINDOWS\SYSTEM32\dbgcore.DLL
0x00007ffe267b0000 - 0x00007ffe26832000 	C:\WINDOWS\System32\bcryptPrimitives.dll
0x00007ffe1efd0000 - 0x00007ffe1efde000 	C:\Program Files\Android\Android Studio\jbr\bin\instrument.dll
0x00007ffdfb040000 - 0x00007ffdfb065000 	C:\Program Files\Android\Android Studio\jbr\bin\java.dll
0x00007ffe24270000 - 0x00007ffe24288000 	C:\Program Files\Android\Android Studio\jbr\bin\zip.dll
0x00007ffe26c90000 - 0x00007ffe273d5000 	C:\WINDOWS\System32\SHELL32.dll
0x00007ffe23160000 - 0x00007ffe238fb000 	C:\WINDOWS\SYSTEM32\windows.storage.dll
0x00007ffe27cc0000 - 0x00007ffe28014000 	C:\WINDOWS\System32\combase.dll
0x00007ffe255f0000 - 0x00007ffe2561e000 	C:\WINDOWS\SYSTEM32\Wldp.dll
0x00007ffe27980000 - 0x00007ffe27a2d000 	C:\WINDOWS\System32\SHCORE.dll
0x00007ffe289b0000 - 0x00007ffe28a05000 	C:\WINDOWS\System32\shlwapi.dll
0x00007ffe26240000 - 0x00007ffe26265000 	C:\WINDOWS\SYSTEM32\profapi.dll
0x00007ffe05d20000 - 0x00007ffe05d39000 	C:\Program Files\Android\Android Studio\jbr\bin\net.dll
0x00007ffe1bc80000 - 0x00007ffe1bd8a000 	C:\WINDOWS\SYSTEM32\WINHTTP.dll
0x00007ffe252d0000 - 0x00007ffe2533a000 	C:\WINDOWS\system32\mswsock.dll
0x00007ffdfb020000 - 0x00007ffdfb036000 	C:\Program Files\Android\Android Studio\jbr\bin\nio.dll
0x00007ffdfb010000 - 0x00007ffdfb020000 	C:\Program Files\Android\Android Studio\jbr\bin\verify.dll
0x00007ffdf6ea0000 - 0x00007ffdf6ec7000 	C:\Users\james\.gradle\native\68d5fa5c4cc2d200863cafc0d521ce42e7d3e7ee720ec0a83991735586a16f82\windows-amd64\native-platform.dll
0x00007ffe17120000 - 0x00007ffe17264000 	C:\Users\james\.gradle\native\e376f236ea51e6404a007f0833ffe2c6e607c4080706a723a18a27aeea778392\windows-amd64\native-platform-file-events.dll
0x00007ffdfaff0000 - 0x00007ffdfaff9000 	C:\Program Files\Android\Android Studio\jbr\bin\management.dll
0x00007ffdfafe0000 - 0x00007ffdfafeb000 	C:\Program Files\Android\Android Studio\jbr\bin\management_ext.dll
0x00007ffe27cb0000 - 0x00007ffe27cb8000 	C:\WINDOWS\System32\PSAPI.DLL
0x00007ffe25fb0000 - 0x00007ffe25fc8000 	C:\WINDOWS\SYSTEM32\CRYPTSP.dll
0x00007ffe24cc0000 - 0x00007ffe24cf4000 	C:\WINDOWS\system32\rsaenh.dll
0x00007ffe26ad0000 - 0x00007ffe26af7000 	C:\WINDOWS\System32\bcrypt.dll
0x00007ffe26200000 - 0x00007ffe2622e000 	C:\WINDOWS\SYSTEM32\USERENV.dll
0x00007ffe25500000 - 0x00007ffe2550c000 	C:\WINDOWS\SYSTEM32\CRYPTBASE.dll
0x00007ffe25040000 - 0x00007ffe2507b000 	C:\WINDOWS\SYSTEM32\IPHLPAPI.DLL
0x00007ffe27aa0000 - 0x00007ffe27aa8000 	C:\WINDOWS\System32\NSI.dll
0x00007ffe18a20000 - 0x00007ffe18a37000 	C:\WINDOWS\SYSTEM32\dhcpcsvc6.DLL
0x00007ffe1b950000 - 0x00007ffe1b96d000 	C:\WINDOWS\SYSTEM32\dhcpcsvc.DLL
0x00007ffe25080000 - 0x00007ffe2514a000 	C:\WINDOWS\SYSTEM32\DNSAPI.dll
0x00007ffdfb000000 - 0x00007ffdfb007000 	C:\WINDOWS\system32\wshunix.dll

dbghelp: loaded successfully - version: 4.0.5 - missing functions: none
symbol engine: initialized successfully - sym options: 0x614 - pdb path: .;C:\Program Files\Android\Android Studio\jbr\bin;C:\WINDOWS\SYSTEM32;C:\WINDOWS\WinSxS\amd64_microsoft.windows.common-controls_6595b64144ccf1df_6.0.19041.1110_none_60b5254171f9507e;C:\Program Files\Android\Android Studio\jbr\bin\server;C:\Users\james\.gradle\native\68d5fa5c4cc2d200863cafc0d521ce42e7d3e7ee720ec0a83991735586a16f82\windows-amd64;C:\Users\james\.gradle\native\e376f236ea51e6404a007f0833ffe2c6e607c4080706a723a18a27aeea778392\windows-amd64

VM Arguments:
jvm_args: --add-opens=java.base/java.util=ALL-UNNAMED --add-opens=java.base/java.lang=ALL-UNNAMED --add-opens=java.base/java.lang.invoke=ALL-UNNAMED --add-opens=java.prefs/java.util.prefs=ALL-UNNAMED --add-opens=java.base/java.nio.charset=ALL-UNNAMED --add-opens=java.base/java.net=ALL-UNNAMED --add-opens=java.base/java.util.concurrent.atomic=ALL-UNNAMED -Xmx2048m -Dfile.encoding=UTF-8 -Duser.country=TR -Duser.language=tr -Duser.variant -javaagent:C:\Users\james\.gradle\wrapper\dists\gradle-8.2-bin\bbg7u40eoinfdyxsxr3z4i7ta\gradle-8.2\lib\agents\gradle-instrumentation-agent-8.2.jar 
java_command: org.gradle.launcher.daemon.bootstrap.GradleDaemon 8.2
java_class_path (initial): C:\Users\james\.gradle\wrapper\dists\gradle-8.2-bin\bbg7u40eoinfdyxsxr3z4i7ta\gradle-8.2\lib\gradle-launcher-8.2.jar
Launcher Type: SUN_STANDARD

[Global flags]
     intx CICompilerCount                          = 4                                         {product} {ergonomic}
     uint ConcGCThreads                            = 2                                         {product} {ergonomic}
     uint G1ConcRefinementThreads                  = 8                                         {product} {ergonomic}
   size_t G1HeapRegionSize                         = 1048576                                   {product} {ergonomic}
    uintx GCDrainStackTargetSize                   = 64                                        {product} {ergonomic}
   size_t InitialHeapSize                          = 117440512                                 {product} {ergonomic}
   size_t MarkStackSize                            = 4194304                                   {product} {ergonomic}
   size_t MaxHeapSize                              = 2147483648                                {product} {command line}
   size_t MaxNewSize                               = 1287651328                                {product} {ergonomic}
   size_t MinHeapDeltaBytes                        = 1048576                                   {product} {ergonomic}
   size_t MinHeapSize                              = 8388608                                   {product} {ergonomic}
    uintx NonNMethodCodeHeapSize                   = 5839372                                {pd product} {ergonomic}
    uintx NonProfiledCodeHeapSize                  = 122909434                              {pd product} {ergonomic}
    uintx ProfiledCodeHeapSize                     = 122909434                              {pd product} {ergonomic}
    uintx ReservedCodeCacheSize                    = 251658240                              {pd product} {ergonomic}
     bool SegmentedCodeCache                       = true                                      {product} {ergonomic}
   size_t SoftMaxHeapSize                          = 2147483648                             {manageable} {ergonomic}
     bool UseCompressedClassPointers               = true                           {product lp64_product} {ergonomic}
     bool UseCompressedOops                        = true                           {product lp64_product} {ergonomic}
     bool UseG1GC                                  = true                                      {product} {ergonomic}
     bool UseLargePagesIndividualAllocation        = false                                  {pd product} {ergonomic}

Logging:
Log output configuration:
 #0: stdout all=warning uptime,level,tags
 #1: stderr all=off uptime,level,tags

Environment Variables:
PATH=C:\Program Files\Common Files\Oracle\Java\javapath;C:\WINDOWS\system32;C:\WINDOWS;C:\WINDOWS\System32\Wbem;C:\WINDOWS\System32\WindowsPowerShell\v1.0\;C:\WINDOWS\System32\OpenSSH\;C:\Program Files\Git\cmd;C:\Users\james\AppData\Local\Programs\Python\Python38\Scripts\;C:\Users\james\AppData\Local\Programs\Python\Python38\;C:\Users\james\AppData\Local\Microsoft\WindowsApps;D:\VSCODE\Microsoft VS Code\bin;C:\Users\james\AppData\Local\GitHubDesktop\bin
USERNAME=james
OS=Windows_NT
PROCESSOR_IDENTIFIER=AMD64 Family 23 Model 24 Stepping 1, AuthenticAMD
TMP=C:\Users\james\AppData\Local\Temp
TEMP=C:\Users\james\AppData\Local\Temp


JNI global refs:
JNI global refs: 27, weak refs: 1

JNI global refs memory usage: 843, weak refs: 841

OOME stack traces (most recent first):
Classloader memory used:
Loader org.gradle.internal.classloader.VisitableURLClassLoader                         : 2963K
Loader bootstrap                                                                       : 2392K
Loader org.gradle.initialization.MixInLegacyTypesClassLoader                           : 685K
Loader org.gradle.internal.classloader.VisitableURLClassLoader$InstrumentingVisitableURLClassLoader: 75881B
Loader jdk.internal.loader.ClassLoaders$PlatformClassLoader                            : 67050B
Loader org.gradle.internal.classloader.VisitableURLClassLoader                         : 52256B
Loader jdk.internal.loader.ClassLoaders$AppClassLoader                                 : 28352B
Loader jdk.internal.reflect.DelegatingClassLoader                                      : 25864B
Loader org.gradle.groovy.scripts.internal.DefaultScriptCompilationHandler$ScriptClassLoader: 11559B
Loader org.codehaus.groovy.runtime.callsite.CallSiteClassLoader                        : 6136B

Classes loaded by more than one classloader:
Class org.gradle.api.GradleException                                                  : loaded 3 times (x 80B)
Class org.gradle.util.GradleVersion                                                   : loaded 2 times (x 81B)
Class org.jetbrains.plugins.gradle.model.MavenRepositoryModel                         : loaded 2 times (x 68B)
Class org.gradle.internal.classpath.ClassPath                                         : loaded 2 times (x 68B)
Class org.gradle.api.internal.classpath.DefaultModuleRegistry                         : loaded 2 times (x 84B)
Class com.intellij.openapi.externalSystem.model.ExternalSystemException               : loaded 2 times (x 84B)
Class org.gradle.api.Action                                                           : loaded 2 times (x 68B)
Class org.jetbrains.plugins.gradle.model.ExternalProject                              : loaded 2 times (x 68B)
Class org.gradle.api.internal.DefaultClassPathProvider                                : loaded 2 times (x 74B)
Class org.gradle.internal.installation.GradleInstallation$1                           : loaded 2 times (x 73B)
Class org.gradle.internal.exceptions.DefaultMultiCauseException                       : loaded 2 times (x 85B)
Class org.gradle.internal.time.MonotonicClock                                         : loaded 2 times (x 75B)
Class org.gradle.internal.classloader.FilteringClassLoader                            : loaded 2 times (x 102B)
Class org.gradle.tooling.model.Model                                                  : loaded 2 times (x 68B)
Class org.gradle.internal.classpath.DefaultClassPath$ImmutableUniqueList$Builder      : loaded 2 times (x 73B)
Class org.gradle.internal.classloader.ClassLoaderVisitor                              : loaded 2 times (x 74B)
Class org.gradle.internal.time.DefaultCountdownTimer                                  : loaded 2 times (x 86B)
Class org.gradle.internal.service.DefaultServiceLocator                               : loaded 2 times (x 81B)
Class org.gradle.internal.service.UnknownServiceException                             : loaded 2 times (x 81B)
Class org.gradle.internal.classloader.DefaultClassLoaderFactory                       : loaded 2 times (x 80B)
Class org.gradle.internal.classloader.VisitableURLClassLoader$Spec                    : loaded 2 times (x 72B)
Class org.gradle.tooling.model.ProjectModel                                           : loaded 2 times (x 68B)
Class org.gradle.internal.installation.GradleInstallation                             : loaded 2 times (x 73B)
Class org.gradle.api.internal.classpath.ModuleRegistry                                : loaded 2 times (x 68B)
Class org.jetbrains.plugins.gradle.model.RepositoriesModel                            : loaded 2 times (x 68B)
Class org.gradle.api.internal.ClassPathProvider                                       : loaded 2 times (x 68B)
Class org.gradle.internal.classloader.ClasspathUtil$1                                 : loaded 2 times (x 74B)
Class org.gradle.internal.classloader.ClassLoaderFactory                              : loaded 2 times (x 68B)
Class org.gradle.api.internal.classpath.ManifestUtil                                  : loaded 2 times (x 69B)
Class org.gradle.api.specs.Spec                                                       : loaded 2 times (x 68B)
Class org.gradle.internal.IoActions                                                   : loaded 2 times (x 69B)
Class org.gradle.api.internal.classpath.EffectiveClassPath                            : loaded 2 times (x 88B)
Class org.gradle.internal.installation.CurrentGradleInstallation                      : loaded 2 times (x 71B)
Class org.gradle.internal.agents.InstrumentingClassLoader                             : loaded 2 times (x 68B)
Class org.gradle.internal.installation.CurrentGradleInstallationLocator               : loaded 2 times (x 69B)
Class org.gradle.api.internal.classpath.Module                                        : loaded 2 times (x 68B)
Class org.gradle.internal.service.CachingServiceLocator                               : loaded 2 times (x 80B)
Class org.gradle.internal.time.Timer                                                  : loaded 2 times (x 68B)
Class org.gradle.internal.classpath.DefaultClassPath                                  : loaded 2 times (x 88B)
Class sync_studio_tooling535_b9p0f16wwdtc0ebhglbhqa3ey                                : loaded 2 times (x 177B)
Class sync_studio_tooling535_b9p0f16wwdtc0ebhglbhqa3ey$_run_closure1                  : loaded 2 times (x 134B)
Class org.gradle.internal.time.Time                                                   : loaded 2 times (x 69B)
Class org.gradle.internal.time.TimeSource$1                                           : loaded 2 times (x 75B)
Class org.gradle.internal.classloader.SystemClassLoaderSpec                           : loaded 2 times (x 69B)
Class kotlin.Function                                                                 : loaded 2 times (x 68B)
Class org.gradle.api.UncheckedIOException                                             : loaded 2 times (x 80B)
Class org.gradle.internal.time.CountdownTimer                                         : loaded 2 times (x 68B)
Class org.gradle.internal.time.Clock                                                  : loaded 2 times (x 68B)
Class org.gradle.internal.classloader.ClasspathUtil                                   : loaded 2 times (x 69B)
Class org.gradle.api.internal.DefaultClassPathRegistry                                : loaded 2 times (x 74B)
Class org.gradle.api.internal.classpath.DefaultModuleRegistry$DefaultModule           : loaded 2 times (x 84B)
Class org.gradle.internal.time.TimeSource                                             : loaded 2 times (x 68B)
Class org.gradle.api.internal.classpath.UnknownModuleException                        : loaded 2 times (x 80B)
Class org.gradle.internal.service.ServiceLookupException                              : loaded 2 times (x 80B)
Class org.gradle.cache.GlobalCache                                                    : loaded 2 times (x 68B)
Class [Lorg.gradle.api.internal.ClassPathProvider;                                    : loaded 2 times (x 67B)
Class org.gradle.internal.operations.MultipleBuildOperationFailures                   : loaded 2 times (x 85B)
Class org.gradle.util.internal.GUtil                                                  : loaded 2 times (x 69B)
Class org.gradle.internal.classloader.ClassLoaderSpec                                 : loaded 2 times (x 69B)
Class org.gradle.internal.classloader.VisitableURLClassLoader                         : loaded 2 times (x 114B)
Class org.gradle.internal.Cast                                                        : loaded 2 times (x 69B)
Class org.gradle.api.internal.ClassPathRegistry                                       : loaded 2 times (x 68B)
Class org.gradle.internal.classloader.VisitableURLClassLoader$InstrumentingVisitableURLClassLoader: loaded 2 times (x 120B)
Class org.gradle.internal.classloader.ClassLoaderHierarchy                            : loaded 2 times (x 68B)
Class org.gradle.internal.exceptions.MultiCauseException                              : loaded 2 times (x 68B)
Class org.gradle.internal.InternalTransformer                                         : loaded 2 times (x 68B)
Class org.gradle.internal.service.ServiceLocator                                      : loaded 2 times (x 68B)
Class org.gradle.internal.classpath.DefaultClassPath$ImmutableUniqueList              : loaded 2 times (x 159B)
Class org.gradle.internal.time.DefaultTimer                                           : loaded 2 times (x 78B)
Class org.gradle.internal.classpath.TransformedClassPath                              : loaded 2 times (x 94B)
Class ijinit_9de32bpt2pb9m6sq2dw59voza                                                : loaded 2 times (x 177B)


---------------  S Y S T E M  ---------------

OS:
 Windows 10 , 64 bit Build 19041 (10.0.19041.3393)
OS uptime: 2 days 16:25 hours

CPU: total 8 (initial active 8) (8 cores per cpu, 2 threads per core) family 23 model 24 stepping 1 microcode 0x0, cx8, cmov, fxsr, ht, mmx, 3dnowpref, sse, sse2, sse3, ssse3, sse4a, sse4.1, sse4.2, popcnt, lzcnt, tsc, tscinvbit, avx, avx2, aes, clmul, bmi1, bmi2, adx, sha, fma, vzeroupper, clflush, clflushopt

Memory: 4k page, system-wide physical 7103M (417M free)
TotalPageFile size 17343M (AvailPageFile size 2M)
current process WorkingSet (physical memory assigned to process): 282M, peak: 282M
current process commit charge ("private bytes"): 326M, peak: 328M

vm_info: OpenJDK 64-Bit Server VM (17.0.7+0-b2043.56-10550314) for windows-amd64 JRE (17.0.7+0-b2043.56-10550314), built on Jul 24 2023 18:27:45 by "androidbuild" with MS VC++ 16.10 / 16.11 (VS2019)

END.
